[2020-10-14 14:26:45] local.ERROR: Too few arguments to function App\Http\Controllers\TeamController::update(), 1 passed and exactly 2 expected {"userId":"648b5f34-eb0f-4454-a4ab-eef34b92b304","exception":"[object] (Symfony\\Component\\Debug\\Exception\\FatalThrowableError(code: 0): Too few arguments to function App\\Http\\Controllers\\TeamController::update(), 1 passed and exactly 2 expected at E:\\Work\\laravel-vuetify\\app\\Http\\Controllers\\TeamController.php:31)
[stacktrace]
#0 [internal function]: App\\Http\\Controllers\\TeamController->update()
#1 E:\\Work\\laravel-vuetify\\vendor\\laravel\\framework\\src\\Illuminate\\Routing\\Controller.php(54): call_user_func_array()
#2 E:\\Work\\laravel-vuetify\\vendor\\laravel\\framework\\src\\Illuminate\\Routing\\ControllerDispatcher.php(45): Illuminate\\Routing\\Controller->callAction()
#3 E:\\Work\\laravel-vuetify\\vendor\\laravel\\framework\\src\\Illuminate\\Routing\\Route.php(219): Illuminate\\Routing\\ControllerDispatcher->dispatch()
#4 E:\\Work\\laravel-vuetify\\vendor\\laravel\\framework\\src\\Illuminate\\Routing\\Route.php(176): Illuminate\\Routing\\Route->runController()
#5 E:\\Work\\laravel-vuetify\\vendor\\laravel\\framework\\src\\Illuminate\\Routing\\Router.php(680): Illuminate\\Routing\\Route->run()
#6 E:\\Work\\laravel-vuetify\\vendor\\laravel\\framework\\src\\Illuminate\\Pipeline\\Pipeline.php(130): Illuminate\\Routing\\Router->Illuminate\\Routing\\{closure}()
#7 E:\\Work\\laravel-vuetify\\vendor\\tymon\\jwt-auth\\src\\Http\\Middleware\\Authenticate.php(32): Illuminate\\Pipeline\\Pipeline->Illuminate\\Pipeline\\{closure}()
#8 E:\\Work\\laravel-vuetify\\vendor\\laravel\\framework\\src\\Illuminate\\Pipeline\\Pipeline.php(171): Tymon\\JWTAuth\\Http\\Middleware\\Authenticate->handle()
#9 E:\\Work\\laravel-vuetify\\vendor\\laravel\\framework\\src\\Illuminate\\Routing\\Middleware\\SubstituteBindings.php(41): Illuminate\\Pipeline\\Pipeline->Illuminate\\Pipeline\\{closure}()
#10 E:\\Work\\laravel-vuetify\\vendor\\laravel\\framework\\src\\Illuminate\\Pipeline\\Pipeline.php(171): Illuminate\\Routing\\Middleware\\SubstituteBindings->handle()
#11 E:\\Work\\laravel-vuetify\\vendor\\laravel\\framework\\src\\Illuminate\\Routing\\Middleware\\ThrottleRequests.php(59): Illuminate\\Pipeline\\Pipeline->Illuminate\\Pipeline\\{closure}()
#12 E:\\Work\\laravel-vuetify\\vendor\\laravel\\framework\\src\\Illuminate\\Pipeline\\Pipeline.php(171): Illuminate\\Routing\\Middleware\\ThrottleRequests->handle()
#13 E:\\Work\\laravel-vuetify\\vendor\\laravel\\framework\\src\\Illuminate\\Pipeline\\Pipeline.php(105): Illuminate\\Pipeline\\Pipeline->Illuminate\\Pipeline\\{closure}()
#14 E:\\Work\\laravel-vuetify\\vendor\\laravel\\framework\\src\\Illuminate\\Routing\\Router.php(682): Illuminate\\Pipeline\\Pipeline->then()
#15 E:\\Work\\laravel-vuetify\\vendor\\laravel\\framework\\src\\Illuminate\\Routing\\Router.php(657): Illuminate\\Routing\\Router->runRouteWithinStack()
#16 E:\\Work\\laravel-vuetify\\vendor\\laravel\\framework\\src\\Illuminate\\Routing\\Router.php(623): Illuminate\\Routing\\Router->runRoute()
#17 E:\\Work\\laravel-vuetify\\vendor\\laravel\\framework\\src\\Illuminate\\Routing\\Router.php(612): Illuminate\\Routing\\Router->dispatchToRoute()
#18 E:\\Work\\laravel-vuetify\\vendor\\laravel\\framework\\src\\Illuminate\\Foundation\\Http\\Kernel.php(176): Illuminate\\Routing\\Router->dispatch()
#19 E:\\Work\\laravel-vuetify\\vendor\\laravel\\framework\\src\\Illuminate\\Pipeline\\Pipeline.php(130): Illuminate\\Foundation\\Http\\Kernel->Illuminate\\Foundation\\Http\\{closure}()
#20 E:\\Work\\laravel-vuetify\\vendor\\fideloper\\proxy\\src\\TrustProxies.php(57): Illuminate\\Pipeline\\Pipeline->Illuminate\\Pipeline\\{closure}()
#21 E:\\Work\\laravel-vuetify\\vendor\\laravel\\framework\\src\\Illuminate\\Pipeline\\Pipeline.php(171): Fideloper\\Proxy\\TrustProxies->handle()
#22 E:\\Work\\laravel-vuetify\\vendor\\laravel\\framework\\src\\Illuminate\\Foundation\\Http\\Middleware\\TransformsRequest.php(21): Illuminate\\Pipeline\\Pipeline->Illuminate\\Pipeline\\{closure}()
#23 E:\\Work\\laravel-vuetify\\vendor\\laravel\\framework\\src\\Illuminate\\Pipeline\\Pipeline.php(171): Illuminate\\Foundation\\Http\\Middleware\\TransformsRequest->handle()
#24 E:\\Work\\laravel-vuetify\\vendor\\laravel\\framework\\src\\Illuminate\\Foundation\\Http\\Middleware\\TransformsRequest.php(21): Illuminate\\Pipeline\\Pipeline->Illuminate\\Pipeline\\{closure}()
#25 E:\\Work\\laravel-vuetify\\vendor\\laravel\\framework\\src\\Illuminate\\Pipeline\\Pipeline.php(171): Illuminate\\Foundation\\Http\\Middleware\\TransformsRequest->handle()
#26 E:\\Work\\laravel-vuetify\\vendor\\laravel\\framework\\src\\Illuminate\\Foundation\\Http\\Middleware\\ValidatePostSize.php(27): Illuminate\\Pipeline\\Pipeline->Illuminate\\Pipeline\\{closure}()
#27 E:\\Work\\laravel-vuetify\\vendor\\laravel\\framework\\src\\Illuminate\\Pipeline\\Pipeline.php(171): Illuminate\\Foundation\\Http\\Middleware\\ValidatePostSize->handle()
#28 E:\\Work\\laravel-vuetify\\vendor\\laravel\\framework\\src\\Illuminate\\Foundation\\Http\\Middleware\\CheckForMaintenanceMode.php(62): Illuminate\\Pipeline\\Pipeline->Illuminate\\Pipeline\\{closure}()
#29 E:\\Work\\laravel-vuetify\\vendor\\laravel\\framework\\src\\Illuminate\\Pipeline\\Pipeline.php(171): Illuminate\\Foundation\\Http\\Middleware\\CheckForMaintenanceMode->handle()
#30 E:\\Work\\laravel-vuetify\\vendor\\laravel\\framework\\src\\Illuminate\\Pipeline\\Pipeline.php(105): Illuminate\\Pipeline\\Pipeline->Illuminate\\Pipeline\\{closure}()
#31 E:\\Work\\laravel-vuetify\\vendor\\laravel\\framework\\src\\Illuminate\\Foundation\\Http\\Kernel.php(151): Illuminate\\Pipeline\\Pipeline->then()
#32 E:\\Work\\laravel-vuetify\\vendor\\laravel\\framework\\src\\Illuminate\\Foundation\\Http\\Kernel.php(116): Illuminate\\Foundation\\Http\\Kernel->sendRequestThroughRouter()
#33 E:\\Work\\laravel-vuetify\\public\\index.php(55): Illuminate\\Foundation\\Http\\Kernel->handle()
#34 E:\\Work\\laravel-vuetify\\server.php(21): require_once('E:\\\\Work\\\\laravel...')
#35 {main}
"} 
[2020-10-14 16:19:50] local.ERROR: The token has been blacklisted {"exception":"[object] (Tymon\\JWTAuth\\Exceptions\\TokenBlacklistedException(code: 0): The token has been blacklisted at E:\\Work\\laravel-vuetify\\vendor\\tymon\\jwt-auth\\src\\Manager.php:109)
[stacktrace]
#0 E:\\Work\\laravel-vuetify\\vendor\\tymon\\jwt-auth\\src\\Manager.php(128): Tymon\\JWTAuth\\Manager->decode()
#1 E:\\Work\\laravel-vuetify\\vendor\\tymon\\jwt-auth\\src\\JWT.php(106): Tymon\\JWTAuth\\Manager->refresh()
#2 E:\\Work\\laravel-vuetify\\vendor\\tymon\\jwt-auth\\src\\JWTGuard.php(173): Tymon\\JWTAuth\\JWT->refresh()
#3 E:\\Work\\laravel-vuetify\\vendor\\laravel\\framework\\src\\Illuminate\\Auth\\AuthManager.php(297): Tymon\\JWTAuth\\JWTGuard->refresh()
#4 E:\\Work\\laravel-vuetify\\app\\Http\\Controllers\\Auth\\LoginController.php(60): Illuminate\\Auth\\AuthManager->__call()
#5 [internal function]: App\\Http\\Controllers\\Auth\\LoginController->refresh()
#6 E:\\Work\\laravel-vuetify\\vendor\\laravel\\framework\\src\\Illuminate\\Routing\\Controller.php(54): call_user_func_array()
#7 E:\\Work\\laravel-vuetify\\vendor\\laravel\\framework\\src\\Illuminate\\Routing\\ControllerDispatcher.php(45): Illuminate\\Routing\\Controller->callAction()
#8 E:\\Work\\laravel-vuetify\\vendor\\laravel\\framework\\src\\Illuminate\\Routing\\Route.php(219): Illuminate\\Routing\\ControllerDispatcher->dispatch()
#9 E:\\Work\\laravel-vuetify\\vendor\\laravel\\framework\\src\\Illuminate\\Routing\\Route.php(176): Illuminate\\Routing\\Route->runController()
#10 E:\\Work\\laravel-vuetify\\vendor\\laravel\\framework\\src\\Illuminate\\Routing\\Router.php(680): Illuminate\\Routing\\Route->run()
#11 E:\\Work\\laravel-vuetify\\vendor\\laravel\\framework\\src\\Illuminate\\Pipeline\\Pipeline.php(130): Illuminate\\Routing\\Router->Illuminate\\Routing\\{closure}()
#12 E:\\Work\\laravel-vuetify\\app\\Http\\Middleware\\RedirectIfAuthenticated.php(24): Illuminate\\Pipeline\\Pipeline->Illuminate\\Pipeline\\{closure}()
#13 E:\\Work\\laravel-vuetify\\vendor\\laravel\\framework\\src\\Illuminate\\Pipeline\\Pipeline.php(171): App\\Http\\Middleware\\RedirectIfAuthenticated->handle()
#14 E:\\Work\\laravel-vuetify\\vendor\\laravel\\framework\\src\\Illuminate\\Routing\\Middleware\\SubstituteBindings.php(41): Illuminate\\Pipeline\\Pipeline->Illuminate\\Pipeline\\{closure}()
#15 E:\\Work\\laravel-vuetify\\vendor\\laravel\\framework\\src\\Illuminate\\Pipeline\\Pipeline.php(171): Illuminate\\Routing\\Middleware\\SubstituteBindings->handle()
#16 E:\\Work\\laravel-vuetify\\vendor\\laravel\\framework\\src\\Illuminate\\Routing\\Middleware\\ThrottleRequests.php(59): Illuminate\\Pipeline\\Pipeline->Illuminate\\Pipeline\\{closure}()
#17 E:\\Work\\laravel-vuetify\\vendor\\laravel\\framework\\src\\Illuminate\\Pipeline\\Pipeline.php(171): Illuminate\\Routing\\Middleware\\ThrottleRequests->handle()
#18 E:\\Work\\laravel-vuetify\\vendor\\laravel\\framework\\src\\Illuminate\\Pipeline\\Pipeline.php(105): Illuminate\\Pipeline\\Pipeline->Illuminate\\Pipeline\\{closure}()
#19 E:\\Work\\laravel-vuetify\\vendor\\laravel\\framework\\src\\Illuminate\\Routing\\Router.php(682): Illuminate\\Pipeline\\Pipeline->then()
#20 E:\\Work\\laravel-vuetify\\vendor\\laravel\\framework\\src\\Illuminate\\Routing\\Router.php(657): Illuminate\\Routing\\Router->runRouteWithinStack()
#21 E:\\Work\\laravel-vuetify\\vendor\\laravel\\framework\\src\\Illuminate\\Routing\\Router.php(623): Illuminate\\Routing\\Router->runRoute()
#22 E:\\Work\\laravel-vuetify\\vendor\\laravel\\framework\\src\\Illuminate\\Routing\\Router.php(612): Illuminate\\Routing\\Router->dispatchToRoute()
#23 E:\\Work\\laravel-vuetify\\vendor\\laravel\\framework\\src\\Illuminate\\Foundation\\Http\\Kernel.php(176): Illuminate\\Routing\\Router->dispatch()
#24 E:\\Work\\laravel-vuetify\\vendor\\laravel\\framework\\src\\Illuminate\\Pipeline\\Pipeline.php(130): Illuminate\\Foundation\\Http\\Kernel->Illuminate\\Foundation\\Http\\{closure}()
#25 E:\\Work\\laravel-vuetify\\vendor\\fideloper\\proxy\\src\\TrustProxies.php(57): Illuminate\\Pipeline\\Pipeline->Illuminate\\Pipeline\\{closure}()
#26 E:\\Work\\laravel-vuetify\\vendor\\laravel\\framework\\src\\Illuminate\\Pipeline\\Pipeline.php(171): Fideloper\\Proxy\\TrustProxies->handle()
#27 E:\\Work\\laravel-vuetify\\vendor\\laravel\\framework\\src\\Illuminate\\Foundation\\Http\\Middleware\\TransformsRequest.php(21): Illuminate\\Pipeline\\Pipeline->Illuminate\\Pipeline\\{closure}()
#28 E:\\Work\\laravel-vuetify\\vendor\\laravel\\framework\\src\\Illuminate\\Pipeline\\Pipeline.php(171): Illuminate\\Foundation\\Http\\Middleware\\TransformsRequest->handle()
#29 E:\\Work\\laravel-vuetify\\vendor\\laravel\\framework\\src\\Illuminate\\Foundation\\Http\\Middleware\\TransformsRequest.php(21): Illuminate\\Pipeline\\Pipeline->Illuminate\\Pipeline\\{closure}()
#30 E:\\Work\\laravel-vuetify\\vendor\\laravel\\framework\\src\\Illuminate\\Pipeline\\Pipeline.php(171): Illuminate\\Foundation\\Http\\Middleware\\TransformsRequest->handle()
#31 E:\\Work\\laravel-vuetify\\vendor\\laravel\\framework\\src\\Illuminate\\Foundation\\Http\\Middleware\\ValidatePostSize.php(27): Illuminate\\Pipeline\\Pipeline->Illuminate\\Pipeline\\{closure}()
#32 E:\\Work\\laravel-vuetify\\vendor\\laravel\\framework\\src\\Illuminate\\Pipeline\\Pipeline.php(171): Illuminate\\Foundation\\Http\\Middleware\\ValidatePostSize->handle()
#33 E:\\Work\\laravel-vuetify\\vendor\\laravel\\framework\\src\\Illuminate\\Foundation\\Http\\Middleware\\CheckForMaintenanceMode.php(62): Illuminate\\Pipeline\\Pipeline->Illuminate\\Pipeline\\{closure}()
#34 E:\\Work\\laravel-vuetify\\vendor\\laravel\\framework\\src\\Illuminate\\Pipeline\\Pipeline.php(171): Illuminate\\Foundation\\Http\\Middleware\\CheckForMaintenanceMode->handle()
#35 E:\\Work\\laravel-vuetify\\vendor\\laravel\\framework\\src\\Illuminate\\Pipeline\\Pipeline.php(105): Illuminate\\Pipeline\\Pipeline->Illuminate\\Pipeline\\{closure}()
#36 E:\\Work\\laravel-vuetify\\vendor\\laravel\\framework\\src\\Illuminate\\Foundation\\Http\\Kernel.php(151): Illuminate\\Pipeline\\Pipeline->then()
#37 E:\\Work\\laravel-vuetify\\vendor\\laravel\\framework\\src\\Illuminate\\Foundation\\Http\\Kernel.php(116): Illuminate\\Foundation\\Http\\Kernel->sendRequestThroughRouter()
#38 E:\\Work\\laravel-vuetify\\public\\index.php(55): Illuminate\\Foundation\\Http\\Kernel->handle()
#39 E:\\Work\\laravel-vuetify\\server.php(21): require_once('E:\\\\Work\\\\laravel...')
#40 {main}
"} 
[2020-10-14 16:26:38] local.ERROR: Undefined variable: user {"userId":"648b5f34-eb0f-4454-a4ab-eef34b92b304","exception":"[object] (ErrorException(code: 0): Undefined variable: user at E:\\Work\\laravel-vuetify\\app\\Http\\Controllers\\TeamController.php:34)
[stacktrace]
#0 E:\\Work\\laravel-vuetify\\app\\Http\\Controllers\\TeamController.php(34): Illuminate\\Foundation\\Bootstrap\\HandleExceptions->handleError()
#1 [internal function]: App\\Http\\Controllers\\TeamController->update()
#2 E:\\Work\\laravel-vuetify\\vendor\\laravel\\framework\\src\\Illuminate\\Routing\\Controller.php(54): call_user_func_array()
#3 E:\\Work\\laravel-vuetify\\vendor\\laravel\\framework\\src\\Illuminate\\Routing\\ControllerDispatcher.php(45): Illuminate\\Routing\\Controller->callAction()
#4 E:\\Work\\laravel-vuetify\\vendor\\laravel\\framework\\src\\Illuminate\\Routing\\Route.php(219): Illuminate\\Routing\\ControllerDispatcher->dispatch()
#5 E:\\Work\\laravel-vuetify\\vendor\\laravel\\framework\\src\\Illuminate\\Routing\\Route.php(176): Illuminate\\Routing\\Route->runController()
#6 E:\\Work\\laravel-vuetify\\vendor\\laravel\\framework\\src\\Illuminate\\Routing\\Router.php(680): Illuminate\\Routing\\Route->run()
#7 E:\\Work\\laravel-vuetify\\vendor\\laravel\\framework\\src\\Illuminate\\Pipeline\\Pipeline.php(130): Illuminate\\Routing\\Router->Illuminate\\Routing\\{closure}()
#8 E:\\Work\\laravel-vuetify\\vendor\\tymon\\jwt-auth\\src\\Http\\Middleware\\Authenticate.php(32): Illuminate\\Pipeline\\Pipeline->Illuminate\\Pipeline\\{closure}()
#9 E:\\Work\\laravel-vuetify\\vendor\\laravel\\framework\\src\\Illuminate\\Pipeline\\Pipeline.php(171): Tymon\\JWTAuth\\Http\\Middleware\\Authenticate->handle()
#10 E:\\Work\\laravel-vuetify\\vendor\\laravel\\framework\\src\\Illuminate\\Routing\\Middleware\\SubstituteBindings.php(41): Illuminate\\Pipeline\\Pipeline->Illuminate\\Pipeline\\{closure}()
#11 E:\\Work\\laravel-vuetify\\vendor\\laravel\\framework\\src\\Illuminate\\Pipeline\\Pipeline.php(171): Illuminate\\Routing\\Middleware\\SubstituteBindings->handle()
#12 E:\\Work\\laravel-vuetify\\vendor\\laravel\\framework\\src\\Illuminate\\Routing\\Middleware\\ThrottleRequests.php(59): Illuminate\\Pipeline\\Pipeline->Illuminate\\Pipeline\\{closure}()
#13 E:\\Work\\laravel-vuetify\\vendor\\laravel\\framework\\src\\Illuminate\\Pipeline\\Pipeline.php(171): Illuminate\\Routing\\Middleware\\ThrottleRequests->handle()
#14 E:\\Work\\laravel-vuetify\\vendor\\laravel\\framework\\src\\Illuminate\\Pipeline\\Pipeline.php(105): Illuminate\\Pipeline\\Pipeline->Illuminate\\Pipeline\\{closure}()
#15 E:\\Work\\laravel-vuetify\\vendor\\laravel\\framework\\src\\Illuminate\\Routing\\Router.php(682): Illuminate\\Pipeline\\Pipeline->then()
#16 E:\\Work\\laravel-vuetify\\vendor\\laravel\\framework\\src\\Illuminate\\Routing\\Router.php(657): Illuminate\\Routing\\Router->runRouteWithinStack()
#17 E:\\Work\\laravel-vuetify\\vendor\\laravel\\framework\\src\\Illuminate\\Routing\\Router.php(623): Illuminate\\Routing\\Router->runRoute()
#18 E:\\Work\\laravel-vuetify\\vendor\\laravel\\framework\\src\\Illuminate\\Routing\\Router.php(612): Illuminate\\Routing\\Router->dispatchToRoute()
#19 E:\\Work\\laravel-vuetify\\vendor\\laravel\\framework\\src\\Illuminate\\Foundation\\Http\\Kernel.php(176): Illuminate\\Routing\\Router->dispatch()
#20 E:\\Work\\laravel-vuetify\\vendor\\laravel\\framework\\src\\Illuminate\\Pipeline\\Pipeline.php(130): Illuminate\\Foundation\\Http\\Kernel->Illuminate\\Foundation\\Http\\{closure}()
#21 E:\\Work\\laravel-vuetify\\vendor\\fideloper\\proxy\\src\\TrustProxies.php(57): Illuminate\\Pipeline\\Pipeline->Illuminate\\Pipeline\\{closure}()
#22 E:\\Work\\laravel-vuetify\\vendor\\laravel\\framework\\src\\Illuminate\\Pipeline\\Pipeline.php(171): Fideloper\\Proxy\\TrustProxies->handle()
#23 E:\\Work\\laravel-vuetify\\vendor\\laravel\\framework\\src\\Illuminate\\Foundation\\Http\\Middleware\\TransformsRequest.php(21): Illuminate\\Pipeline\\Pipeline->Illuminate\\Pipeline\\{closure}()
#24 E:\\Work\\laravel-vuetify\\vendor\\laravel\\framework\\src\\Illuminate\\Pipeline\\Pipeline.php(171): Illuminate\\Foundation\\Http\\Middleware\\TransformsRequest->handle()
#25 E:\\Work\\laravel-vuetify\\vendor\\laravel\\framework\\src\\Illuminate\\Foundation\\Http\\Middleware\\TransformsRequest.php(21): Illuminate\\Pipeline\\Pipeline->Illuminate\\Pipeline\\{closure}()
#26 E:\\Work\\laravel-vuetify\\vendor\\laravel\\framework\\src\\Illuminate\\Pipeline\\Pipeline.php(171): Illuminate\\Foundation\\Http\\Middleware\\TransformsRequest->handle()
#27 E:\\Work\\laravel-vuetify\\vendor\\laravel\\framework\\src\\Illuminate\\Foundation\\Http\\Middleware\\ValidatePostSize.php(27): Illuminate\\Pipeline\\Pipeline->Illuminate\\Pipeline\\{closure}()
#28 E:\\Work\\laravel-vuetify\\vendor\\laravel\\framework\\src\\Illuminate\\Pipeline\\Pipeline.php(171): Illuminate\\Foundation\\Http\\Middleware\\ValidatePostSize->handle()
#29 E:\\Work\\laravel-vuetify\\vendor\\laravel\\framework\\src\\Illuminate\\Foundation\\Http\\Middleware\\CheckForMaintenanceMode.php(62): Illuminate\\Pipeline\\Pipeline->Illuminate\\Pipeline\\{closure}()
#30 E:\\Work\\laravel-vuetify\\vendor\\laravel\\framework\\src\\Illuminate\\Pipeline\\Pipeline.php(171): Illuminate\\Foundation\\Http\\Middleware\\CheckForMaintenanceMode->handle()
#31 E:\\Work\\laravel-vuetify\\vendor\\laravel\\framework\\src\\Illuminate\\Pipeline\\Pipeline.php(105): Illuminate\\Pipeline\\Pipeline->Illuminate\\Pipeline\\{closure}()
#32 E:\\Work\\laravel-vuetify\\vendor\\laravel\\framework\\src\\Illuminate\\Foundation\\Http\\Kernel.php(151): Illuminate\\Pipeline\\Pipeline->then()
#33 E:\\Work\\laravel-vuetify\\vendor\\laravel\\framework\\src\\Illuminate\\Foundation\\Http\\Kernel.php(116): Illuminate\\Foundation\\Http\\Kernel->sendRequestThroughRouter()
#34 E:\\Work\\laravel-vuetify\\public\\index.php(55): Illuminate\\Foundation\\Http\\Kernel->handle()
#35 E:\\Work\\laravel-vuetify\\server.php(21): require_once('E:\\\\Work\\\\laravel...')
#36 {main}
"} 
[2020-10-14 16:27:38] local.ERROR: SQLSTATE[42S22]: Column not found: 1054 Unknown column 'updated_by' in 'field list' (SQL: update `teams` set `name` = test team update, `updated_by` = 648b5f34-eb0f-4454-a4ab-eef34b92b304, `teams`.`updated_at` = 2020-10-14 16:27:37 where `id` = 9ba782c7-e0de-409c-aa8d-679a395abd35) {"userId":"648b5f34-eb0f-4454-a4ab-eef34b92b304","exception":"[object] (Illuminate\\Database\\QueryException(code: 42S22): SQLSTATE[42S22]: Column not found: 1054 Unknown column 'updated_by' in 'field list' (SQL: update `teams` set `name` = test team update, `updated_by` = 648b5f34-eb0f-4454-a4ab-eef34b92b304, `teams`.`updated_at` = 2020-10-14 16:27:37 where `id` = 9ba782c7-e0de-409c-aa8d-679a395abd35) at E:\\Work\\laravel-vuetify\\vendor\\laravel\\framework\\src\\Illuminate\\Database\\Connection.php:665)
[stacktrace]
#0 E:\\Work\\laravel-vuetify\\vendor\\laravel\\framework\\src\\Illuminate\\Database\\Connection.php(625): Illuminate\\Database\\Connection->runQueryCallback()
#1 E:\\Work\\laravel-vuetify\\vendor\\laravel\\framework\\src\\Illuminate\\Database\\Connection.php(491): Illuminate\\Database\\Connection->run()
#2 E:\\Work\\laravel-vuetify\\vendor\\laravel\\framework\\src\\Illuminate\\Database\\Connection.php(424): Illuminate\\Database\\Connection->affectingStatement()
#3 E:\\Work\\laravel-vuetify\\vendor\\laravel\\framework\\src\\Illuminate\\Database\\Query\\Builder.php(2689): Illuminate\\Database\\Connection->update()
#4 E:\\Work\\laravel-vuetify\\vendor\\laravel\\framework\\src\\Illuminate\\Database\\Eloquent\\Builder.php(774): Illuminate\\Database\\Query\\Builder->update()
#5 E:\\Work\\laravel-vuetify\\vendor\\laravel\\framework\\src\\Illuminate\\Database\\Eloquent\\Model.php(745): Illuminate\\Database\\Eloquent\\Builder->update()
#6 E:\\Work\\laravel-vuetify\\vendor\\laravel\\framework\\src\\Illuminate\\Database\\Eloquent\\Model.php(660): Illuminate\\Database\\Eloquent\\Model->performUpdate()
#7 E:\\Work\\laravel-vuetify\\vendor\\laravel\\framework\\src\\Illuminate\\Database\\Eloquent\\Model.php(607): Illuminate\\Database\\Eloquent\\Model->save()
#8 E:\\Work\\laravel-vuetify\\app\\Http\\Controllers\\TeamController.php(36): Illuminate\\Database\\Eloquent\\Model->update()
#9 [internal function]: App\\Http\\Controllers\\TeamController->update()
#10 E:\\Work\\laravel-vuetify\\vendor\\laravel\\framework\\src\\Illuminate\\Routing\\Controller.php(54): call_user_func_array()
#11 E:\\Work\\laravel-vuetify\\vendor\\laravel\\framework\\src\\Illuminate\\Routing\\ControllerDispatcher.php(45): Illuminate\\Routing\\Controller->callAction()
#12 E:\\Work\\laravel-vuetify\\vendor\\laravel\\framework\\src\\Illuminate\\Routing\\Route.php(219): Illuminate\\Routing\\ControllerDispatcher->dispatch()
#13 E:\\Work\\laravel-vuetify\\vendor\\laravel\\framework\\src\\Illuminate\\Routing\\Route.php(176): Illuminate\\Routing\\Route->runController()
#14 E:\\Work\\laravel-vuetify\\vendor\\laravel\\framework\\src\\Illuminate\\Routing\\Router.php(680): Illuminate\\Routing\\Route->run()
#15 E:\\Work\\laravel-vuetify\\vendor\\laravel\\framework\\src\\Illuminate\\Pipeline\\Pipeline.php(130): Illuminate\\Routing\\Router->Illuminate\\Routing\\{closure}()
#16 E:\\Work\\laravel-vuetify\\vendor\\tymon\\jwt-auth\\src\\Http\\Middleware\\Authenticate.php(32): Illuminate\\Pipeline\\Pipeline->Illuminate\\Pipeline\\{closure}()
#17 E:\\Work\\laravel-vuetify\\vendor\\laravel\\framework\\src\\Illuminate\\Pipeline\\Pipeline.php(171): Tymon\\JWTAuth\\Http\\Middleware\\Authenticate->handle()
#18 E:\\Work\\laravel-vuetify\\vendor\\laravel\\framework\\src\\Illuminate\\Routing\\Middleware\\SubstituteBindings.php(41): Illuminate\\Pipeline\\Pipeline->Illuminate\\Pipeline\\{closure}()
#19 E:\\Work\\laravel-vuetify\\vendor\\laravel\\framework\\src\\Illuminate\\Pipeline\\Pipeline.php(171): Illuminate\\Routing\\Middleware\\SubstituteBindings->handle()
#20 E:\\Work\\laravel-vuetify\\vendor\\laravel\\framework\\src\\Illuminate\\Routing\\Middleware\\ThrottleRequests.php(59): Illuminate\\Pipeline\\Pipeline->Illuminate\\Pipeline\\{closure}()
#21 E:\\Work\\laravel-vuetify\\vendor\\laravel\\framework\\src\\Illuminate\\Pipeline\\Pipeline.php(171): Illuminate\\Routing\\Middleware\\ThrottleRequests->handle()
#22 E:\\Work\\laravel-vuetify\\vendor\\laravel\\framework\\src\\Illuminate\\Pipeline\\Pipeline.php(105): Illuminate\\Pipeline\\Pipeline->Illuminate\\Pipeline\\{closure}()
#23 E:\\Work\\laravel-vuetify\\vendor\\laravel\\framework\\src\\Illuminate\\Routing\\Router.php(682): Illuminate\\Pipeline\\Pipeline->then()
#24 E:\\Work\\laravel-vuetify\\vendor\\laravel\\framework\\src\\Illuminate\\Routing\\Router.php(657): Illuminate\\Routing\\Router->runRouteWithinStack()
#25 E:\\Work\\laravel-vuetify\\vendor\\laravel\\framework\\src\\Illuminate\\Routing\\Router.php(623): Illuminate\\Routing\\Router->runRoute()
#26 E:\\Work\\laravel-vuetify\\vendor\\laravel\\framework\\src\\Illuminate\\Routing\\Router.php(612): Illuminate\\Routing\\Router->dispatchToRoute()
#27 E:\\Work\\laravel-vuetify\\vendor\\laravel\\framework\\src\\Illuminate\\Foundation\\Http\\Kernel.php(176): Illuminate\\Routing\\Router->dispatch()
#28 E:\\Work\\laravel-vuetify\\vendor\\laravel\\framework\\src\\Illuminate\\Pipeline\\Pipeline.php(130): Illuminate\\Foundation\\Http\\Kernel->Illuminate\\Foundation\\Http\\{closure}()
#29 E:\\Work\\laravel-vuetify\\vendor\\fideloper\\proxy\\src\\TrustProxies.php(57): Illuminate\\Pipeline\\Pipeline->Illuminate\\Pipeline\\{closure}()
#30 E:\\Work\\laravel-vuetify\\vendor\\laravel\\framework\\src\\Illuminate\\Pipeline\\Pipeline.php(171): Fideloper\\Proxy\\TrustProxies->handle()
#31 E:\\Work\\laravel-vuetify\\vendor\\laravel\\framework\\src\\Illuminate\\Foundation\\Http\\Middleware\\TransformsRequest.php(21): Illuminate\\Pipeline\\Pipeline->Illuminate\\Pipeline\\{closure}()
#32 E:\\Work\\laravel-vuetify\\vendor\\laravel\\framework\\src\\Illuminate\\Pipeline\\Pipeline.php(171): Illuminate\\Foundation\\Http\\Middleware\\TransformsRequest->handle()
#33 E:\\Work\\laravel-vuetify\\vendor\\laravel\\framework\\src\\Illuminate\\Foundation\\Http\\Middleware\\TransformsRequest.php(21): Illuminate\\Pipeline\\Pipeline->Illuminate\\Pipeline\\{closure}()
#34 E:\\Work\\laravel-vuetify\\vendor\\laravel\\framework\\src\\Illuminate\\Pipeline\\Pipeline.php(171): Illuminate\\Foundation\\Http\\Middleware\\TransformsRequest->handle()
#35 E:\\Work\\laravel-vuetify\\vendor\\laravel\\framework\\src\\Illuminate\\Foundation\\Http\\Middleware\\ValidatePostSize.php(27): Illuminate\\Pipeline\\Pipeline->Illuminate\\Pipeline\\{closure}()
#36 E:\\Work\\laravel-vuetify\\vendor\\laravel\\framework\\src\\Illuminate\\Pipeline\\Pipeline.php(171): Illuminate\\Foundation\\Http\\Middleware\\ValidatePostSize->handle()
#37 E:\\Work\\laravel-vuetify\\vendor\\laravel\\framework\\src\\Illuminate\\Foundation\\Http\\Middleware\\CheckForMaintenanceMode.php(62): Illuminate\\Pipeline\\Pipeline->Illuminate\\Pipeline\\{closure}()
#38 E:\\Work\\laravel-vuetify\\vendor\\laravel\\framework\\src\\Illuminate\\Pipeline\\Pipeline.php(171): Illuminate\\Foundation\\Http\\Middleware\\CheckForMaintenanceMode->handle()
#39 E:\\Work\\laravel-vuetify\\vendor\\laravel\\framework\\src\\Illuminate\\Pipeline\\Pipeline.php(105): Illuminate\\Pipeline\\Pipeline->Illuminate\\Pipeline\\{closure}()
#40 E:\\Work\\laravel-vuetify\\vendor\\laravel\\framework\\src\\Illuminate\\Foundation\\Http\\Kernel.php(151): Illuminate\\Pipeline\\Pipeline->then()
#41 E:\\Work\\laravel-vuetify\\vendor\\laravel\\framework\\src\\Illuminate\\Foundation\\Http\\Kernel.php(116): Illuminate\\Foundation\\Http\\Kernel->sendRequestThroughRouter()
#42 E:\\Work\\laravel-vuetify\\public\\index.php(55): Illuminate\\Foundation\\Http\\Kernel->handle()
#43 E:\\Work\\laravel-vuetify\\server.php(21): require_once('E:\\\\Work\\\\laravel...')
#44 {main}

[previous exception] [object] (Doctrine\\DBAL\\Driver\\PDOException(code: 42S22): SQLSTATE[42S22]: Column not found: 1054 Unknown column 'updated_by' in 'field list' at E:\\Work\\laravel-vuetify\\vendor\\doctrine\\dbal\\lib\\Doctrine\\DBAL\\Driver\\PDOConnection.php:72)
[stacktrace]
#0 E:\\Work\\laravel-vuetify\\vendor\\laravel\\framework\\src\\Illuminate\\Database\\Connection.php(480): Doctrine\\DBAL\\Driver\\PDOConnection->prepare()
#1 E:\\Work\\laravel-vuetify\\vendor\\laravel\\framework\\src\\Illuminate\\Database\\Connection.php(658): Illuminate\\Database\\Connection->Illuminate\\Database\\{closure}()
#2 E:\\Work\\laravel-vuetify\\vendor\\laravel\\framework\\src\\Illuminate\\Database\\Connection.php(625): Illuminate\\Database\\Connection->runQueryCallback()
#3 E:\\Work\\laravel-vuetify\\vendor\\laravel\\framework\\src\\Illuminate\\Database\\Connection.php(491): Illuminate\\Database\\Connection->run()
#4 E:\\Work\\laravel-vuetify\\vendor\\laravel\\framework\\src\\Illuminate\\Database\\Connection.php(424): Illuminate\\Database\\Connection->affectingStatement()
#5 E:\\Work\\laravel-vuetify\\vendor\\laravel\\framework\\src\\Illuminate\\Database\\Query\\Builder.php(2689): Illuminate\\Database\\Connection->update()
#6 E:\\Work\\laravel-vuetify\\vendor\\laravel\\framework\\src\\Illuminate\\Database\\Eloquent\\Builder.php(774): Illuminate\\Database\\Query\\Builder->update()
#7 E:\\Work\\laravel-vuetify\\vendor\\laravel\\framework\\src\\Illuminate\\Database\\Eloquent\\Model.php(745): Illuminate\\Database\\Eloquent\\Builder->update()
#8 E:\\Work\\laravel-vuetify\\vendor\\laravel\\framework\\src\\Illuminate\\Database\\Eloquent\\Model.php(660): Illuminate\\Database\\Eloquent\\Model->performUpdate()
#9 E:\\Work\\laravel-vuetify\\vendor\\laravel\\framework\\src\\Illuminate\\Database\\Eloquent\\Model.php(607): Illuminate\\Database\\Eloquent\\Model->save()
#10 E:\\Work\\laravel-vuetify\\app\\Http\\Controllers\\TeamController.php(36): Illuminate\\Database\\Eloquent\\Model->update()
#11 [internal function]: App\\Http\\Controllers\\TeamController->update()
#12 E:\\Work\\laravel-vuetify\\vendor\\laravel\\framework\\src\\Illuminate\\Routing\\Controller.php(54): call_user_func_array()
#13 E:\\Work\\laravel-vuetify\\vendor\\laravel\\framework\\src\\Illuminate\\Routing\\ControllerDispatcher.php(45): Illuminate\\Routing\\Controller->callAction()
#14 E:\\Work\\laravel-vuetify\\vendor\\laravel\\framework\\src\\Illuminate\\Routing\\Route.php(219): Illuminate\\Routing\\ControllerDispatcher->dispatch()
#15 E:\\Work\\laravel-vuetify\\vendor\\laravel\\framework\\src\\Illuminate\\Routing\\Route.php(176): Illuminate\\Routing\\Route->runController()
#16 E:\\Work\\laravel-vuetify\\vendor\\laravel\\framework\\src\\Illuminate\\Routing\\Router.php(680): Illuminate\\Routing\\Route->run()
#17 E:\\Work\\laravel-vuetify\\vendor\\laravel\\framework\\src\\Illuminate\\Pipeline\\Pipeline.php(130): Illuminate\\Routing\\Router->Illuminate\\Routing\\{closure}()
#18 E:\\Work\\laravel-vuetify\\vendor\\tymon\\jwt-auth\\src\\Http\\Middleware\\Authenticate.php(32): Illuminate\\Pipeline\\Pipeline->Illuminate\\Pipeline\\{closure}()
#19 E:\\Work\\laravel-vuetify\\vendor\\laravel\\framework\\src\\Illuminate\\Pipeline\\Pipeline.php(171): Tymon\\JWTAuth\\Http\\Middleware\\Authenticate->handle()
#20 E:\\Work\\laravel-vuetify\\vendor\\laravel\\framework\\src\\Illuminate\\Routing\\Middleware\\SubstituteBindings.php(41): Illuminate\\Pipeline\\Pipeline->Illuminate\\Pipeline\\{closure}()
#21 E:\\Work\\laravel-vuetify\\vendor\\laravel\\framework\\src\\Illuminate\\Pipeline\\Pipeline.php(171): Illuminate\\Routing\\Middleware\\SubstituteBindings->handle()
#22 E:\\Work\\laravel-vuetify\\vendor\\laravel\\framework\\src\\Illuminate\\Routing\\Middleware\\ThrottleRequests.php(59): Illuminate\\Pipeline\\Pipeline->Illuminate\\Pipeline\\{closure}()
#23 E:\\Work\\laravel-vuetify\\vendor\\laravel\\framework\\src\\Illuminate\\Pipeline\\Pipeline.php(171): Illuminate\\Routing\\Middleware\\ThrottleRequests->handle()
#24 E:\\Work\\laravel-vuetify\\vendor\\laravel\\framework\\src\\Illuminate\\Pipeline\\Pipeline.php(105): Illuminate\\Pipeline\\Pipeline->Illuminate\\Pipeline\\{closure}()
#25 E:\\Work\\laravel-vuetify\\vendor\\laravel\\framework\\src\\Illuminate\\Routing\\Router.php(682): Illuminate\\Pipeline\\Pipeline->then()
#26 E:\\Work\\laravel-vuetify\\vendor\\laravel\\framework\\src\\Illuminate\\Routing\\Router.php(657): Illuminate\\Routing\\Router->runRouteWithinStack()
#27 E:\\Work\\laravel-vuetify\\vendor\\laravel\\framework\\src\\Illuminate\\Routing\\Router.php(623): Illuminate\\Routing\\Router->runRoute()
#28 E:\\Work\\laravel-vuetify\\vendor\\laravel\\framework\\src\\Illuminate\\Routing\\Router.php(612): Illuminate\\Routing\\Router->dispatchToRoute()
#29 E:\\Work\\laravel-vuetify\\vendor\\laravel\\framework\\src\\Illuminate\\Foundation\\Http\\Kernel.php(176): Illuminate\\Routing\\Router->dispatch()
#30 E:\\Work\\laravel-vuetify\\vendor\\laravel\\framework\\src\\Illuminate\\Pipeline\\Pipeline.php(130): Illuminate\\Foundation\\Http\\Kernel->Illuminate\\Foundation\\Http\\{closure}()
#31 E:\\Work\\laravel-vuetify\\vendor\\fideloper\\proxy\\src\\TrustProxies.php(57): Illuminate\\Pipeline\\Pipeline->Illuminate\\Pipeline\\{closure}()
#32 E:\\Work\\laravel-vuetify\\vendor\\laravel\\framework\\src\\Illuminate\\Pipeline\\Pipeline.php(171): Fideloper\\Proxy\\TrustProxies->handle()
#33 E:\\Work\\laravel-vuetify\\vendor\\laravel\\framework\\src\\Illuminate\\Foundation\\Http\\Middleware\\TransformsRequest.php(21): Illuminate\\Pipeline\\Pipeline->Illuminate\\Pipeline\\{closure}()
#34 E:\\Work\\laravel-vuetify\\vendor\\laravel\\framework\\src\\Illuminate\\Pipeline\\Pipeline.php(171): Illuminate\\Foundation\\Http\\Middleware\\TransformsRequest->handle()
#35 E:\\Work\\laravel-vuetify\\vendor\\laravel\\framework\\src\\Illuminate\\Foundation\\Http\\Middleware\\TransformsRequest.php(21): Illuminate\\Pipeline\\Pipeline->Illuminate\\Pipeline\\{closure}()
#36 E:\\Work\\laravel-vuetify\\vendor\\laravel\\framework\\src\\Illuminate\\Pipeline\\Pipeline.php(171): Illuminate\\Foundation\\Http\\Middleware\\TransformsRequest->handle()
#37 E:\\Work\\laravel-vuetify\\vendor\\laravel\\framework\\src\\Illuminate\\Foundation\\Http\\Middleware\\ValidatePostSize.php(27): Illuminate\\Pipeline\\Pipeline->Illuminate\\Pipeline\\{closure}()
#38 E:\\Work\\laravel-vuetify\\vendor\\laravel\\framework\\src\\Illuminate\\Pipeline\\Pipeline.php(171): Illuminate\\Foundation\\Http\\Middleware\\ValidatePostSize->handle()
#39 E:\\Work\\laravel-vuetify\\vendor\\laravel\\framework\\src\\Illuminate\\Foundation\\Http\\Middleware\\CheckForMaintenanceMode.php(62): Illuminate\\Pipeline\\Pipeline->Illuminate\\Pipeline\\{closure}()
#40 E:\\Work\\laravel-vuetify\\vendor\\laravel\\framework\\src\\Illuminate\\Pipeline\\Pipeline.php(171): Illuminate\\Foundation\\Http\\Middleware\\CheckForMaintenanceMode->handle()
#41 E:\\Work\\laravel-vuetify\\vendor\\laravel\\framework\\src\\Illuminate\\Pipeline\\Pipeline.php(105): Illuminate\\Pipeline\\Pipeline->Illuminate\\Pipeline\\{closure}()
#42 E:\\Work\\laravel-vuetify\\vendor\\laravel\\framework\\src\\Illuminate\\Foundation\\Http\\Kernel.php(151): Illuminate\\Pipeline\\Pipeline->then()
#43 E:\\Work\\laravel-vuetify\\vendor\\laravel\\framework\\src\\Illuminate\\Foundation\\Http\\Kernel.php(116): Illuminate\\Foundation\\Http\\Kernel->sendRequestThroughRouter()
#44 E:\\Work\\laravel-vuetify\\public\\index.php(55): Illuminate\\Foundation\\Http\\Kernel->handle()
#45 E:\\Work\\laravel-vuetify\\server.php(21): require_once('E:\\\\Work\\\\laravel...')
#46 {main}

[previous exception] [object] (PDOException(code: 42S22): SQLSTATE[42S22]: Column not found: 1054 Unknown column 'updated_by' in 'field list' at E:\\Work\\laravel-vuetify\\vendor\\doctrine\\dbal\\lib\\Doctrine\\DBAL\\Driver\\PDOConnection.php:67)
[stacktrace]
#0 E:\\Work\\laravel-vuetify\\vendor\\doctrine\\dbal\\lib\\Doctrine\\DBAL\\Driver\\PDOConnection.php(67): PDO->prepare()
#1 E:\\Work\\laravel-vuetify\\vendor\\laravel\\framework\\src\\Illuminate\\Database\\Connection.php(480): Doctrine\\DBAL\\Driver\\PDOConnection->prepare()
#2 E:\\Work\\laravel-vuetify\\vendor\\laravel\\framework\\src\\Illuminate\\Database\\Connection.php(658): Illuminate\\Database\\Connection->Illuminate\\Database\\{closure}()
#3 E:\\Work\\laravel-vuetify\\vendor\\laravel\\framework\\src\\Illuminate\\Database\\Connection.php(625): Illuminate\\Database\\Connection->runQueryCallback()
#4 E:\\Work\\laravel-vuetify\\vendor\\laravel\\framework\\src\\Illuminate\\Database\\Connection.php(491): Illuminate\\Database\\Connection->run()
#5 E:\\Work\\laravel-vuetify\\vendor\\laravel\\framework\\src\\Illuminate\\Database\\Connection.php(424): Illuminate\\Database\\Connection->affectingStatement()
#6 E:\\Work\\laravel-vuetify\\vendor\\laravel\\framework\\src\\Illuminate\\Database\\Query\\Builder.php(2689): Illuminate\\Database\\Connection->update()
#7 E:\\Work\\laravel-vuetify\\vendor\\laravel\\framework\\src\\Illuminate\\Database\\Eloquent\\Builder.php(774): Illuminate\\Database\\Query\\Builder->update()
#8 E:\\Work\\laravel-vuetify\\vendor\\laravel\\framework\\src\\Illuminate\\Database\\Eloquent\\Model.php(745): Illuminate\\Database\\Eloquent\\Builder->update()
#9 E:\\Work\\laravel-vuetify\\vendor\\laravel\\framework\\src\\Illuminate\\Database\\Eloquent\\Model.php(660): Illuminate\\Database\\Eloquent\\Model->performUpdate()
#10 E:\\Work\\laravel-vuetify\\vendor\\laravel\\framework\\src\\Illuminate\\Database\\Eloquent\\Model.php(607): Illuminate\\Database\\Eloquent\\Model->save()
#11 E:\\Work\\laravel-vuetify\\app\\Http\\Controllers\\TeamController.php(36): Illuminate\\Database\\Eloquent\\Model->update()
#12 [internal function]: App\\Http\\Controllers\\TeamController->update()
#13 E:\\Work\\laravel-vuetify\\vendor\\laravel\\framework\\src\\Illuminate\\Routing\\Controller.php(54): call_user_func_array()
#14 E:\\Work\\laravel-vuetify\\vendor\\laravel\\framework\\src\\Illuminate\\Routing\\ControllerDispatcher.php(45): Illuminate\\Routing\\Controller->callAction()
#15 E:\\Work\\laravel-vuetify\\vendor\\laravel\\framework\\src\\Illuminate\\Routing\\Route.php(219): Illuminate\\Routing\\ControllerDispatcher->dispatch()
#16 E:\\Work\\laravel-vuetify\\vendor\\laravel\\framework\\src\\Illuminate\\Routing\\Route.php(176): Illuminate\\Routing\\Route->runController()
#17 E:\\Work\\laravel-vuetify\\vendor\\laravel\\framework\\src\\Illuminate\\Routing\\Router.php(680): Illuminate\\Routing\\Route->run()
#18 E:\\Work\\laravel-vuetify\\vendor\\laravel\\framework\\src\\Illuminate\\Pipeline\\Pipeline.php(130): Illuminate\\Routing\\Router->Illuminate\\Routing\\{closure}()
#19 E:\\Work\\laravel-vuetify\\vendor\\tymon\\jwt-auth\\src\\Http\\Middleware\\Authenticate.php(32): Illuminate\\Pipeline\\Pipeline->Illuminate\\Pipeline\\{closure}()
#20 E:\\Work\\laravel-vuetify\\vendor\\laravel\\framework\\src\\Illuminate\\Pipeline\\Pipeline.php(171): Tymon\\JWTAuth\\Http\\Middleware\\Authenticate->handle()
#21 E:\\Work\\laravel-vuetify\\vendor\\laravel\\framework\\src\\Illuminate\\Routing\\Middleware\\SubstituteBindings.php(41): Illuminate\\Pipeline\\Pipeline->Illuminate\\Pipeline\\{closure}()
#22 E:\\Work\\laravel-vuetify\\vendor\\laravel\\framework\\src\\Illuminate\\Pipeline\\Pipeline.php(171): Illuminate\\Routing\\Middleware\\SubstituteBindings->handle()
#23 E:\\Work\\laravel-vuetify\\vendor\\laravel\\framework\\src\\Illuminate\\Routing\\Middleware\\ThrottleRequests.php(59): Illuminate\\Pipeline\\Pipeline->Illuminate\\Pipeline\\{closure}()
#24 E:\\Work\\laravel-vuetify\\vendor\\laravel\\framework\\src\\Illuminate\\Pipeline\\Pipeline.php(171): Illuminate\\Routing\\Middleware\\ThrottleRequests->handle()
#25 E:\\Work\\laravel-vuetify\\vendor\\laravel\\framework\\src\\Illuminate\\Pipeline\\Pipeline.php(105): Illuminate\\Pipeline\\Pipeline->Illuminate\\Pipeline\\{closure}()
#26 E:\\Work\\laravel-vuetify\\vendor\\laravel\\framework\\src\\Illuminate\\Routing\\Router.php(682): Illuminate\\Pipeline\\Pipeline->then()
#27 E:\\Work\\laravel-vuetify\\vendor\\laravel\\framework\\src\\Illuminate\\Routing\\Router.php(657): Illuminate\\Routing\\Router->runRouteWithinStack()
#28 E:\\Work\\laravel-vuetify\\vendor\\laravel\\framework\\src\\Illuminate\\Routing\\Router.php(623): Illuminate\\Routing\\Router->runRoute()
#29 E:\\Work\\laravel-vuetify\\vendor\\laravel\\framework\\src\\Illuminate\\Routing\\Router.php(612): Illuminate\\Routing\\Router->dispatchToRoute()
#30 E:\\Work\\laravel-vuetify\\vendor\\laravel\\framework\\src\\Illuminate\\Foundation\\Http\\Kernel.php(176): Illuminate\\Routing\\Router->dispatch()
#31 E:\\Work\\laravel-vuetify\\vendor\\laravel\\framework\\src\\Illuminate\\Pipeline\\Pipeline.php(130): Illuminate\\Foundation\\Http\\Kernel->Illuminate\\Foundation\\Http\\{closure}()
#32 E:\\Work\\laravel-vuetify\\vendor\\fideloper\\proxy\\src\\TrustProxies.php(57): Illuminate\\Pipeline\\Pipeline->Illuminate\\Pipeline\\{closure}()
#33 E:\\Work\\laravel-vuetify\\vendor\\laravel\\framework\\src\\Illuminate\\Pipeline\\Pipeline.php(171): Fideloper\\Proxy\\TrustProxies->handle()
#34 E:\\Work\\laravel-vuetify\\vendor\\laravel\\framework\\src\\Illuminate\\Foundation\\Http\\Middleware\\TransformsRequest.php(21): Illuminate\\Pipeline\\Pipeline->Illuminate\\Pipeline\\{closure}()
#35 E:\\Work\\laravel-vuetify\\vendor\\laravel\\framework\\src\\Illuminate\\Pipeline\\Pipeline.php(171): Illuminate\\Foundation\\Http\\Middleware\\TransformsRequest->handle()
#36 E:\\Work\\laravel-vuetify\\vendor\\laravel\\framework\\src\\Illuminate\\Foundation\\Http\\Middleware\\TransformsRequest.php(21): Illuminate\\Pipeline\\Pipeline->Illuminate\\Pipeline\\{closure}()
#37 E:\\Work\\laravel-vuetify\\vendor\\laravel\\framework\\src\\Illuminate\\Pipeline\\Pipeline.php(171): Illuminate\\Foundation\\Http\\Middleware\\TransformsRequest->handle()
#38 E:\\Work\\laravel-vuetify\\vendor\\laravel\\framework\\src\\Illuminate\\Foundation\\Http\\Middleware\\ValidatePostSize.php(27): Illuminate\\Pipeline\\Pipeline->Illuminate\\Pipeline\\{closure}()
#39 E:\\Work\\laravel-vuetify\\vendor\\laravel\\framework\\src\\Illuminate\\Pipeline\\Pipeline.php(171): Illuminate\\Foundation\\Http\\Middleware\\ValidatePostSize->handle()
#40 E:\\Work\\laravel-vuetify\\vendor\\laravel\\framework\\src\\Illuminate\\Foundation\\Http\\Middleware\\CheckForMaintenanceMode.php(62): Illuminate\\Pipeline\\Pipeline->Illuminate\\Pipeline\\{closure}()
#41 E:\\Work\\laravel-vuetify\\vendor\\laravel\\framework\\src\\Illuminate\\Pipeline\\Pipeline.php(171): Illuminate\\Foundation\\Http\\Middleware\\CheckForMaintenanceMode->handle()
#42 E:\\Work\\laravel-vuetify\\vendor\\laravel\\framework\\src\\Illuminate\\Pipeline\\Pipeline.php(105): Illuminate\\Pipeline\\Pipeline->Illuminate\\Pipeline\\{closure}()
#43 E:\\Work\\laravel-vuetify\\vendor\\laravel\\framework\\src\\Illuminate\\Foundation\\Http\\Kernel.php(151): Illuminate\\Pipeline\\Pipeline->then()
#44 E:\\Work\\laravel-vuetify\\vendor\\laravel\\framework\\src\\Illuminate\\Foundation\\Http\\Kernel.php(116): Illuminate\\Foundation\\Http\\Kernel->sendRequestThroughRouter()
#45 E:\\Work\\laravel-vuetify\\public\\index.php(55): Illuminate\\Foundation\\Http\\Kernel->handle()
#46 E:\\Work\\laravel-vuetify\\server.php(21): require_once('E:\\\\Work\\\\laravel...')
#47 {main}
"} 
