[2020-08-25 14:56:56] local.ERROR: Please provide a valid cache path. {"exception":"[object] (InvalidArgumentException(code: 0): Please provide a valid cache path. at E:\\Sample\\laravel-vuetify-spa-starter-master\\vendor\\laravel\\framework\\src\\Illuminate\\View\\Compilers\\Compiler.php:36)
[stacktrace]
#0 E:\\Sample\\laravel-vuetify-spa-starter-master\\vendor\\laravel\\framework\\src\\Illuminate\\View\\ViewServiceProvider.php(141): Illuminate\\View\\Compilers\\Compiler->__construct()
#1 E:\\Sample\\laravel-vuetify-spa-starter-master\\vendor\\laravel\\framework\\src\\Illuminate\\Container\\Container.php(800): Illuminate\\View\\ViewServiceProvider->Illuminate\\View\\{closure}()
#2 E:\\Sample\\laravel-vuetify-spa-starter-master\\vendor\\laravel\\framework\\src\\Illuminate\\Container\\Container.php(682): Illuminate\\Container\\Container->build()
#3 E:\\Sample\\laravel-vuetify-spa-starter-master\\vendor\\laravel\\framework\\src\\Illuminate\\Container\\Container.php(630): Illuminate\\Container\\Container->resolve()
#4 E:\\Sample\\laravel-vuetify-spa-starter-master\\vendor\\laravel\\framework\\src\\Illuminate\\Foundation\\Application.php(768): Illuminate\\Container\\Container->make()
#5 E:\\Sample\\laravel-vuetify-spa-starter-master\\vendor\\laravel\\framework\\src\\Illuminate\\Container\\Container.php(1246): Illuminate\\Foundation\\Application->make()
#6 E:\\Sample\\laravel-vuetify-spa-starter-master\\vendor\\laravel\\framework\\src\\Illuminate\\View\\ViewServiceProvider.php(146): Illuminate\\Container\\Container->offsetGet()
#7 [internal function]: Illuminate\\View\\ViewServiceProvider->Illuminate\\View\\{closure}()
#8 E:\\Sample\\laravel-vuetify-spa-starter-master\\vendor\\laravel\\framework\\src\\Illuminate\\View\\Engines\\EngineResolver.php(55): call_user_func()
#9 E:\\Sample\\laravel-vuetify-spa-starter-master\\vendor\\facade\\ignition\\src\\IgnitionServiceProvider.php(325): Illuminate\\View\\Engines\\EngineResolver->resolve()
#10 E:\\Sample\\laravel-vuetify-spa-starter-master\\vendor\\facade\\ignition\\src\\IgnitionServiceProvider.php(107): Facade\\Ignition\\IgnitionServiceProvider->hasCustomViewEnginesRegistered()
#11 E:\\Sample\\laravel-vuetify-spa-starter-master\\vendor\\facade\\ignition\\src\\IgnitionServiceProvider.php(73): Facade\\Ignition\\IgnitionServiceProvider->registerViewEngines()
#12 [internal function]: Facade\\Ignition\\IgnitionServiceProvider->boot()
#13 E:\\Sample\\laravel-vuetify-spa-starter-master\\vendor\\laravel\\framework\\src\\Illuminate\\Container\\BoundMethod.php(32): call_user_func_array()
#14 E:\\Sample\\laravel-vuetify-spa-starter-master\\vendor\\laravel\\framework\\src\\Illuminate\\Container\\BoundMethod.php(90): Illuminate\\Container\\BoundMethod::Illuminate\\Container\\{closure}()
#15 E:\\Sample\\laravel-vuetify-spa-starter-master\\vendor\\laravel\\framework\\src\\Illuminate\\Container\\BoundMethod.php(34): Illuminate\\Container\\BoundMethod::callBoundMethod()
#16 E:\\Sample\\laravel-vuetify-spa-starter-master\\vendor\\laravel\\framework\\src\\Illuminate\\Container\\Container.php(591): Illuminate\\Container\\BoundMethod::call()
#17 E:\\Sample\\laravel-vuetify-spa-starter-master\\vendor\\laravel\\framework\\src\\Illuminate\\Foundation\\Application.php(828): Illuminate\\Container\\Container->call()
#18 E:\\Sample\\laravel-vuetify-spa-starter-master\\vendor\\laravel\\framework\\src\\Illuminate\\Foundation\\Application.php(811): Illuminate\\Foundation\\Application->bootProvider()
#19 [internal function]: Illuminate\\Foundation\\Application->Illuminate\\Foundation\\{closure}()
#20 E:\\Sample\\laravel-vuetify-spa-starter-master\\vendor\\laravel\\framework\\src\\Illuminate\\Foundation\\Application.php(812): array_walk()
#21 E:\\Sample\\laravel-vuetify-spa-starter-master\\vendor\\laravel\\framework\\src\\Illuminate\\Foundation\\Bootstrap\\BootProviders.php(17): Illuminate\\Foundation\\Application->boot()
#22 E:\\Sample\\laravel-vuetify-spa-starter-master\\vendor\\laravel\\framework\\src\\Illuminate\\Foundation\\Application.php(211): Illuminate\\Foundation\\Bootstrap\\BootProviders->bootstrap()
#23 E:\\Sample\\laravel-vuetify-spa-starter-master\\vendor\\laravel\\framework\\src\\Illuminate\\Foundation\\Console\\Kernel.php(320): Illuminate\\Foundation\\Application->bootstrapWith()
#24 E:\\Sample\\laravel-vuetify-spa-starter-master\\vendor\\laravel\\framework\\src\\Illuminate\\Foundation\\Console\\Kernel.php(129): Illuminate\\Foundation\\Console\\Kernel->bootstrap()
#25 E:\\Sample\\laravel-vuetify-spa-starter-master\\artisan(37): Illuminate\\Foundation\\Console\\Kernel->handle()
#26 {main}
"} 
[2020-08-25 14:57:21] local.ERROR: Please provide a valid cache path. {"exception":"[object] (InvalidArgumentException(code: 0): Please provide a valid cache path. at E:\\Sample\\laravel-vuetify-spa-starter-master\\vendor\\laravel\\framework\\src\\Illuminate\\View\\Compilers\\Compiler.php:36)
[stacktrace]
#0 E:\\Sample\\laravel-vuetify-spa-starter-master\\vendor\\laravel\\framework\\src\\Illuminate\\View\\ViewServiceProvider.php(141): Illuminate\\View\\Compilers\\Compiler->__construct()
#1 E:\\Sample\\laravel-vuetify-spa-starter-master\\vendor\\laravel\\framework\\src\\Illuminate\\Container\\Container.php(800): Illuminate\\View\\ViewServiceProvider->Illuminate\\View\\{closure}()
#2 E:\\Sample\\laravel-vuetify-spa-starter-master\\vendor\\laravel\\framework\\src\\Illuminate\\Container\\Container.php(682): Illuminate\\Container\\Container->build()
#3 E:\\Sample\\laravel-vuetify-spa-starter-master\\vendor\\laravel\\framework\\src\\Illuminate\\Container\\Container.php(630): Illuminate\\Container\\Container->resolve()
#4 E:\\Sample\\laravel-vuetify-spa-starter-master\\vendor\\laravel\\framework\\src\\Illuminate\\Foundation\\Application.php(768): Illuminate\\Container\\Container->make()
#5 E:\\Sample\\laravel-vuetify-spa-starter-master\\vendor\\laravel\\framework\\src\\Illuminate\\Container\\Container.php(1246): Illuminate\\Foundation\\Application->make()
#6 E:\\Sample\\laravel-vuetify-spa-starter-master\\vendor\\laravel\\framework\\src\\Illuminate\\View\\ViewServiceProvider.php(146): Illuminate\\Container\\Container->offsetGet()
#7 [internal function]: Illuminate\\View\\ViewServiceProvider->Illuminate\\View\\{closure}()
#8 E:\\Sample\\laravel-vuetify-spa-starter-master\\vendor\\laravel\\framework\\src\\Illuminate\\View\\Engines\\EngineResolver.php(55): call_user_func()
#9 E:\\Sample\\laravel-vuetify-spa-starter-master\\vendor\\facade\\ignition\\src\\IgnitionServiceProvider.php(325): Illuminate\\View\\Engines\\EngineResolver->resolve()
#10 E:\\Sample\\laravel-vuetify-spa-starter-master\\vendor\\facade\\ignition\\src\\IgnitionServiceProvider.php(107): Facade\\Ignition\\IgnitionServiceProvider->hasCustomViewEnginesRegistered()
#11 E:\\Sample\\laravel-vuetify-spa-starter-master\\vendor\\facade\\ignition\\src\\IgnitionServiceProvider.php(73): Facade\\Ignition\\IgnitionServiceProvider->registerViewEngines()
#12 [internal function]: Facade\\Ignition\\IgnitionServiceProvider->boot()
#13 E:\\Sample\\laravel-vuetify-spa-starter-master\\vendor\\laravel\\framework\\src\\Illuminate\\Container\\BoundMethod.php(32): call_user_func_array()
#14 E:\\Sample\\laravel-vuetify-spa-starter-master\\vendor\\laravel\\framework\\src\\Illuminate\\Container\\BoundMethod.php(90): Illuminate\\Container\\BoundMethod::Illuminate\\Container\\{closure}()
#15 E:\\Sample\\laravel-vuetify-spa-starter-master\\vendor\\laravel\\framework\\src\\Illuminate\\Container\\BoundMethod.php(34): Illuminate\\Container\\BoundMethod::callBoundMethod()
#16 E:\\Sample\\laravel-vuetify-spa-starter-master\\vendor\\laravel\\framework\\src\\Illuminate\\Container\\Container.php(591): Illuminate\\Container\\BoundMethod::call()
#17 E:\\Sample\\laravel-vuetify-spa-starter-master\\vendor\\laravel\\framework\\src\\Illuminate\\Foundation\\Application.php(828): Illuminate\\Container\\Container->call()
#18 E:\\Sample\\laravel-vuetify-spa-starter-master\\vendor\\laravel\\framework\\src\\Illuminate\\Foundation\\Application.php(811): Illuminate\\Foundation\\Application->bootProvider()
#19 [internal function]: Illuminate\\Foundation\\Application->Illuminate\\Foundation\\{closure}()
#20 E:\\Sample\\laravel-vuetify-spa-starter-master\\vendor\\laravel\\framework\\src\\Illuminate\\Foundation\\Application.php(812): array_walk()
#21 E:\\Sample\\laravel-vuetify-spa-starter-master\\vendor\\laravel\\framework\\src\\Illuminate\\Foundation\\Bootstrap\\BootProviders.php(17): Illuminate\\Foundation\\Application->boot()
#22 E:\\Sample\\laravel-vuetify-spa-starter-master\\vendor\\laravel\\framework\\src\\Illuminate\\Foundation\\Application.php(211): Illuminate\\Foundation\\Bootstrap\\BootProviders->bootstrap()
#23 E:\\Sample\\laravel-vuetify-spa-starter-master\\vendor\\laravel\\framework\\src\\Illuminate\\Foundation\\Console\\Kernel.php(320): Illuminate\\Foundation\\Application->bootstrapWith()
#24 E:\\Sample\\laravel-vuetify-spa-starter-master\\vendor\\laravel\\framework\\src\\Illuminate\\Foundation\\Console\\Kernel.php(129): Illuminate\\Foundation\\Console\\Kernel->bootstrap()
#25 E:\\Sample\\laravel-vuetify-spa-starter-master\\artisan(37): Illuminate\\Foundation\\Console\\Kernel->handle()
#26 {main}
"} 
[2020-08-25 14:57:35] local.ERROR: Please provide a valid cache path. {"exception":"[object] (InvalidArgumentException(code: 0): Please provide a valid cache path. at E:\\Sample\\laravel-vuetify-spa-starter-master\\vendor\\laravel\\framework\\src\\Illuminate\\View\\Compilers\\Compiler.php:36)
[stacktrace]
#0 E:\\Sample\\laravel-vuetify-spa-starter-master\\vendor\\laravel\\framework\\src\\Illuminate\\View\\ViewServiceProvider.php(141): Illuminate\\View\\Compilers\\Compiler->__construct()
#1 E:\\Sample\\laravel-vuetify-spa-starter-master\\vendor\\laravel\\framework\\src\\Illuminate\\Container\\Container.php(800): Illuminate\\View\\ViewServiceProvider->Illuminate\\View\\{closure}()
#2 E:\\Sample\\laravel-vuetify-spa-starter-master\\vendor\\laravel\\framework\\src\\Illuminate\\Container\\Container.php(682): Illuminate\\Container\\Container->build()
#3 E:\\Sample\\laravel-vuetify-spa-starter-master\\vendor\\laravel\\framework\\src\\Illuminate\\Container\\Container.php(630): Illuminate\\Container\\Container->resolve()
#4 E:\\Sample\\laravel-vuetify-spa-starter-master\\vendor\\laravel\\framework\\src\\Illuminate\\Foundation\\Application.php(768): Illuminate\\Container\\Container->make()
#5 E:\\Sample\\laravel-vuetify-spa-starter-master\\vendor\\laravel\\framework\\src\\Illuminate\\Container\\Container.php(1246): Illuminate\\Foundation\\Application->make()
#6 E:\\Sample\\laravel-vuetify-spa-starter-master\\vendor\\laravel\\framework\\src\\Illuminate\\View\\ViewServiceProvider.php(146): Illuminate\\Container\\Container->offsetGet()
#7 [internal function]: Illuminate\\View\\ViewServiceProvider->Illuminate\\View\\{closure}()
#8 E:\\Sample\\laravel-vuetify-spa-starter-master\\vendor\\laravel\\framework\\src\\Illuminate\\View\\Engines\\EngineResolver.php(55): call_user_func()
#9 E:\\Sample\\laravel-vuetify-spa-starter-master\\vendor\\facade\\ignition\\src\\IgnitionServiceProvider.php(325): Illuminate\\View\\Engines\\EngineResolver->resolve()
#10 E:\\Sample\\laravel-vuetify-spa-starter-master\\vendor\\facade\\ignition\\src\\IgnitionServiceProvider.php(107): Facade\\Ignition\\IgnitionServiceProvider->hasCustomViewEnginesRegistered()
#11 E:\\Sample\\laravel-vuetify-spa-starter-master\\vendor\\facade\\ignition\\src\\IgnitionServiceProvider.php(73): Facade\\Ignition\\IgnitionServiceProvider->registerViewEngines()
#12 [internal function]: Facade\\Ignition\\IgnitionServiceProvider->boot()
#13 E:\\Sample\\laravel-vuetify-spa-starter-master\\vendor\\laravel\\framework\\src\\Illuminate\\Container\\BoundMethod.php(32): call_user_func_array()
#14 E:\\Sample\\laravel-vuetify-spa-starter-master\\vendor\\laravel\\framework\\src\\Illuminate\\Container\\BoundMethod.php(90): Illuminate\\Container\\BoundMethod::Illuminate\\Container\\{closure}()
#15 E:\\Sample\\laravel-vuetify-spa-starter-master\\vendor\\laravel\\framework\\src\\Illuminate\\Container\\BoundMethod.php(34): Illuminate\\Container\\BoundMethod::callBoundMethod()
#16 E:\\Sample\\laravel-vuetify-spa-starter-master\\vendor\\laravel\\framework\\src\\Illuminate\\Container\\Container.php(591): Illuminate\\Container\\BoundMethod::call()
#17 E:\\Sample\\laravel-vuetify-spa-starter-master\\vendor\\laravel\\framework\\src\\Illuminate\\Foundation\\Application.php(828): Illuminate\\Container\\Container->call()
#18 E:\\Sample\\laravel-vuetify-spa-starter-master\\vendor\\laravel\\framework\\src\\Illuminate\\Foundation\\Application.php(811): Illuminate\\Foundation\\Application->bootProvider()
#19 [internal function]: Illuminate\\Foundation\\Application->Illuminate\\Foundation\\{closure}()
#20 E:\\Sample\\laravel-vuetify-spa-starter-master\\vendor\\laravel\\framework\\src\\Illuminate\\Foundation\\Application.php(812): array_walk()
#21 E:\\Sample\\laravel-vuetify-spa-starter-master\\vendor\\laravel\\framework\\src\\Illuminate\\Foundation\\Bootstrap\\BootProviders.php(17): Illuminate\\Foundation\\Application->boot()
#22 E:\\Sample\\laravel-vuetify-spa-starter-master\\vendor\\laravel\\framework\\src\\Illuminate\\Foundation\\Application.php(211): Illuminate\\Foundation\\Bootstrap\\BootProviders->bootstrap()
#23 E:\\Sample\\laravel-vuetify-spa-starter-master\\vendor\\laravel\\framework\\src\\Illuminate\\Foundation\\Console\\Kernel.php(320): Illuminate\\Foundation\\Application->bootstrapWith()
#24 E:\\Sample\\laravel-vuetify-spa-starter-master\\vendor\\laravel\\framework\\src\\Illuminate\\Foundation\\Console\\Kernel.php(129): Illuminate\\Foundation\\Console\\Kernel->bootstrap()
#25 E:\\Sample\\laravel-vuetify-spa-starter-master\\artisan(37): Illuminate\\Foundation\\Console\\Kernel->handle()
#26 {main}
"} 
[2020-08-25 14:58:12] local.ERROR: Please provide a valid cache path. {"exception":"[object] (InvalidArgumentException(code: 0): Please provide a valid cache path. at E:\\Sample\\laravel-vuetify-spa-starter-master\\vendor\\laravel\\framework\\src\\Illuminate\\View\\Compilers\\Compiler.php:36)
[stacktrace]
#0 E:\\Sample\\laravel-vuetify-spa-starter-master\\vendor\\laravel\\framework\\src\\Illuminate\\View\\ViewServiceProvider.php(141): Illuminate\\View\\Compilers\\Compiler->__construct()
#1 E:\\Sample\\laravel-vuetify-spa-starter-master\\vendor\\laravel\\framework\\src\\Illuminate\\Container\\Container.php(800): Illuminate\\View\\ViewServiceProvider->Illuminate\\View\\{closure}()
#2 E:\\Sample\\laravel-vuetify-spa-starter-master\\vendor\\laravel\\framework\\src\\Illuminate\\Container\\Container.php(682): Illuminate\\Container\\Container->build()
#3 E:\\Sample\\laravel-vuetify-spa-starter-master\\vendor\\laravel\\framework\\src\\Illuminate\\Container\\Container.php(630): Illuminate\\Container\\Container->resolve()
#4 E:\\Sample\\laravel-vuetify-spa-starter-master\\vendor\\laravel\\framework\\src\\Illuminate\\Foundation\\Application.php(768): Illuminate\\Container\\Container->make()
#5 E:\\Sample\\laravel-vuetify-spa-starter-master\\vendor\\laravel\\framework\\src\\Illuminate\\Container\\Container.php(1246): Illuminate\\Foundation\\Application->make()
#6 E:\\Sample\\laravel-vuetify-spa-starter-master\\vendor\\laravel\\framework\\src\\Illuminate\\View\\ViewServiceProvider.php(146): Illuminate\\Container\\Container->offsetGet()
#7 [internal function]: Illuminate\\View\\ViewServiceProvider->Illuminate\\View\\{closure}()
#8 E:\\Sample\\laravel-vuetify-spa-starter-master\\vendor\\laravel\\framework\\src\\Illuminate\\View\\Engines\\EngineResolver.php(55): call_user_func()
#9 E:\\Sample\\laravel-vuetify-spa-starter-master\\vendor\\facade\\ignition\\src\\IgnitionServiceProvider.php(325): Illuminate\\View\\Engines\\EngineResolver->resolve()
#10 E:\\Sample\\laravel-vuetify-spa-starter-master\\vendor\\facade\\ignition\\src\\IgnitionServiceProvider.php(107): Facade\\Ignition\\IgnitionServiceProvider->hasCustomViewEnginesRegistered()
#11 E:\\Sample\\laravel-vuetify-spa-starter-master\\vendor\\facade\\ignition\\src\\IgnitionServiceProvider.php(73): Facade\\Ignition\\IgnitionServiceProvider->registerViewEngines()
#12 [internal function]: Facade\\Ignition\\IgnitionServiceProvider->boot()
#13 E:\\Sample\\laravel-vuetify-spa-starter-master\\vendor\\laravel\\framework\\src\\Illuminate\\Container\\BoundMethod.php(32): call_user_func_array()
#14 E:\\Sample\\laravel-vuetify-spa-starter-master\\vendor\\laravel\\framework\\src\\Illuminate\\Container\\BoundMethod.php(90): Illuminate\\Container\\BoundMethod::Illuminate\\Container\\{closure}()
#15 E:\\Sample\\laravel-vuetify-spa-starter-master\\vendor\\laravel\\framework\\src\\Illuminate\\Container\\BoundMethod.php(34): Illuminate\\Container\\BoundMethod::callBoundMethod()
#16 E:\\Sample\\laravel-vuetify-spa-starter-master\\vendor\\laravel\\framework\\src\\Illuminate\\Container\\Container.php(591): Illuminate\\Container\\BoundMethod::call()
#17 E:\\Sample\\laravel-vuetify-spa-starter-master\\vendor\\laravel\\framework\\src\\Illuminate\\Foundation\\Application.php(828): Illuminate\\Container\\Container->call()
#18 E:\\Sample\\laravel-vuetify-spa-starter-master\\vendor\\laravel\\framework\\src\\Illuminate\\Foundation\\Application.php(811): Illuminate\\Foundation\\Application->bootProvider()
#19 [internal function]: Illuminate\\Foundation\\Application->Illuminate\\Foundation\\{closure}()
#20 E:\\Sample\\laravel-vuetify-spa-starter-master\\vendor\\laravel\\framework\\src\\Illuminate\\Foundation\\Application.php(812): array_walk()
#21 E:\\Sample\\laravel-vuetify-spa-starter-master\\vendor\\laravel\\framework\\src\\Illuminate\\Foundation\\Bootstrap\\BootProviders.php(17): Illuminate\\Foundation\\Application->boot()
#22 E:\\Sample\\laravel-vuetify-spa-starter-master\\vendor\\laravel\\framework\\src\\Illuminate\\Foundation\\Application.php(211): Illuminate\\Foundation\\Bootstrap\\BootProviders->bootstrap()
#23 E:\\Sample\\laravel-vuetify-spa-starter-master\\vendor\\laravel\\framework\\src\\Illuminate\\Foundation\\Console\\Kernel.php(320): Illuminate\\Foundation\\Application->bootstrapWith()
#24 E:\\Sample\\laravel-vuetify-spa-starter-master\\vendor\\laravel\\framework\\src\\Illuminate\\Foundation\\Console\\Kernel.php(129): Illuminate\\Foundation\\Console\\Kernel->bootstrap()
#25 E:\\Sample\\laravel-vuetify-spa-starter-master\\artisan(37): Illuminate\\Foundation\\Console\\Kernel->handle()
#26 {main}
"} 
[2020-08-25 15:45:20] local.ERROR: Expected response code 250 but got code "530", with message "530 5.7.1 Authentication required
" {"exception":"[object] (Swift_TransportException(code: 530): Expected response code 250 but got code \"530\", with message \"530 5.7.1 Authentication required
\" at E:\\Sample\\laravel-vuetify-spa-starter-master\\vendor\\swiftmailer\\swiftmailer\\lib\\classes\\Swift\\Transport\\AbstractSmtpTransport.php:457)
[stacktrace]
#0 E:\\Sample\\laravel-vuetify-spa-starter-master\\vendor\\swiftmailer\\swiftmailer\\lib\\classes\\Swift\\Transport\\AbstractSmtpTransport.php(341): Swift_Transport_AbstractSmtpTransport->assertResponseCode()
#1 E:\\Sample\\laravel-vuetify-spa-starter-master\\vendor\\swiftmailer\\swiftmailer\\lib\\classes\\Swift\\Transport\\EsmtpTransport.php(305): Swift_Transport_AbstractSmtpTransport->executeCommand()
#2 E:\\Sample\\laravel-vuetify-spa-starter-master\\vendor\\swiftmailer\\swiftmailer\\lib\\classes\\Swift\\Transport\\AbstractSmtpTransport.php(390): Swift_Transport_EsmtpTransport->executeCommand()
#3 E:\\Sample\\laravel-vuetify-spa-starter-master\\vendor\\swiftmailer\\swiftmailer\\lib\\classes\\Swift\\Transport\\AbstractSmtpTransport.php(497): Swift_Transport_AbstractSmtpTransport->doDataCommand()
#4 E:\\Sample\\laravel-vuetify-spa-starter-master\\vendor\\swiftmailer\\swiftmailer\\lib\\classes\\Swift\\Transport\\AbstractSmtpTransport.php(516): Swift_Transport_AbstractSmtpTransport->doMailTransaction()
#5 E:\\Sample\\laravel-vuetify-spa-starter-master\\vendor\\swiftmailer\\swiftmailer\\lib\\classes\\Swift\\Transport\\AbstractSmtpTransport.php(206): Swift_Transport_AbstractSmtpTransport->sendTo()
#6 E:\\Sample\\laravel-vuetify-spa-starter-master\\vendor\\swiftmailer\\swiftmailer\\lib\\classes\\Swift\\Mailer.php(71): Swift_Transport_AbstractSmtpTransport->send()
#7 E:\\Sample\\laravel-vuetify-spa-starter-master\\vendor\\laravel\\framework\\src\\Illuminate\\Mail\\Mailer.php(484): Swift_Mailer->send()
#8 E:\\Sample\\laravel-vuetify-spa-starter-master\\vendor\\laravel\\framework\\src\\Illuminate\\Mail\\Mailer.php(259): Illuminate\\Mail\\Mailer->sendSwiftMessage()
#9 E:\\Sample\\laravel-vuetify-spa-starter-master\\vendor\\laravel\\framework\\src\\Illuminate\\Notifications\\Channels\\MailChannel.php(65): Illuminate\\Mail\\Mailer->send()
#10 E:\\Sample\\laravel-vuetify-spa-starter-master\\vendor\\laravel\\framework\\src\\Illuminate\\Notifications\\NotificationSender.php(144): Illuminate\\Notifications\\Channels\\MailChannel->send()
#11 E:\\Sample\\laravel-vuetify-spa-starter-master\\vendor\\laravel\\framework\\src\\Illuminate\\Notifications\\NotificationSender.php(103): Illuminate\\Notifications\\NotificationSender->sendToNotifiable()
#12 E:\\Sample\\laravel-vuetify-spa-starter-master\\vendor\\laravel\\framework\\src\\Illuminate\\Support\\Traits\\Localizable.php(19): Illuminate\\Notifications\\NotificationSender->Illuminate\\Notifications\\{closure}()
#13 E:\\Sample\\laravel-vuetify-spa-starter-master\\vendor\\laravel\\framework\\src\\Illuminate\\Notifications\\NotificationSender.php(105): Illuminate\\Notifications\\NotificationSender->withLocale()
#14 E:\\Sample\\laravel-vuetify-spa-starter-master\\vendor\\laravel\\framework\\src\\Illuminate\\Notifications\\NotificationSender.php(77): Illuminate\\Notifications\\NotificationSender->sendNow()
#15 E:\\Sample\\laravel-vuetify-spa-starter-master\\vendor\\laravel\\framework\\src\\Illuminate\\Notifications\\ChannelManager.php(39): Illuminate\\Notifications\\NotificationSender->send()
#16 E:\\Sample\\laravel-vuetify-spa-starter-master\\vendor\\laravel\\framework\\src\\Illuminate\\Notifications\\RoutesNotifications.php(18): Illuminate\\Notifications\\ChannelManager->send()
#17 E:\\Sample\\laravel-vuetify-spa-starter-master\\app\\User.php(48): App\\User->notify()
#18 E:\\Sample\\laravel-vuetify-spa-starter-master\\vendor\\laravel\\framework\\src\\Illuminate\\Auth\\Passwords\\PasswordBroker.php(62): App\\User->sendPasswordResetNotification()
#19 E:\\Sample\\laravel-vuetify-spa-starter-master\\vendor\\laravel\\framework\\src\\Illuminate\\Foundation\\Auth\\SendsPasswordResetEmails.php(34): Illuminate\\Auth\\Passwords\\PasswordBroker->sendResetLink()
#20 [internal function]: App\\Http\\Controllers\\Auth\\ForgotPasswordController->sendResetLinkEmail()
#21 E:\\Sample\\laravel-vuetify-spa-starter-master\\vendor\\laravel\\framework\\src\\Illuminate\\Routing\\Controller.php(54): call_user_func_array()
#22 E:\\Sample\\laravel-vuetify-spa-starter-master\\vendor\\laravel\\framework\\src\\Illuminate\\Routing\\ControllerDispatcher.php(45): Illuminate\\Routing\\Controller->callAction()
#23 E:\\Sample\\laravel-vuetify-spa-starter-master\\vendor\\laravel\\framework\\src\\Illuminate\\Routing\\Route.php(219): Illuminate\\Routing\\ControllerDispatcher->dispatch()
#24 E:\\Sample\\laravel-vuetify-spa-starter-master\\vendor\\laravel\\framework\\src\\Illuminate\\Routing\\Route.php(176): Illuminate\\Routing\\Route->runController()
#25 E:\\Sample\\laravel-vuetify-spa-starter-master\\vendor\\laravel\\framework\\src\\Illuminate\\Routing\\Router.php(680): Illuminate\\Routing\\Route->run()
#26 E:\\Sample\\laravel-vuetify-spa-starter-master\\vendor\\laravel\\framework\\src\\Illuminate\\Pipeline\\Pipeline.php(130): Illuminate\\Routing\\Router->Illuminate\\Routing\\{closure}()
#27 E:\\Sample\\laravel-vuetify-spa-starter-master\\app\\Http\\Middleware\\RedirectIfAuthenticated.php(24): Illuminate\\Pipeline\\Pipeline->Illuminate\\Pipeline\\{closure}()
#28 E:\\Sample\\laravel-vuetify-spa-starter-master\\vendor\\laravel\\framework\\src\\Illuminate\\Pipeline\\Pipeline.php(171): App\\Http\\Middleware\\RedirectIfAuthenticated->handle()
#29 E:\\Sample\\laravel-vuetify-spa-starter-master\\app\\Http\\Middleware\\RedirectIfAuthenticated.php(24): Illuminate\\Pipeline\\Pipeline->Illuminate\\Pipeline\\{closure}()
#30 E:\\Sample\\laravel-vuetify-spa-starter-master\\vendor\\laravel\\framework\\src\\Illuminate\\Pipeline\\Pipeline.php(171): App\\Http\\Middleware\\RedirectIfAuthenticated->handle()
#31 E:\\Sample\\laravel-vuetify-spa-starter-master\\vendor\\laravel\\framework\\src\\Illuminate\\Routing\\Middleware\\SubstituteBindings.php(41): Illuminate\\Pipeline\\Pipeline->Illuminate\\Pipeline\\{closure}()
#32 E:\\Sample\\laravel-vuetify-spa-starter-master\\vendor\\laravel\\framework\\src\\Illuminate\\Pipeline\\Pipeline.php(171): Illuminate\\Routing\\Middleware\\SubstituteBindings->handle()
#33 E:\\Sample\\laravel-vuetify-spa-starter-master\\vendor\\laravel\\framework\\src\\Illuminate\\Routing\\Middleware\\ThrottleRequests.php(59): Illuminate\\Pipeline\\Pipeline->Illuminate\\Pipeline\\{closure}()
#34 E:\\Sample\\laravel-vuetify-spa-starter-master\\vendor\\laravel\\framework\\src\\Illuminate\\Pipeline\\Pipeline.php(171): Illuminate\\Routing\\Middleware\\ThrottleRequests->handle()
#35 E:\\Sample\\laravel-vuetify-spa-starter-master\\vendor\\laravel\\framework\\src\\Illuminate\\Pipeline\\Pipeline.php(105): Illuminate\\Pipeline\\Pipeline->Illuminate\\Pipeline\\{closure}()
#36 E:\\Sample\\laravel-vuetify-spa-starter-master\\vendor\\laravel\\framework\\src\\Illuminate\\Routing\\Router.php(682): Illuminate\\Pipeline\\Pipeline->then()
#37 E:\\Sample\\laravel-vuetify-spa-starter-master\\vendor\\laravel\\framework\\src\\Illuminate\\Routing\\Router.php(657): Illuminate\\Routing\\Router->runRouteWithinStack()
#38 E:\\Sample\\laravel-vuetify-spa-starter-master\\vendor\\laravel\\framework\\src\\Illuminate\\Routing\\Router.php(623): Illuminate\\Routing\\Router->runRoute()
#39 E:\\Sample\\laravel-vuetify-spa-starter-master\\vendor\\laravel\\framework\\src\\Illuminate\\Routing\\Router.php(612): Illuminate\\Routing\\Router->dispatchToRoute()
#40 E:\\Sample\\laravel-vuetify-spa-starter-master\\vendor\\laravel\\framework\\src\\Illuminate\\Foundation\\Http\\Kernel.php(176): Illuminate\\Routing\\Router->dispatch()
#41 E:\\Sample\\laravel-vuetify-spa-starter-master\\vendor\\laravel\\framework\\src\\Illuminate\\Pipeline\\Pipeline.php(130): Illuminate\\Foundation\\Http\\Kernel->Illuminate\\Foundation\\Http\\{closure}()
#42 E:\\Sample\\laravel-vuetify-spa-starter-master\\vendor\\fideloper\\proxy\\src\\TrustProxies.php(57): Illuminate\\Pipeline\\Pipeline->Illuminate\\Pipeline\\{closure}()
#43 E:\\Sample\\laravel-vuetify-spa-starter-master\\vendor\\laravel\\framework\\src\\Illuminate\\Pipeline\\Pipeline.php(171): Fideloper\\Proxy\\TrustProxies->handle()
#44 E:\\Sample\\laravel-vuetify-spa-starter-master\\vendor\\laravel\\framework\\src\\Illuminate\\Foundation\\Http\\Middleware\\TransformsRequest.php(21): Illuminate\\Pipeline\\Pipeline->Illuminate\\Pipeline\\{closure}()
#45 E:\\Sample\\laravel-vuetify-spa-starter-master\\vendor\\laravel\\framework\\src\\Illuminate\\Pipeline\\Pipeline.php(171): Illuminate\\Foundation\\Http\\Middleware\\TransformsRequest->handle()
#46 E:\\Sample\\laravel-vuetify-spa-starter-master\\vendor\\laravel\\framework\\src\\Illuminate\\Foundation\\Http\\Middleware\\TransformsRequest.php(21): Illuminate\\Pipeline\\Pipeline->Illuminate\\Pipeline\\{closure}()
#47 E:\\Sample\\laravel-vuetify-spa-starter-master\\vendor\\laravel\\framework\\src\\Illuminate\\Pipeline\\Pipeline.php(171): Illuminate\\Foundation\\Http\\Middleware\\TransformsRequest->handle()
#48 E:\\Sample\\laravel-vuetify-spa-starter-master\\vendor\\laravel\\framework\\src\\Illuminate\\Foundation\\Http\\Middleware\\ValidatePostSize.php(27): Illuminate\\Pipeline\\Pipeline->Illuminate\\Pipeline\\{closure}()
#49 E:\\Sample\\laravel-vuetify-spa-starter-master\\vendor\\laravel\\framework\\src\\Illuminate\\Pipeline\\Pipeline.php(171): Illuminate\\Foundation\\Http\\Middleware\\ValidatePostSize->handle()
#50 E:\\Sample\\laravel-vuetify-spa-starter-master\\vendor\\laravel\\framework\\src\\Illuminate\\Foundation\\Http\\Middleware\\CheckForMaintenanceMode.php(62): Illuminate\\Pipeline\\Pipeline->Illuminate\\Pipeline\\{closure}()
#51 E:\\Sample\\laravel-vuetify-spa-starter-master\\vendor\\laravel\\framework\\src\\Illuminate\\Pipeline\\Pipeline.php(171): Illuminate\\Foundation\\Http\\Middleware\\CheckForMaintenanceMode->handle()
#52 E:\\Sample\\laravel-vuetify-spa-starter-master\\vendor\\laravel\\framework\\src\\Illuminate\\Pipeline\\Pipeline.php(105): Illuminate\\Pipeline\\Pipeline->Illuminate\\Pipeline\\{closure}()
#53 E:\\Sample\\laravel-vuetify-spa-starter-master\\vendor\\laravel\\framework\\src\\Illuminate\\Foundation\\Http\\Kernel.php(151): Illuminate\\Pipeline\\Pipeline->then()
#54 E:\\Sample\\laravel-vuetify-spa-starter-master\\vendor\\laravel\\framework\\src\\Illuminate\\Foundation\\Http\\Kernel.php(116): Illuminate\\Foundation\\Http\\Kernel->sendRequestThroughRouter()
#55 E:\\Sample\\laravel-vuetify-spa-starter-master\\public\\index.php(55): Illuminate\\Foundation\\Http\\Kernel->handle()
#56 E:\\Sample\\laravel-vuetify-spa-starter-master\\server.php(21): require_once('E:\\\\Sample\\\\larav...')
#57 {main}
"} 
