[2020-08-26 01:41:40] local.ERROR: Command "make:migrate" is not defined.

Did you mean one of these?
    make:channel
    make:command
    make:controller
    make:event
    make:exception
    make:factory
    make:job
    make:listener
    make:mail
    make:middleware
    make:migration
    make:model
    make:notification
    make:observer
    make:policy
    make:provider
    make:request
    make:resource
    make:rule
    make:seeder
    make:test {"exception":"[object] (Symfony\\Component\\Console\\Exception\\CommandNotFoundException(code: 0): Command \"make:migrate\" is not defined.

Did you mean one of these?
    make:channel
    make:command
    make:controller
    make:event
    make:exception
    make:factory
    make:job
    make:listener
    make:mail
    make:middleware
    make:migration
    make:model
    make:notification
    make:observer
    make:policy
    make:provider
    make:request
    make:resource
    make:rule
    make:seeder
    make:test at E:\\Work\\laravel-vuetify\\vendor\\symfony\\console\\Application.php:646)
[stacktrace]
#0 E:\\Work\\laravel-vuetify\\vendor\\symfony\\console\\Application.php(236): Symfony\\Component\\Console\\Application->find()
#1 E:\\Work\\laravel-vuetify\\vendor\\symfony\\console\\Application.php(148): Symfony\\Component\\Console\\Application->doRun()
#2 E:\\Work\\laravel-vuetify\\vendor\\laravel\\framework\\src\\Illuminate\\Console\\Application.php(90): Symfony\\Component\\Console\\Application->run()
#3 E:\\Work\\laravel-vuetify\\vendor\\laravel\\framework\\src\\Illuminate\\Foundation\\Console\\Kernel.php(131): Illuminate\\Console\\Application->run()
#4 E:\\Work\\laravel-vuetify\\artisan(37): Illuminate\\Foundation\\Console\\Kernel->handle()
#5 {main}
"} 
