[2020-10-12 00:24:55] local.ERROR: Command "runserve" is not defined. {"exception":"[object] (Symfony\\Component\\Console\\Exception\\CommandNotFoundException(code: 0): Command \"runserve\" is not defined. at E:\\Work\\laravel-vuetify\\vendor\\symfony\\console\\Application.php:646)
[stacktrace]
#0 E:\\Work\\laravel-vuetify\\vendor\\symfony\\console\\Application.php(236): Symfony\\Component\\Console\\Application->find()
#1 E:\\Work\\laravel-vuetify\\vendor\\symfony\\console\\Application.php(148): Symfony\\Component\\Console\\Application->doRun()
#2 E:\\Work\\laravel-vuetify\\vendor\\laravel\\framework\\src\\Illuminate\\Console\\Application.php(90): Symfony\\Component\\Console\\Application->run()
#3 E:\\Work\\laravel-vuetify\\vendor\\laravel\\framework\\src\\Illuminate\\Foundation\\Console\\Kernel.php(131): Illuminate\\Console\\Application->run()
#4 E:\\Work\\laravel-vuetify\\artisan(37): Illuminate\\Foundation\\Console\\Kernel->handle()
#5 {main}
"} 
[2020-10-12 00:25:01] local.ERROR: Command "runserver" is not defined. {"exception":"[object] (Symfony\\Component\\Console\\Exception\\CommandNotFoundException(code: 0): Command \"runserver\" is not defined. at E:\\Work\\laravel-vuetify\\vendor\\symfony\\console\\Application.php:646)
[stacktrace]
#0 E:\\Work\\laravel-vuetify\\vendor\\symfony\\console\\Application.php(236): Symfony\\Component\\Console\\Application->find()
#1 E:\\Work\\laravel-vuetify\\vendor\\symfony\\console\\Application.php(148): Symfony\\Component\\Console\\Application->doRun()
#2 E:\\Work\\laravel-vuetify\\vendor\\laravel\\framework\\src\\Illuminate\\Console\\Application.php(90): Symfony\\Component\\Console\\Application->run()
#3 E:\\Work\\laravel-vuetify\\vendor\\laravel\\framework\\src\\Illuminate\\Foundation\\Console\\Kernel.php(131): Illuminate\\Console\\Application->run()
#4 E:\\Work\\laravel-vuetify\\artisan(37): Illuminate\\Foundation\\Console\\Kernel->handle()
#5 {main}
"} 
[2020-10-12 01:04:48] local.ERROR: Class 'App\Models\Team' not found {"userId":"648b5f34-eb0f-4454-a4ab-eef34b92b304","exception":"[object] (Symfony\\Component\\Debug\\Exception\\FatalThrowableError(code: 0): Class 'App\\Models\\Team' not found at E:\\Work\\laravel-vuetify\\app\\Http\\Controllers\\TeamController.php:24)
[stacktrace]
#0 [internal function]: App\\Http\\Controllers\\TeamController->create()
#1 E:\\Work\\laravel-vuetify\\vendor\\laravel\\framework\\src\\Illuminate\\Routing\\Controller.php(54): call_user_func_array()
#2 E:\\Work\\laravel-vuetify\\vendor\\laravel\\framework\\src\\Illuminate\\Routing\\ControllerDispatcher.php(45): Illuminate\\Routing\\Controller->callAction()
#3 E:\\Work\\laravel-vuetify\\vendor\\laravel\\framework\\src\\Illuminate\\Routing\\Route.php(219): Illuminate\\Routing\\ControllerDispatcher->dispatch()
#4 E:\\Work\\laravel-vuetify\\vendor\\laravel\\framework\\src\\Illuminate\\Routing\\Route.php(176): Illuminate\\Routing\\Route->runController()
#5 E:\\Work\\laravel-vuetify\\vendor\\laravel\\framework\\src\\Illuminate\\Routing\\Router.php(680): Illuminate\\Routing\\Route->run()
#6 E:\\Work\\laravel-vuetify\\vendor\\laravel\\framework\\src\\Illuminate\\Pipeline\\Pipeline.php(130): Illuminate\\Routing\\Router->Illuminate\\Routing\\{closure}()
#7 E:\\Work\\laravel-vuetify\\vendor\\tymon\\jwt-auth\\src\\Http\\Middleware\\Authenticate.php(32): Illuminate\\Pipeline\\Pipeline->Illuminate\\Pipeline\\{closure}()
#8 E:\\Work\\laravel-vuetify\\vendor\\laravel\\framework\\src\\Illuminate\\Pipeline\\Pipeline.php(171): Tymon\\JWTAuth\\Http\\Middleware\\Authenticate->handle()
#9 E:\\Work\\laravel-vuetify\\vendor\\laravel\\framework\\src\\Illuminate\\Routing\\Middleware\\SubstituteBindings.php(41): Illuminate\\Pipeline\\Pipeline->Illuminate\\Pipeline\\{closure}()
#10 E:\\Work\\laravel-vuetify\\vendor\\laravel\\framework\\src\\Illuminate\\Pipeline\\Pipeline.php(171): Illuminate\\Routing\\Middleware\\SubstituteBindings->handle()
#11 E:\\Work\\laravel-vuetify\\vendor\\laravel\\framework\\src\\Illuminate\\Routing\\Middleware\\ThrottleRequests.php(59): Illuminate\\Pipeline\\Pipeline->Illuminate\\Pipeline\\{closure}()
#12 E:\\Work\\laravel-vuetify\\vendor\\laravel\\framework\\src\\Illuminate\\Pipeline\\Pipeline.php(171): Illuminate\\Routing\\Middleware\\ThrottleRequests->handle()
#13 E:\\Work\\laravel-vuetify\\vendor\\laravel\\framework\\src\\Illuminate\\Pipeline\\Pipeline.php(105): Illuminate\\Pipeline\\Pipeline->Illuminate\\Pipeline\\{closure}()
#14 E:\\Work\\laravel-vuetify\\vendor\\laravel\\framework\\src\\Illuminate\\Routing\\Router.php(682): Illuminate\\Pipeline\\Pipeline->then()
#15 E:\\Work\\laravel-vuetify\\vendor\\laravel\\framework\\src\\Illuminate\\Routing\\Router.php(657): Illuminate\\Routing\\Router->runRouteWithinStack()
#16 E:\\Work\\laravel-vuetify\\vendor\\laravel\\framework\\src\\Illuminate\\Routing\\Router.php(623): Illuminate\\Routing\\Router->runRoute()
#17 E:\\Work\\laravel-vuetify\\vendor\\laravel\\framework\\src\\Illuminate\\Routing\\Router.php(612): Illuminate\\Routing\\Router->dispatchToRoute()
#18 E:\\Work\\laravel-vuetify\\vendor\\laravel\\framework\\src\\Illuminate\\Foundation\\Http\\Kernel.php(176): Illuminate\\Routing\\Router->dispatch()
#19 E:\\Work\\laravel-vuetify\\vendor\\laravel\\framework\\src\\Illuminate\\Pipeline\\Pipeline.php(130): Illuminate\\Foundation\\Http\\Kernel->Illuminate\\Foundation\\Http\\{closure}()
#20 E:\\Work\\laravel-vuetify\\vendor\\fideloper\\proxy\\src\\TrustProxies.php(57): Illuminate\\Pipeline\\Pipeline->Illuminate\\Pipeline\\{closure}()
#21 E:\\Work\\laravel-vuetify\\vendor\\laravel\\framework\\src\\Illuminate\\Pipeline\\Pipeline.php(171): Fideloper\\Proxy\\TrustProxies->handle()
#22 E:\\Work\\laravel-vuetify\\vendor\\laravel\\framework\\src\\Illuminate\\Foundation\\Http\\Middleware\\TransformsRequest.php(21): Illuminate\\Pipeline\\Pipeline->Illuminate\\Pipeline\\{closure}()
#23 E:\\Work\\laravel-vuetify\\vendor\\laravel\\framework\\src\\Illuminate\\Pipeline\\Pipeline.php(171): Illuminate\\Foundation\\Http\\Middleware\\TransformsRequest->handle()
#24 E:\\Work\\laravel-vuetify\\vendor\\laravel\\framework\\src\\Illuminate\\Foundation\\Http\\Middleware\\TransformsRequest.php(21): Illuminate\\Pipeline\\Pipeline->Illuminate\\Pipeline\\{closure}()
#25 E:\\Work\\laravel-vuetify\\vendor\\laravel\\framework\\src\\Illuminate\\Pipeline\\Pipeline.php(171): Illuminate\\Foundation\\Http\\Middleware\\TransformsRequest->handle()
#26 E:\\Work\\laravel-vuetify\\vendor\\laravel\\framework\\src\\Illuminate\\Foundation\\Http\\Middleware\\ValidatePostSize.php(27): Illuminate\\Pipeline\\Pipeline->Illuminate\\Pipeline\\{closure}()
#27 E:\\Work\\laravel-vuetify\\vendor\\laravel\\framework\\src\\Illuminate\\Pipeline\\Pipeline.php(171): Illuminate\\Foundation\\Http\\Middleware\\ValidatePostSize->handle()
#28 E:\\Work\\laravel-vuetify\\vendor\\laravel\\framework\\src\\Illuminate\\Foundation\\Http\\Middleware\\CheckForMaintenanceMode.php(62): Illuminate\\Pipeline\\Pipeline->Illuminate\\Pipeline\\{closure}()
#29 E:\\Work\\laravel-vuetify\\vendor\\laravel\\framework\\src\\Illuminate\\Pipeline\\Pipeline.php(171): Illuminate\\Foundation\\Http\\Middleware\\CheckForMaintenanceMode->handle()
#30 E:\\Work\\laravel-vuetify\\vendor\\laravel\\framework\\src\\Illuminate\\Pipeline\\Pipeline.php(105): Illuminate\\Pipeline\\Pipeline->Illuminate\\Pipeline\\{closure}()
#31 E:\\Work\\laravel-vuetify\\vendor\\laravel\\framework\\src\\Illuminate\\Foundation\\Http\\Kernel.php(151): Illuminate\\Pipeline\\Pipeline->then()
#32 E:\\Work\\laravel-vuetify\\vendor\\laravel\\framework\\src\\Illuminate\\Foundation\\Http\\Kernel.php(116): Illuminate\\Foundation\\Http\\Kernel->sendRequestThroughRouter()
#33 E:\\Work\\laravel-vuetify\\public\\index.php(55): Illuminate\\Foundation\\Http\\Kernel->handle()
#34 E:\\Work\\laravel-vuetify\\server.php(21): require_once('E:\\\\Work\\\\laravel...')
#35 {main}
"} 
[2020-10-12 01:49:05] local.ERROR: Undefined index: email {"userId":"648b5f34-eb0f-4454-a4ab-eef34b92b304","exception":"[object] (ErrorException(code: 0): Undefined index: email at E:\\Work\\laravel-vuetify\\app\\Http\\Controllers\\TeamMemberController.php:28)
[stacktrace]
#0 E:\\Work\\laravel-vuetify\\app\\Http\\Controllers\\TeamMemberController.php(28): Illuminate\\Foundation\\Bootstrap\\HandleExceptions->handleError()
#1 [internal function]: App\\Http\\Controllers\\TeamMemberController->create()
#2 E:\\Work\\laravel-vuetify\\vendor\\laravel\\framework\\src\\Illuminate\\Routing\\Controller.php(54): call_user_func_array()
#3 E:\\Work\\laravel-vuetify\\vendor\\laravel\\framework\\src\\Illuminate\\Routing\\ControllerDispatcher.php(45): Illuminate\\Routing\\Controller->callAction()
#4 E:\\Work\\laravel-vuetify\\vendor\\laravel\\framework\\src\\Illuminate\\Routing\\Route.php(219): Illuminate\\Routing\\ControllerDispatcher->dispatch()
#5 E:\\Work\\laravel-vuetify\\vendor\\laravel\\framework\\src\\Illuminate\\Routing\\Route.php(176): Illuminate\\Routing\\Route->runController()
#6 E:\\Work\\laravel-vuetify\\vendor\\laravel\\framework\\src\\Illuminate\\Routing\\Router.php(680): Illuminate\\Routing\\Route->run()
#7 E:\\Work\\laravel-vuetify\\vendor\\laravel\\framework\\src\\Illuminate\\Pipeline\\Pipeline.php(130): Illuminate\\Routing\\Router->Illuminate\\Routing\\{closure}()
#8 E:\\Work\\laravel-vuetify\\vendor\\tymon\\jwt-auth\\src\\Http\\Middleware\\Authenticate.php(32): Illuminate\\Pipeline\\Pipeline->Illuminate\\Pipeline\\{closure}()
#9 E:\\Work\\laravel-vuetify\\vendor\\laravel\\framework\\src\\Illuminate\\Pipeline\\Pipeline.php(171): Tymon\\JWTAuth\\Http\\Middleware\\Authenticate->handle()
#10 E:\\Work\\laravel-vuetify\\vendor\\laravel\\framework\\src\\Illuminate\\Routing\\Middleware\\SubstituteBindings.php(41): Illuminate\\Pipeline\\Pipeline->Illuminate\\Pipeline\\{closure}()
#11 E:\\Work\\laravel-vuetify\\vendor\\laravel\\framework\\src\\Illuminate\\Pipeline\\Pipeline.php(171): Illuminate\\Routing\\Middleware\\SubstituteBindings->handle()
#12 E:\\Work\\laravel-vuetify\\vendor\\laravel\\framework\\src\\Illuminate\\Routing\\Middleware\\ThrottleRequests.php(59): Illuminate\\Pipeline\\Pipeline->Illuminate\\Pipeline\\{closure}()
#13 E:\\Work\\laravel-vuetify\\vendor\\laravel\\framework\\src\\Illuminate\\Pipeline\\Pipeline.php(171): Illuminate\\Routing\\Middleware\\ThrottleRequests->handle()
#14 E:\\Work\\laravel-vuetify\\vendor\\laravel\\framework\\src\\Illuminate\\Pipeline\\Pipeline.php(105): Illuminate\\Pipeline\\Pipeline->Illuminate\\Pipeline\\{closure}()
#15 E:\\Work\\laravel-vuetify\\vendor\\laravel\\framework\\src\\Illuminate\\Routing\\Router.php(682): Illuminate\\Pipeline\\Pipeline->then()
#16 E:\\Work\\laravel-vuetify\\vendor\\laravel\\framework\\src\\Illuminate\\Routing\\Router.php(657): Illuminate\\Routing\\Router->runRouteWithinStack()
#17 E:\\Work\\laravel-vuetify\\vendor\\laravel\\framework\\src\\Illuminate\\Routing\\Router.php(623): Illuminate\\Routing\\Router->runRoute()
#18 E:\\Work\\laravel-vuetify\\vendor\\laravel\\framework\\src\\Illuminate\\Routing\\Router.php(612): Illuminate\\Routing\\Router->dispatchToRoute()
#19 E:\\Work\\laravel-vuetify\\vendor\\laravel\\framework\\src\\Illuminate\\Foundation\\Http\\Kernel.php(176): Illuminate\\Routing\\Router->dispatch()
#20 E:\\Work\\laravel-vuetify\\vendor\\laravel\\framework\\src\\Illuminate\\Pipeline\\Pipeline.php(130): Illuminate\\Foundation\\Http\\Kernel->Illuminate\\Foundation\\Http\\{closure}()
#21 E:\\Work\\laravel-vuetify\\vendor\\fideloper\\proxy\\src\\TrustProxies.php(57): Illuminate\\Pipeline\\Pipeline->Illuminate\\Pipeline\\{closure}()
#22 E:\\Work\\laravel-vuetify\\vendor\\laravel\\framework\\src\\Illuminate\\Pipeline\\Pipeline.php(171): Fideloper\\Proxy\\TrustProxies->handle()
#23 E:\\Work\\laravel-vuetify\\vendor\\laravel\\framework\\src\\Illuminate\\Foundation\\Http\\Middleware\\TransformsRequest.php(21): Illuminate\\Pipeline\\Pipeline->Illuminate\\Pipeline\\{closure}()
#24 E:\\Work\\laravel-vuetify\\vendor\\laravel\\framework\\src\\Illuminate\\Pipeline\\Pipeline.php(171): Illuminate\\Foundation\\Http\\Middleware\\TransformsRequest->handle()
#25 E:\\Work\\laravel-vuetify\\vendor\\laravel\\framework\\src\\Illuminate\\Foundation\\Http\\Middleware\\TransformsRequest.php(21): Illuminate\\Pipeline\\Pipeline->Illuminate\\Pipeline\\{closure}()
#26 E:\\Work\\laravel-vuetify\\vendor\\laravel\\framework\\src\\Illuminate\\Pipeline\\Pipeline.php(171): Illuminate\\Foundation\\Http\\Middleware\\TransformsRequest->handle()
#27 E:\\Work\\laravel-vuetify\\vendor\\laravel\\framework\\src\\Illuminate\\Foundation\\Http\\Middleware\\ValidatePostSize.php(27): Illuminate\\Pipeline\\Pipeline->Illuminate\\Pipeline\\{closure}()
#28 E:\\Work\\laravel-vuetify\\vendor\\laravel\\framework\\src\\Illuminate\\Pipeline\\Pipeline.php(171): Illuminate\\Foundation\\Http\\Middleware\\ValidatePostSize->handle()
#29 E:\\Work\\laravel-vuetify\\vendor\\laravel\\framework\\src\\Illuminate\\Foundation\\Http\\Middleware\\CheckForMaintenanceMode.php(62): Illuminate\\Pipeline\\Pipeline->Illuminate\\Pipeline\\{closure}()
#30 E:\\Work\\laravel-vuetify\\vendor\\laravel\\framework\\src\\Illuminate\\Pipeline\\Pipeline.php(171): Illuminate\\Foundation\\Http\\Middleware\\CheckForMaintenanceMode->handle()
#31 E:\\Work\\laravel-vuetify\\vendor\\laravel\\framework\\src\\Illuminate\\Pipeline\\Pipeline.php(105): Illuminate\\Pipeline\\Pipeline->Illuminate\\Pipeline\\{closure}()
#32 E:\\Work\\laravel-vuetify\\vendor\\laravel\\framework\\src\\Illuminate\\Foundation\\Http\\Kernel.php(151): Illuminate\\Pipeline\\Pipeline->then()
#33 E:\\Work\\laravel-vuetify\\vendor\\laravel\\framework\\src\\Illuminate\\Foundation\\Http\\Kernel.php(116): Illuminate\\Foundation\\Http\\Kernel->sendRequestThroughRouter()
#34 E:\\Work\\laravel-vuetify\\public\\index.php(55): Illuminate\\Foundation\\Http\\Kernel->handle()
#35 E:\\Work\\laravel-vuetify\\server.php(21): require_once('E:\\\\Work\\\\laravel...')
#36 {main}
"} 
[2020-10-12 01:49:16] local.ERROR: Class 'App\Models\User' not found {"userId":"648b5f34-eb0f-4454-a4ab-eef34b92b304","exception":"[object] (Symfony\\Component\\Debug\\Exception\\FatalThrowableError(code: 0): Class 'App\\Models\\User' not found at E:\\Work\\laravel-vuetify\\app\\Http\\Controllers\\TeamMemberController.php:29)
[stacktrace]
#0 [internal function]: App\\Http\\Controllers\\TeamMemberController->create()
#1 E:\\Work\\laravel-vuetify\\vendor\\laravel\\framework\\src\\Illuminate\\Routing\\Controller.php(54): call_user_func_array()
#2 E:\\Work\\laravel-vuetify\\vendor\\laravel\\framework\\src\\Illuminate\\Routing\\ControllerDispatcher.php(45): Illuminate\\Routing\\Controller->callAction()
#3 E:\\Work\\laravel-vuetify\\vendor\\laravel\\framework\\src\\Illuminate\\Routing\\Route.php(219): Illuminate\\Routing\\ControllerDispatcher->dispatch()
#4 E:\\Work\\laravel-vuetify\\vendor\\laravel\\framework\\src\\Illuminate\\Routing\\Route.php(176): Illuminate\\Routing\\Route->runController()
#5 E:\\Work\\laravel-vuetify\\vendor\\laravel\\framework\\src\\Illuminate\\Routing\\Router.php(680): Illuminate\\Routing\\Route->run()
#6 E:\\Work\\laravel-vuetify\\vendor\\laravel\\framework\\src\\Illuminate\\Pipeline\\Pipeline.php(130): Illuminate\\Routing\\Router->Illuminate\\Routing\\{closure}()
#7 E:\\Work\\laravel-vuetify\\vendor\\tymon\\jwt-auth\\src\\Http\\Middleware\\Authenticate.php(32): Illuminate\\Pipeline\\Pipeline->Illuminate\\Pipeline\\{closure}()
#8 E:\\Work\\laravel-vuetify\\vendor\\laravel\\framework\\src\\Illuminate\\Pipeline\\Pipeline.php(171): Tymon\\JWTAuth\\Http\\Middleware\\Authenticate->handle()
#9 E:\\Work\\laravel-vuetify\\vendor\\laravel\\framework\\src\\Illuminate\\Routing\\Middleware\\SubstituteBindings.php(41): Illuminate\\Pipeline\\Pipeline->Illuminate\\Pipeline\\{closure}()
#10 E:\\Work\\laravel-vuetify\\vendor\\laravel\\framework\\src\\Illuminate\\Pipeline\\Pipeline.php(171): Illuminate\\Routing\\Middleware\\SubstituteBindings->handle()
#11 E:\\Work\\laravel-vuetify\\vendor\\laravel\\framework\\src\\Illuminate\\Routing\\Middleware\\ThrottleRequests.php(59): Illuminate\\Pipeline\\Pipeline->Illuminate\\Pipeline\\{closure}()
#12 E:\\Work\\laravel-vuetify\\vendor\\laravel\\framework\\src\\Illuminate\\Pipeline\\Pipeline.php(171): Illuminate\\Routing\\Middleware\\ThrottleRequests->handle()
#13 E:\\Work\\laravel-vuetify\\vendor\\laravel\\framework\\src\\Illuminate\\Pipeline\\Pipeline.php(105): Illuminate\\Pipeline\\Pipeline->Illuminate\\Pipeline\\{closure}()
#14 E:\\Work\\laravel-vuetify\\vendor\\laravel\\framework\\src\\Illuminate\\Routing\\Router.php(682): Illuminate\\Pipeline\\Pipeline->then()
#15 E:\\Work\\laravel-vuetify\\vendor\\laravel\\framework\\src\\Illuminate\\Routing\\Router.php(657): Illuminate\\Routing\\Router->runRouteWithinStack()
#16 E:\\Work\\laravel-vuetify\\vendor\\laravel\\framework\\src\\Illuminate\\Routing\\Router.php(623): Illuminate\\Routing\\Router->runRoute()
#17 E:\\Work\\laravel-vuetify\\vendor\\laravel\\framework\\src\\Illuminate\\Routing\\Router.php(612): Illuminate\\Routing\\Router->dispatchToRoute()
#18 E:\\Work\\laravel-vuetify\\vendor\\laravel\\framework\\src\\Illuminate\\Foundation\\Http\\Kernel.php(176): Illuminate\\Routing\\Router->dispatch()
#19 E:\\Work\\laravel-vuetify\\vendor\\laravel\\framework\\src\\Illuminate\\Pipeline\\Pipeline.php(130): Illuminate\\Foundation\\Http\\Kernel->Illuminate\\Foundation\\Http\\{closure}()
#20 E:\\Work\\laravel-vuetify\\vendor\\fideloper\\proxy\\src\\TrustProxies.php(57): Illuminate\\Pipeline\\Pipeline->Illuminate\\Pipeline\\{closure}()
#21 E:\\Work\\laravel-vuetify\\vendor\\laravel\\framework\\src\\Illuminate\\Pipeline\\Pipeline.php(171): Fideloper\\Proxy\\TrustProxies->handle()
#22 E:\\Work\\laravel-vuetify\\vendor\\laravel\\framework\\src\\Illuminate\\Foundation\\Http\\Middleware\\TransformsRequest.php(21): Illuminate\\Pipeline\\Pipeline->Illuminate\\Pipeline\\{closure}()
#23 E:\\Work\\laravel-vuetify\\vendor\\laravel\\framework\\src\\Illuminate\\Pipeline\\Pipeline.php(171): Illuminate\\Foundation\\Http\\Middleware\\TransformsRequest->handle()
#24 E:\\Work\\laravel-vuetify\\vendor\\laravel\\framework\\src\\Illuminate\\Foundation\\Http\\Middleware\\TransformsRequest.php(21): Illuminate\\Pipeline\\Pipeline->Illuminate\\Pipeline\\{closure}()
#25 E:\\Work\\laravel-vuetify\\vendor\\laravel\\framework\\src\\Illuminate\\Pipeline\\Pipeline.php(171): Illuminate\\Foundation\\Http\\Middleware\\TransformsRequest->handle()
#26 E:\\Work\\laravel-vuetify\\vendor\\laravel\\framework\\src\\Illuminate\\Foundation\\Http\\Middleware\\ValidatePostSize.php(27): Illuminate\\Pipeline\\Pipeline->Illuminate\\Pipeline\\{closure}()
#27 E:\\Work\\laravel-vuetify\\vendor\\laravel\\framework\\src\\Illuminate\\Pipeline\\Pipeline.php(171): Illuminate\\Foundation\\Http\\Middleware\\ValidatePostSize->handle()
#28 E:\\Work\\laravel-vuetify\\vendor\\laravel\\framework\\src\\Illuminate\\Foundation\\Http\\Middleware\\CheckForMaintenanceMode.php(62): Illuminate\\Pipeline\\Pipeline->Illuminate\\Pipeline\\{closure}()
#29 E:\\Work\\laravel-vuetify\\vendor\\laravel\\framework\\src\\Illuminate\\Pipeline\\Pipeline.php(171): Illuminate\\Foundation\\Http\\Middleware\\CheckForMaintenanceMode->handle()
#30 E:\\Work\\laravel-vuetify\\vendor\\laravel\\framework\\src\\Illuminate\\Pipeline\\Pipeline.php(105): Illuminate\\Pipeline\\Pipeline->Illuminate\\Pipeline\\{closure}()
#31 E:\\Work\\laravel-vuetify\\vendor\\laravel\\framework\\src\\Illuminate\\Foundation\\Http\\Kernel.php(151): Illuminate\\Pipeline\\Pipeline->then()
#32 E:\\Work\\laravel-vuetify\\vendor\\laravel\\framework\\src\\Illuminate\\Foundation\\Http\\Kernel.php(116): Illuminate\\Foundation\\Http\\Kernel->sendRequestThroughRouter()
#33 E:\\Work\\laravel-vuetify\\public\\index.php(55): Illuminate\\Foundation\\Http\\Kernel->handle()
#34 E:\\Work\\laravel-vuetify\\server.php(21): require_once('E:\\\\Work\\\\laravel...')
#35 {main}
"} 
[2020-10-12 01:50:15] local.ERROR: SQLSTATE[23000]: Integrity constraint violation: 1048 Column 'userid' cannot be null (SQL: insert into `team_members` (`teamid`, `userid`, `id`, `updated_at`, `created_at`) values (9ba782c7-e0de-409c-aa8d-679a395abd35, ?, cbf0a2e6-15a4-4c78-87ea-b880893593bb, 2020-10-12 01:50:15, 2020-10-12 01:50:15)) {"userId":"648b5f34-eb0f-4454-a4ab-eef34b92b304","exception":"[object] (Illuminate\\Database\\QueryException(code: 23000): SQLSTATE[23000]: Integrity constraint violation: 1048 Column 'userid' cannot be null (SQL: insert into `team_members` (`teamid`, `userid`, `id`, `updated_at`, `created_at`) values (9ba782c7-e0de-409c-aa8d-679a395abd35, ?, cbf0a2e6-15a4-4c78-87ea-b880893593bb, 2020-10-12 01:50:15, 2020-10-12 01:50:15)) at E:\\Work\\laravel-vuetify\\vendor\\laravel\\framework\\src\\Illuminate\\Database\\Connection.php:665)
[stacktrace]
#0 E:\\Work\\laravel-vuetify\\vendor\\laravel\\framework\\src\\Illuminate\\Database\\Connection.php(625): Illuminate\\Database\\Connection->runQueryCallback()
#1 E:\\Work\\laravel-vuetify\\vendor\\laravel\\framework\\src\\Illuminate\\Database\\Connection.php(460): Illuminate\\Database\\Connection->run()
#2 E:\\Work\\laravel-vuetify\\vendor\\laravel\\framework\\src\\Illuminate\\Database\\Connection.php(412): Illuminate\\Database\\Connection->statement()
#3 E:\\Work\\laravel-vuetify\\vendor\\laravel\\framework\\src\\Illuminate\\Database\\Query\\Builder.php(2614): Illuminate\\Database\\Connection->insert()
#4 E:\\Work\\laravel-vuetify\\vendor\\laravel\\framework\\src\\Illuminate\\Database\\Eloquent\\Builder.php(1317): Illuminate\\Database\\Query\\Builder->insert()
#5 E:\\Work\\laravel-vuetify\\vendor\\laravel\\framework\\src\\Illuminate\\Database\\Eloquent\\Model.php(815): Illuminate\\Database\\Eloquent\\Builder->__call()
#6 E:\\Work\\laravel-vuetify\\vendor\\laravel\\framework\\src\\Illuminate\\Database\\Eloquent\\Model.php(667): Illuminate\\Database\\Eloquent\\Model->performInsert()
#7 E:\\Work\\laravel-vuetify\\vendor\\laravel\\framework\\src\\Illuminate\\Database\\Eloquent\\Builder.php(749): Illuminate\\Database\\Eloquent\\Model->save()
#8 E:\\Work\\laravel-vuetify\\vendor\\laravel\\framework\\src\\Illuminate\\Support\\helpers.php(424): Illuminate\\Database\\Eloquent\\Builder->Illuminate\\Database\\Eloquent\\{closure}()
#9 E:\\Work\\laravel-vuetify\\vendor\\laravel\\framework\\src\\Illuminate\\Database\\Eloquent\\Builder.php(750): tap()
#10 E:\\Work\\laravel-vuetify\\vendor\\laravel\\framework\\src\\Illuminate\\Support\\Traits\\ForwardsCalls.php(23): Illuminate\\Database\\Eloquent\\Builder->create()
#11 E:\\Work\\laravel-vuetify\\vendor\\laravel\\framework\\src\\Illuminate\\Database\\Eloquent\\Model.php(1618): Illuminate\\Database\\Eloquent\\Model->forwardCallTo()
#12 E:\\Work\\laravel-vuetify\\vendor\\laravel\\framework\\src\\Illuminate\\Database\\Eloquent\\Model.php(1630): Illuminate\\Database\\Eloquent\\Model->__call()
#13 E:\\Work\\laravel-vuetify\\app\\Http\\Controllers\\TeamMemberController.php(36): Illuminate\\Database\\Eloquent\\Model::__callStatic()
#14 [internal function]: App\\Http\\Controllers\\TeamMemberController->create()
#15 E:\\Work\\laravel-vuetify\\vendor\\laravel\\framework\\src\\Illuminate\\Routing\\Controller.php(54): call_user_func_array()
#16 E:\\Work\\laravel-vuetify\\vendor\\laravel\\framework\\src\\Illuminate\\Routing\\ControllerDispatcher.php(45): Illuminate\\Routing\\Controller->callAction()
#17 E:\\Work\\laravel-vuetify\\vendor\\laravel\\framework\\src\\Illuminate\\Routing\\Route.php(219): Illuminate\\Routing\\ControllerDispatcher->dispatch()
#18 E:\\Work\\laravel-vuetify\\vendor\\laravel\\framework\\src\\Illuminate\\Routing\\Route.php(176): Illuminate\\Routing\\Route->runController()
#19 E:\\Work\\laravel-vuetify\\vendor\\laravel\\framework\\src\\Illuminate\\Routing\\Router.php(680): Illuminate\\Routing\\Route->run()
#20 E:\\Work\\laravel-vuetify\\vendor\\laravel\\framework\\src\\Illuminate\\Pipeline\\Pipeline.php(130): Illuminate\\Routing\\Router->Illuminate\\Routing\\{closure}()
#21 E:\\Work\\laravel-vuetify\\vendor\\tymon\\jwt-auth\\src\\Http\\Middleware\\Authenticate.php(32): Illuminate\\Pipeline\\Pipeline->Illuminate\\Pipeline\\{closure}()
#22 E:\\Work\\laravel-vuetify\\vendor\\laravel\\framework\\src\\Illuminate\\Pipeline\\Pipeline.php(171): Tymon\\JWTAuth\\Http\\Middleware\\Authenticate->handle()
#23 E:\\Work\\laravel-vuetify\\vendor\\laravel\\framework\\src\\Illuminate\\Routing\\Middleware\\SubstituteBindings.php(41): Illuminate\\Pipeline\\Pipeline->Illuminate\\Pipeline\\{closure}()
#24 E:\\Work\\laravel-vuetify\\vendor\\laravel\\framework\\src\\Illuminate\\Pipeline\\Pipeline.php(171): Illuminate\\Routing\\Middleware\\SubstituteBindings->handle()
#25 E:\\Work\\laravel-vuetify\\vendor\\laravel\\framework\\src\\Illuminate\\Routing\\Middleware\\ThrottleRequests.php(59): Illuminate\\Pipeline\\Pipeline->Illuminate\\Pipeline\\{closure}()
#26 E:\\Work\\laravel-vuetify\\vendor\\laravel\\framework\\src\\Illuminate\\Pipeline\\Pipeline.php(171): Illuminate\\Routing\\Middleware\\ThrottleRequests->handle()
#27 E:\\Work\\laravel-vuetify\\vendor\\laravel\\framework\\src\\Illuminate\\Pipeline\\Pipeline.php(105): Illuminate\\Pipeline\\Pipeline->Illuminate\\Pipeline\\{closure}()
#28 E:\\Work\\laravel-vuetify\\vendor\\laravel\\framework\\src\\Illuminate\\Routing\\Router.php(682): Illuminate\\Pipeline\\Pipeline->then()
#29 E:\\Work\\laravel-vuetify\\vendor\\laravel\\framework\\src\\Illuminate\\Routing\\Router.php(657): Illuminate\\Routing\\Router->runRouteWithinStack()
#30 E:\\Work\\laravel-vuetify\\vendor\\laravel\\framework\\src\\Illuminate\\Routing\\Router.php(623): Illuminate\\Routing\\Router->runRoute()
#31 E:\\Work\\laravel-vuetify\\vendor\\laravel\\framework\\src\\Illuminate\\Routing\\Router.php(612): Illuminate\\Routing\\Router->dispatchToRoute()
#32 E:\\Work\\laravel-vuetify\\vendor\\laravel\\framework\\src\\Illuminate\\Foundation\\Http\\Kernel.php(176): Illuminate\\Routing\\Router->dispatch()
#33 E:\\Work\\laravel-vuetify\\vendor\\laravel\\framework\\src\\Illuminate\\Pipeline\\Pipeline.php(130): Illuminate\\Foundation\\Http\\Kernel->Illuminate\\Foundation\\Http\\{closure}()
#34 E:\\Work\\laravel-vuetify\\vendor\\fideloper\\proxy\\src\\TrustProxies.php(57): Illuminate\\Pipeline\\Pipeline->Illuminate\\Pipeline\\{closure}()
#35 E:\\Work\\laravel-vuetify\\vendor\\laravel\\framework\\src\\Illuminate\\Pipeline\\Pipeline.php(171): Fideloper\\Proxy\\TrustProxies->handle()
#36 E:\\Work\\laravel-vuetify\\vendor\\laravel\\framework\\src\\Illuminate\\Foundation\\Http\\Middleware\\TransformsRequest.php(21): Illuminate\\Pipeline\\Pipeline->Illuminate\\Pipeline\\{closure}()
#37 E:\\Work\\laravel-vuetify\\vendor\\laravel\\framework\\src\\Illuminate\\Pipeline\\Pipeline.php(171): Illuminate\\Foundation\\Http\\Middleware\\TransformsRequest->handle()
#38 E:\\Work\\laravel-vuetify\\vendor\\laravel\\framework\\src\\Illuminate\\Foundation\\Http\\Middleware\\TransformsRequest.php(21): Illuminate\\Pipeline\\Pipeline->Illuminate\\Pipeline\\{closure}()
#39 E:\\Work\\laravel-vuetify\\vendor\\laravel\\framework\\src\\Illuminate\\Pipeline\\Pipeline.php(171): Illuminate\\Foundation\\Http\\Middleware\\TransformsRequest->handle()
#40 E:\\Work\\laravel-vuetify\\vendor\\laravel\\framework\\src\\Illuminate\\Foundation\\Http\\Middleware\\ValidatePostSize.php(27): Illuminate\\Pipeline\\Pipeline->Illuminate\\Pipeline\\{closure}()
#41 E:\\Work\\laravel-vuetify\\vendor\\laravel\\framework\\src\\Illuminate\\Pipeline\\Pipeline.php(171): Illuminate\\Foundation\\Http\\Middleware\\ValidatePostSize->handle()
#42 E:\\Work\\laravel-vuetify\\vendor\\laravel\\framework\\src\\Illuminate\\Foundation\\Http\\Middleware\\CheckForMaintenanceMode.php(62): Illuminate\\Pipeline\\Pipeline->Illuminate\\Pipeline\\{closure}()
#43 E:\\Work\\laravel-vuetify\\vendor\\laravel\\framework\\src\\Illuminate\\Pipeline\\Pipeline.php(171): Illuminate\\Foundation\\Http\\Middleware\\CheckForMaintenanceMode->handle()
#44 E:\\Work\\laravel-vuetify\\vendor\\laravel\\framework\\src\\Illuminate\\Pipeline\\Pipeline.php(105): Illuminate\\Pipeline\\Pipeline->Illuminate\\Pipeline\\{closure}()
#45 E:\\Work\\laravel-vuetify\\vendor\\laravel\\framework\\src\\Illuminate\\Foundation\\Http\\Kernel.php(151): Illuminate\\Pipeline\\Pipeline->then()
#46 E:\\Work\\laravel-vuetify\\vendor\\laravel\\framework\\src\\Illuminate\\Foundation\\Http\\Kernel.php(116): Illuminate\\Foundation\\Http\\Kernel->sendRequestThroughRouter()
#47 E:\\Work\\laravel-vuetify\\public\\index.php(55): Illuminate\\Foundation\\Http\\Kernel->handle()
#48 E:\\Work\\laravel-vuetify\\server.php(21): require_once('E:\\\\Work\\\\laravel...')
#49 {main}

[previous exception] [object] (Doctrine\\DBAL\\Driver\\PDOException(code: 23000): SQLSTATE[23000]: Integrity constraint violation: 1048 Column 'userid' cannot be null at E:\\Work\\laravel-vuetify\\vendor\\doctrine\\dbal\\lib\\Doctrine\\DBAL\\Driver\\PDOStatement.php:131)
[stacktrace]
#0 E:\\Work\\laravel-vuetify\\vendor\\laravel\\framework\\src\\Illuminate\\Database\\Connection.php(459): Doctrine\\DBAL\\Driver\\PDOStatement->execute()
#1 E:\\Work\\laravel-vuetify\\vendor\\laravel\\framework\\src\\Illuminate\\Database\\Connection.php(658): Illuminate\\Database\\Connection->Illuminate\\Database\\{closure}()
#2 E:\\Work\\laravel-vuetify\\vendor\\laravel\\framework\\src\\Illuminate\\Database\\Connection.php(625): Illuminate\\Database\\Connection->runQueryCallback()
#3 E:\\Work\\laravel-vuetify\\vendor\\laravel\\framework\\src\\Illuminate\\Database\\Connection.php(460): Illuminate\\Database\\Connection->run()
#4 E:\\Work\\laravel-vuetify\\vendor\\laravel\\framework\\src\\Illuminate\\Database\\Connection.php(412): Illuminate\\Database\\Connection->statement()
#5 E:\\Work\\laravel-vuetify\\vendor\\laravel\\framework\\src\\Illuminate\\Database\\Query\\Builder.php(2614): Illuminate\\Database\\Connection->insert()
#6 E:\\Work\\laravel-vuetify\\vendor\\laravel\\framework\\src\\Illuminate\\Database\\Eloquent\\Builder.php(1317): Illuminate\\Database\\Query\\Builder->insert()
#7 E:\\Work\\laravel-vuetify\\vendor\\laravel\\framework\\src\\Illuminate\\Database\\Eloquent\\Model.php(815): Illuminate\\Database\\Eloquent\\Builder->__call()
#8 E:\\Work\\laravel-vuetify\\vendor\\laravel\\framework\\src\\Illuminate\\Database\\Eloquent\\Model.php(667): Illuminate\\Database\\Eloquent\\Model->performInsert()
#9 E:\\Work\\laravel-vuetify\\vendor\\laravel\\framework\\src\\Illuminate\\Database\\Eloquent\\Builder.php(749): Illuminate\\Database\\Eloquent\\Model->save()
#10 E:\\Work\\laravel-vuetify\\vendor\\laravel\\framework\\src\\Illuminate\\Support\\helpers.php(424): Illuminate\\Database\\Eloquent\\Builder->Illuminate\\Database\\Eloquent\\{closure}()
#11 E:\\Work\\laravel-vuetify\\vendor\\laravel\\framework\\src\\Illuminate\\Database\\Eloquent\\Builder.php(750): tap()
#12 E:\\Work\\laravel-vuetify\\vendor\\laravel\\framework\\src\\Illuminate\\Support\\Traits\\ForwardsCalls.php(23): Illuminate\\Database\\Eloquent\\Builder->create()
#13 E:\\Work\\laravel-vuetify\\vendor\\laravel\\framework\\src\\Illuminate\\Database\\Eloquent\\Model.php(1618): Illuminate\\Database\\Eloquent\\Model->forwardCallTo()
#14 E:\\Work\\laravel-vuetify\\vendor\\laravel\\framework\\src\\Illuminate\\Database\\Eloquent\\Model.php(1630): Illuminate\\Database\\Eloquent\\Model->__call()
#15 E:\\Work\\laravel-vuetify\\app\\Http\\Controllers\\TeamMemberController.php(36): Illuminate\\Database\\Eloquent\\Model::__callStatic()
#16 [internal function]: App\\Http\\Controllers\\TeamMemberController->create()
#17 E:\\Work\\laravel-vuetify\\vendor\\laravel\\framework\\src\\Illuminate\\Routing\\Controller.php(54): call_user_func_array()
#18 E:\\Work\\laravel-vuetify\\vendor\\laravel\\framework\\src\\Illuminate\\Routing\\ControllerDispatcher.php(45): Illuminate\\Routing\\Controller->callAction()
#19 E:\\Work\\laravel-vuetify\\vendor\\laravel\\framework\\src\\Illuminate\\Routing\\Route.php(219): Illuminate\\Routing\\ControllerDispatcher->dispatch()
#20 E:\\Work\\laravel-vuetify\\vendor\\laravel\\framework\\src\\Illuminate\\Routing\\Route.php(176): Illuminate\\Routing\\Route->runController()
#21 E:\\Work\\laravel-vuetify\\vendor\\laravel\\framework\\src\\Illuminate\\Routing\\Router.php(680): Illuminate\\Routing\\Route->run()
#22 E:\\Work\\laravel-vuetify\\vendor\\laravel\\framework\\src\\Illuminate\\Pipeline\\Pipeline.php(130): Illuminate\\Routing\\Router->Illuminate\\Routing\\{closure}()
#23 E:\\Work\\laravel-vuetify\\vendor\\tymon\\jwt-auth\\src\\Http\\Middleware\\Authenticate.php(32): Illuminate\\Pipeline\\Pipeline->Illuminate\\Pipeline\\{closure}()
#24 E:\\Work\\laravel-vuetify\\vendor\\laravel\\framework\\src\\Illuminate\\Pipeline\\Pipeline.php(171): Tymon\\JWTAuth\\Http\\Middleware\\Authenticate->handle()
#25 E:\\Work\\laravel-vuetify\\vendor\\laravel\\framework\\src\\Illuminate\\Routing\\Middleware\\SubstituteBindings.php(41): Illuminate\\Pipeline\\Pipeline->Illuminate\\Pipeline\\{closure}()
#26 E:\\Work\\laravel-vuetify\\vendor\\laravel\\framework\\src\\Illuminate\\Pipeline\\Pipeline.php(171): Illuminate\\Routing\\Middleware\\SubstituteBindings->handle()
#27 E:\\Work\\laravel-vuetify\\vendor\\laravel\\framework\\src\\Illuminate\\Routing\\Middleware\\ThrottleRequests.php(59): Illuminate\\Pipeline\\Pipeline->Illuminate\\Pipeline\\{closure}()
#28 E:\\Work\\laravel-vuetify\\vendor\\laravel\\framework\\src\\Illuminate\\Pipeline\\Pipeline.php(171): Illuminate\\Routing\\Middleware\\ThrottleRequests->handle()
#29 E:\\Work\\laravel-vuetify\\vendor\\laravel\\framework\\src\\Illuminate\\Pipeline\\Pipeline.php(105): Illuminate\\Pipeline\\Pipeline->Illuminate\\Pipeline\\{closure}()
#30 E:\\Work\\laravel-vuetify\\vendor\\laravel\\framework\\src\\Illuminate\\Routing\\Router.php(682): Illuminate\\Pipeline\\Pipeline->then()
#31 E:\\Work\\laravel-vuetify\\vendor\\laravel\\framework\\src\\Illuminate\\Routing\\Router.php(657): Illuminate\\Routing\\Router->runRouteWithinStack()
#32 E:\\Work\\laravel-vuetify\\vendor\\laravel\\framework\\src\\Illuminate\\Routing\\Router.php(623): Illuminate\\Routing\\Router->runRoute()
#33 E:\\Work\\laravel-vuetify\\vendor\\laravel\\framework\\src\\Illuminate\\Routing\\Router.php(612): Illuminate\\Routing\\Router->dispatchToRoute()
#34 E:\\Work\\laravel-vuetify\\vendor\\laravel\\framework\\src\\Illuminate\\Foundation\\Http\\Kernel.php(176): Illuminate\\Routing\\Router->dispatch()
#35 E:\\Work\\laravel-vuetify\\vendor\\laravel\\framework\\src\\Illuminate\\Pipeline\\Pipeline.php(130): Illuminate\\Foundation\\Http\\Kernel->Illuminate\\Foundation\\Http\\{closure}()
#36 E:\\Work\\laravel-vuetify\\vendor\\fideloper\\proxy\\src\\TrustProxies.php(57): Illuminate\\Pipeline\\Pipeline->Illuminate\\Pipeline\\{closure}()
#37 E:\\Work\\laravel-vuetify\\vendor\\laravel\\framework\\src\\Illuminate\\Pipeline\\Pipeline.php(171): Fideloper\\Proxy\\TrustProxies->handle()
#38 E:\\Work\\laravel-vuetify\\vendor\\laravel\\framework\\src\\Illuminate\\Foundation\\Http\\Middleware\\TransformsRequest.php(21): Illuminate\\Pipeline\\Pipeline->Illuminate\\Pipeline\\{closure}()
#39 E:\\Work\\laravel-vuetify\\vendor\\laravel\\framework\\src\\Illuminate\\Pipeline\\Pipeline.php(171): Illuminate\\Foundation\\Http\\Middleware\\TransformsRequest->handle()
#40 E:\\Work\\laravel-vuetify\\vendor\\laravel\\framework\\src\\Illuminate\\Foundation\\Http\\Middleware\\TransformsRequest.php(21): Illuminate\\Pipeline\\Pipeline->Illuminate\\Pipeline\\{closure}()
#41 E:\\Work\\laravel-vuetify\\vendor\\laravel\\framework\\src\\Illuminate\\Pipeline\\Pipeline.php(171): Illuminate\\Foundation\\Http\\Middleware\\TransformsRequest->handle()
#42 E:\\Work\\laravel-vuetify\\vendor\\laravel\\framework\\src\\Illuminate\\Foundation\\Http\\Middleware\\ValidatePostSize.php(27): Illuminate\\Pipeline\\Pipeline->Illuminate\\Pipeline\\{closure}()
#43 E:\\Work\\laravel-vuetify\\vendor\\laravel\\framework\\src\\Illuminate\\Pipeline\\Pipeline.php(171): Illuminate\\Foundation\\Http\\Middleware\\ValidatePostSize->handle()
#44 E:\\Work\\laravel-vuetify\\vendor\\laravel\\framework\\src\\Illuminate\\Foundation\\Http\\Middleware\\CheckForMaintenanceMode.php(62): Illuminate\\Pipeline\\Pipeline->Illuminate\\Pipeline\\{closure}()
#45 E:\\Work\\laravel-vuetify\\vendor\\laravel\\framework\\src\\Illuminate\\Pipeline\\Pipeline.php(171): Illuminate\\Foundation\\Http\\Middleware\\CheckForMaintenanceMode->handle()
#46 E:\\Work\\laravel-vuetify\\vendor\\laravel\\framework\\src\\Illuminate\\Pipeline\\Pipeline.php(105): Illuminate\\Pipeline\\Pipeline->Illuminate\\Pipeline\\{closure}()
#47 E:\\Work\\laravel-vuetify\\vendor\\laravel\\framework\\src\\Illuminate\\Foundation\\Http\\Kernel.php(151): Illuminate\\Pipeline\\Pipeline->then()
#48 E:\\Work\\laravel-vuetify\\vendor\\laravel\\framework\\src\\Illuminate\\Foundation\\Http\\Kernel.php(116): Illuminate\\Foundation\\Http\\Kernel->sendRequestThroughRouter()
#49 E:\\Work\\laravel-vuetify\\public\\index.php(55): Illuminate\\Foundation\\Http\\Kernel->handle()
#50 E:\\Work\\laravel-vuetify\\server.php(21): require_once('E:\\\\Work\\\\laravel...')
#51 {main}

[previous exception] [object] (PDOException(code: 23000): SQLSTATE[23000]: Integrity constraint violation: 1048 Column 'userid' cannot be null at E:\\Work\\laravel-vuetify\\vendor\\doctrine\\dbal\\lib\\Doctrine\\DBAL\\Driver\\PDOStatement.php:129)
[stacktrace]
#0 E:\\Work\\laravel-vuetify\\vendor\\doctrine\\dbal\\lib\\Doctrine\\DBAL\\Driver\\PDOStatement.php(129): PDOStatement->execute()
#1 E:\\Work\\laravel-vuetify\\vendor\\laravel\\framework\\src\\Illuminate\\Database\\Connection.php(459): Doctrine\\DBAL\\Driver\\PDOStatement->execute()
#2 E:\\Work\\laravel-vuetify\\vendor\\laravel\\framework\\src\\Illuminate\\Database\\Connection.php(658): Illuminate\\Database\\Connection->Illuminate\\Database\\{closure}()
#3 E:\\Work\\laravel-vuetify\\vendor\\laravel\\framework\\src\\Illuminate\\Database\\Connection.php(625): Illuminate\\Database\\Connection->runQueryCallback()
#4 E:\\Work\\laravel-vuetify\\vendor\\laravel\\framework\\src\\Illuminate\\Database\\Connection.php(460): Illuminate\\Database\\Connection->run()
#5 E:\\Work\\laravel-vuetify\\vendor\\laravel\\framework\\src\\Illuminate\\Database\\Connection.php(412): Illuminate\\Database\\Connection->statement()
#6 E:\\Work\\laravel-vuetify\\vendor\\laravel\\framework\\src\\Illuminate\\Database\\Query\\Builder.php(2614): Illuminate\\Database\\Connection->insert()
#7 E:\\Work\\laravel-vuetify\\vendor\\laravel\\framework\\src\\Illuminate\\Database\\Eloquent\\Builder.php(1317): Illuminate\\Database\\Query\\Builder->insert()
#8 E:\\Work\\laravel-vuetify\\vendor\\laravel\\framework\\src\\Illuminate\\Database\\Eloquent\\Model.php(815): Illuminate\\Database\\Eloquent\\Builder->__call()
#9 E:\\Work\\laravel-vuetify\\vendor\\laravel\\framework\\src\\Illuminate\\Database\\Eloquent\\Model.php(667): Illuminate\\Database\\Eloquent\\Model->performInsert()
#10 E:\\Work\\laravel-vuetify\\vendor\\laravel\\framework\\src\\Illuminate\\Database\\Eloquent\\Builder.php(749): Illuminate\\Database\\Eloquent\\Model->save()
#11 E:\\Work\\laravel-vuetify\\vendor\\laravel\\framework\\src\\Illuminate\\Support\\helpers.php(424): Illuminate\\Database\\Eloquent\\Builder->Illuminate\\Database\\Eloquent\\{closure}()
#12 E:\\Work\\laravel-vuetify\\vendor\\laravel\\framework\\src\\Illuminate\\Database\\Eloquent\\Builder.php(750): tap()
#13 E:\\Work\\laravel-vuetify\\vendor\\laravel\\framework\\src\\Illuminate\\Support\\Traits\\ForwardsCalls.php(23): Illuminate\\Database\\Eloquent\\Builder->create()
#14 E:\\Work\\laravel-vuetify\\vendor\\laravel\\framework\\src\\Illuminate\\Database\\Eloquent\\Model.php(1618): Illuminate\\Database\\Eloquent\\Model->forwardCallTo()
#15 E:\\Work\\laravel-vuetify\\vendor\\laravel\\framework\\src\\Illuminate\\Database\\Eloquent\\Model.php(1630): Illuminate\\Database\\Eloquent\\Model->__call()
#16 E:\\Work\\laravel-vuetify\\app\\Http\\Controllers\\TeamMemberController.php(36): Illuminate\\Database\\Eloquent\\Model::__callStatic()
#17 [internal function]: App\\Http\\Controllers\\TeamMemberController->create()
#18 E:\\Work\\laravel-vuetify\\vendor\\laravel\\framework\\src\\Illuminate\\Routing\\Controller.php(54): call_user_func_array()
#19 E:\\Work\\laravel-vuetify\\vendor\\laravel\\framework\\src\\Illuminate\\Routing\\ControllerDispatcher.php(45): Illuminate\\Routing\\Controller->callAction()
#20 E:\\Work\\laravel-vuetify\\vendor\\laravel\\framework\\src\\Illuminate\\Routing\\Route.php(219): Illuminate\\Routing\\ControllerDispatcher->dispatch()
#21 E:\\Work\\laravel-vuetify\\vendor\\laravel\\framework\\src\\Illuminate\\Routing\\Route.php(176): Illuminate\\Routing\\Route->runController()
#22 E:\\Work\\laravel-vuetify\\vendor\\laravel\\framework\\src\\Illuminate\\Routing\\Router.php(680): Illuminate\\Routing\\Route->run()
#23 E:\\Work\\laravel-vuetify\\vendor\\laravel\\framework\\src\\Illuminate\\Pipeline\\Pipeline.php(130): Illuminate\\Routing\\Router->Illuminate\\Routing\\{closure}()
#24 E:\\Work\\laravel-vuetify\\vendor\\tymon\\jwt-auth\\src\\Http\\Middleware\\Authenticate.php(32): Illuminate\\Pipeline\\Pipeline->Illuminate\\Pipeline\\{closure}()
#25 E:\\Work\\laravel-vuetify\\vendor\\laravel\\framework\\src\\Illuminate\\Pipeline\\Pipeline.php(171): Tymon\\JWTAuth\\Http\\Middleware\\Authenticate->handle()
#26 E:\\Work\\laravel-vuetify\\vendor\\laravel\\framework\\src\\Illuminate\\Routing\\Middleware\\SubstituteBindings.php(41): Illuminate\\Pipeline\\Pipeline->Illuminate\\Pipeline\\{closure}()
#27 E:\\Work\\laravel-vuetify\\vendor\\laravel\\framework\\src\\Illuminate\\Pipeline\\Pipeline.php(171): Illuminate\\Routing\\Middleware\\SubstituteBindings->handle()
#28 E:\\Work\\laravel-vuetify\\vendor\\laravel\\framework\\src\\Illuminate\\Routing\\Middleware\\ThrottleRequests.php(59): Illuminate\\Pipeline\\Pipeline->Illuminate\\Pipeline\\{closure}()
#29 E:\\Work\\laravel-vuetify\\vendor\\laravel\\framework\\src\\Illuminate\\Pipeline\\Pipeline.php(171): Illuminate\\Routing\\Middleware\\ThrottleRequests->handle()
#30 E:\\Work\\laravel-vuetify\\vendor\\laravel\\framework\\src\\Illuminate\\Pipeline\\Pipeline.php(105): Illuminate\\Pipeline\\Pipeline->Illuminate\\Pipeline\\{closure}()
#31 E:\\Work\\laravel-vuetify\\vendor\\laravel\\framework\\src\\Illuminate\\Routing\\Router.php(682): Illuminate\\Pipeline\\Pipeline->then()
#32 E:\\Work\\laravel-vuetify\\vendor\\laravel\\framework\\src\\Illuminate\\Routing\\Router.php(657): Illuminate\\Routing\\Router->runRouteWithinStack()
#33 E:\\Work\\laravel-vuetify\\vendor\\laravel\\framework\\src\\Illuminate\\Routing\\Router.php(623): Illuminate\\Routing\\Router->runRoute()
#34 E:\\Work\\laravel-vuetify\\vendor\\laravel\\framework\\src\\Illuminate\\Routing\\Router.php(612): Illuminate\\Routing\\Router->dispatchToRoute()
#35 E:\\Work\\laravel-vuetify\\vendor\\laravel\\framework\\src\\Illuminate\\Foundation\\Http\\Kernel.php(176): Illuminate\\Routing\\Router->dispatch()
#36 E:\\Work\\laravel-vuetify\\vendor\\laravel\\framework\\src\\Illuminate\\Pipeline\\Pipeline.php(130): Illuminate\\Foundation\\Http\\Kernel->Illuminate\\Foundation\\Http\\{closure}()
#37 E:\\Work\\laravel-vuetify\\vendor\\fideloper\\proxy\\src\\TrustProxies.php(57): Illuminate\\Pipeline\\Pipeline->Illuminate\\Pipeline\\{closure}()
#38 E:\\Work\\laravel-vuetify\\vendor\\laravel\\framework\\src\\Illuminate\\Pipeline\\Pipeline.php(171): Fideloper\\Proxy\\TrustProxies->handle()
#39 E:\\Work\\laravel-vuetify\\vendor\\laravel\\framework\\src\\Illuminate\\Foundation\\Http\\Middleware\\TransformsRequest.php(21): Illuminate\\Pipeline\\Pipeline->Illuminate\\Pipeline\\{closure}()
#40 E:\\Work\\laravel-vuetify\\vendor\\laravel\\framework\\src\\Illuminate\\Pipeline\\Pipeline.php(171): Illuminate\\Foundation\\Http\\Middleware\\TransformsRequest->handle()
#41 E:\\Work\\laravel-vuetify\\vendor\\laravel\\framework\\src\\Illuminate\\Foundation\\Http\\Middleware\\TransformsRequest.php(21): Illuminate\\Pipeline\\Pipeline->Illuminate\\Pipeline\\{closure}()
#42 E:\\Work\\laravel-vuetify\\vendor\\laravel\\framework\\src\\Illuminate\\Pipeline\\Pipeline.php(171): Illuminate\\Foundation\\Http\\Middleware\\TransformsRequest->handle()
#43 E:\\Work\\laravel-vuetify\\vendor\\laravel\\framework\\src\\Illuminate\\Foundation\\Http\\Middleware\\ValidatePostSize.php(27): Illuminate\\Pipeline\\Pipeline->Illuminate\\Pipeline\\{closure}()
#44 E:\\Work\\laravel-vuetify\\vendor\\laravel\\framework\\src\\Illuminate\\Pipeline\\Pipeline.php(171): Illuminate\\Foundation\\Http\\Middleware\\ValidatePostSize->handle()
#45 E:\\Work\\laravel-vuetify\\vendor\\laravel\\framework\\src\\Illuminate\\Foundation\\Http\\Middleware\\CheckForMaintenanceMode.php(62): Illuminate\\Pipeline\\Pipeline->Illuminate\\Pipeline\\{closure}()
#46 E:\\Work\\laravel-vuetify\\vendor\\laravel\\framework\\src\\Illuminate\\Pipeline\\Pipeline.php(171): Illuminate\\Foundation\\Http\\Middleware\\CheckForMaintenanceMode->handle()
#47 E:\\Work\\laravel-vuetify\\vendor\\laravel\\framework\\src\\Illuminate\\Pipeline\\Pipeline.php(105): Illuminate\\Pipeline\\Pipeline->Illuminate\\Pipeline\\{closure}()
#48 E:\\Work\\laravel-vuetify\\vendor\\laravel\\framework\\src\\Illuminate\\Foundation\\Http\\Kernel.php(151): Illuminate\\Pipeline\\Pipeline->then()
#49 E:\\Work\\laravel-vuetify\\vendor\\laravel\\framework\\src\\Illuminate\\Foundation\\Http\\Kernel.php(116): Illuminate\\Foundation\\Http\\Kernel->sendRequestThroughRouter()
#50 E:\\Work\\laravel-vuetify\\public\\index.php(55): Illuminate\\Foundation\\Http\\Kernel->handle()
#51 E:\\Work\\laravel-vuetify\\server.php(21): require_once('E:\\\\Work\\\\laravel...')
#52 {main}
"} 
[2020-10-12 01:52:37] local.ERROR: Too few arguments to function App\Http\Controllers\TeamController::getTeamProjects(), 1 passed and exactly 2 expected {"userId":"648b5f34-eb0f-4454-a4ab-eef34b92b304","exception":"[object] (Symfony\\Component\\Debug\\Exception\\FatalThrowableError(code: 0): Too few arguments to function App\\Http\\Controllers\\TeamController::getTeamProjects(), 1 passed and exactly 2 expected at E:\\Work\\laravel-vuetify\\app\\Http\\Controllers\\TeamController.php:38)
[stacktrace]
#0 [internal function]: App\\Http\\Controllers\\TeamController->getTeamProjects()
#1 E:\\Work\\laravel-vuetify\\vendor\\laravel\\framework\\src\\Illuminate\\Routing\\Controller.php(54): call_user_func_array()
#2 E:\\Work\\laravel-vuetify\\vendor\\laravel\\framework\\src\\Illuminate\\Routing\\ControllerDispatcher.php(45): Illuminate\\Routing\\Controller->callAction()
#3 E:\\Work\\laravel-vuetify\\vendor\\laravel\\framework\\src\\Illuminate\\Routing\\Route.php(219): Illuminate\\Routing\\ControllerDispatcher->dispatch()
#4 E:\\Work\\laravel-vuetify\\vendor\\laravel\\framework\\src\\Illuminate\\Routing\\Route.php(176): Illuminate\\Routing\\Route->runController()
#5 E:\\Work\\laravel-vuetify\\vendor\\laravel\\framework\\src\\Illuminate\\Routing\\Router.php(680): Illuminate\\Routing\\Route->run()
#6 E:\\Work\\laravel-vuetify\\vendor\\laravel\\framework\\src\\Illuminate\\Pipeline\\Pipeline.php(130): Illuminate\\Routing\\Router->Illuminate\\Routing\\{closure}()
#7 E:\\Work\\laravel-vuetify\\vendor\\tymon\\jwt-auth\\src\\Http\\Middleware\\Authenticate.php(32): Illuminate\\Pipeline\\Pipeline->Illuminate\\Pipeline\\{closure}()
#8 E:\\Work\\laravel-vuetify\\vendor\\laravel\\framework\\src\\Illuminate\\Pipeline\\Pipeline.php(171): Tymon\\JWTAuth\\Http\\Middleware\\Authenticate->handle()
#9 E:\\Work\\laravel-vuetify\\vendor\\laravel\\framework\\src\\Illuminate\\Routing\\Middleware\\SubstituteBindings.php(41): Illuminate\\Pipeline\\Pipeline->Illuminate\\Pipeline\\{closure}()
#10 E:\\Work\\laravel-vuetify\\vendor\\laravel\\framework\\src\\Illuminate\\Pipeline\\Pipeline.php(171): Illuminate\\Routing\\Middleware\\SubstituteBindings->handle()
#11 E:\\Work\\laravel-vuetify\\vendor\\laravel\\framework\\src\\Illuminate\\Routing\\Middleware\\ThrottleRequests.php(59): Illuminate\\Pipeline\\Pipeline->Illuminate\\Pipeline\\{closure}()
#12 E:\\Work\\laravel-vuetify\\vendor\\laravel\\framework\\src\\Illuminate\\Pipeline\\Pipeline.php(171): Illuminate\\Routing\\Middleware\\ThrottleRequests->handle()
#13 E:\\Work\\laravel-vuetify\\vendor\\laravel\\framework\\src\\Illuminate\\Pipeline\\Pipeline.php(105): Illuminate\\Pipeline\\Pipeline->Illuminate\\Pipeline\\{closure}()
#14 E:\\Work\\laravel-vuetify\\vendor\\laravel\\framework\\src\\Illuminate\\Routing\\Router.php(682): Illuminate\\Pipeline\\Pipeline->then()
#15 E:\\Work\\laravel-vuetify\\vendor\\laravel\\framework\\src\\Illuminate\\Routing\\Router.php(657): Illuminate\\Routing\\Router->runRouteWithinStack()
#16 E:\\Work\\laravel-vuetify\\vendor\\laravel\\framework\\src\\Illuminate\\Routing\\Router.php(623): Illuminate\\Routing\\Router->runRoute()
#17 E:\\Work\\laravel-vuetify\\vendor\\laravel\\framework\\src\\Illuminate\\Routing\\Router.php(612): Illuminate\\Routing\\Router->dispatchToRoute()
#18 E:\\Work\\laravel-vuetify\\vendor\\laravel\\framework\\src\\Illuminate\\Foundation\\Http\\Kernel.php(176): Illuminate\\Routing\\Router->dispatch()
#19 E:\\Work\\laravel-vuetify\\vendor\\laravel\\framework\\src\\Illuminate\\Pipeline\\Pipeline.php(130): Illuminate\\Foundation\\Http\\Kernel->Illuminate\\Foundation\\Http\\{closure}()
#20 E:\\Work\\laravel-vuetify\\vendor\\fideloper\\proxy\\src\\TrustProxies.php(57): Illuminate\\Pipeline\\Pipeline->Illuminate\\Pipeline\\{closure}()
#21 E:\\Work\\laravel-vuetify\\vendor\\laravel\\framework\\src\\Illuminate\\Pipeline\\Pipeline.php(171): Fideloper\\Proxy\\TrustProxies->handle()
#22 E:\\Work\\laravel-vuetify\\vendor\\laravel\\framework\\src\\Illuminate\\Foundation\\Http\\Middleware\\TransformsRequest.php(21): Illuminate\\Pipeline\\Pipeline->Illuminate\\Pipeline\\{closure}()
#23 E:\\Work\\laravel-vuetify\\vendor\\laravel\\framework\\src\\Illuminate\\Pipeline\\Pipeline.php(171): Illuminate\\Foundation\\Http\\Middleware\\TransformsRequest->handle()
#24 E:\\Work\\laravel-vuetify\\vendor\\laravel\\framework\\src\\Illuminate\\Foundation\\Http\\Middleware\\TransformsRequest.php(21): Illuminate\\Pipeline\\Pipeline->Illuminate\\Pipeline\\{closure}()
#25 E:\\Work\\laravel-vuetify\\vendor\\laravel\\framework\\src\\Illuminate\\Pipeline\\Pipeline.php(171): Illuminate\\Foundation\\Http\\Middleware\\TransformsRequest->handle()
#26 E:\\Work\\laravel-vuetify\\vendor\\laravel\\framework\\src\\Illuminate\\Foundation\\Http\\Middleware\\ValidatePostSize.php(27): Illuminate\\Pipeline\\Pipeline->Illuminate\\Pipeline\\{closure}()
#27 E:\\Work\\laravel-vuetify\\vendor\\laravel\\framework\\src\\Illuminate\\Pipeline\\Pipeline.php(171): Illuminate\\Foundation\\Http\\Middleware\\ValidatePostSize->handle()
#28 E:\\Work\\laravel-vuetify\\vendor\\laravel\\framework\\src\\Illuminate\\Foundation\\Http\\Middleware\\CheckForMaintenanceMode.php(62): Illuminate\\Pipeline\\Pipeline->Illuminate\\Pipeline\\{closure}()
#29 E:\\Work\\laravel-vuetify\\vendor\\laravel\\framework\\src\\Illuminate\\Pipeline\\Pipeline.php(171): Illuminate\\Foundation\\Http\\Middleware\\CheckForMaintenanceMode->handle()
#30 E:\\Work\\laravel-vuetify\\vendor\\laravel\\framework\\src\\Illuminate\\Pipeline\\Pipeline.php(105): Illuminate\\Pipeline\\Pipeline->Illuminate\\Pipeline\\{closure}()
#31 E:\\Work\\laravel-vuetify\\vendor\\laravel\\framework\\src\\Illuminate\\Foundation\\Http\\Kernel.php(151): Illuminate\\Pipeline\\Pipeline->then()
#32 E:\\Work\\laravel-vuetify\\vendor\\laravel\\framework\\src\\Illuminate\\Foundation\\Http\\Kernel.php(116): Illuminate\\Foundation\\Http\\Kernel->sendRequestThroughRouter()
#33 E:\\Work\\laravel-vuetify\\public\\index.php(55): Illuminate\\Foundation\\Http\\Kernel->handle()
#34 E:\\Work\\laravel-vuetify\\server.php(21): require_once('E:\\\\Work\\\\laravel...')
#35 {main}
"} 
[2020-10-12 01:54:29] local.ERROR: Too few arguments to function App\Http\Controllers\TeamController::getTeamProjects(), 1 passed and exactly 2 expected {"userId":"7e16b2cc-ada8-43c7-8c79-123689246e1f","exception":"[object] (Symfony\\Component\\Debug\\Exception\\FatalThrowableError(code: 0): Too few arguments to function App\\Http\\Controllers\\TeamController::getTeamProjects(), 1 passed and exactly 2 expected at E:\\Work\\laravel-vuetify\\app\\Http\\Controllers\\TeamController.php:38)
[stacktrace]
#0 [internal function]: App\\Http\\Controllers\\TeamController->getTeamProjects()
#1 E:\\Work\\laravel-vuetify\\vendor\\laravel\\framework\\src\\Illuminate\\Routing\\Controller.php(54): call_user_func_array()
#2 E:\\Work\\laravel-vuetify\\vendor\\laravel\\framework\\src\\Illuminate\\Routing\\ControllerDispatcher.php(45): Illuminate\\Routing\\Controller->callAction()
#3 E:\\Work\\laravel-vuetify\\vendor\\laravel\\framework\\src\\Illuminate\\Routing\\Route.php(219): Illuminate\\Routing\\ControllerDispatcher->dispatch()
#4 E:\\Work\\laravel-vuetify\\vendor\\laravel\\framework\\src\\Illuminate\\Routing\\Route.php(176): Illuminate\\Routing\\Route->runController()
#5 E:\\Work\\laravel-vuetify\\vendor\\laravel\\framework\\src\\Illuminate\\Routing\\Router.php(680): Illuminate\\Routing\\Route->run()
#6 E:\\Work\\laravel-vuetify\\vendor\\laravel\\framework\\src\\Illuminate\\Pipeline\\Pipeline.php(130): Illuminate\\Routing\\Router->Illuminate\\Routing\\{closure}()
#7 E:\\Work\\laravel-vuetify\\vendor\\tymon\\jwt-auth\\src\\Http\\Middleware\\Authenticate.php(32): Illuminate\\Pipeline\\Pipeline->Illuminate\\Pipeline\\{closure}()
#8 E:\\Work\\laravel-vuetify\\vendor\\laravel\\framework\\src\\Illuminate\\Pipeline\\Pipeline.php(171): Tymon\\JWTAuth\\Http\\Middleware\\Authenticate->handle()
#9 E:\\Work\\laravel-vuetify\\vendor\\laravel\\framework\\src\\Illuminate\\Routing\\Middleware\\SubstituteBindings.php(41): Illuminate\\Pipeline\\Pipeline->Illuminate\\Pipeline\\{closure}()
#10 E:\\Work\\laravel-vuetify\\vendor\\laravel\\framework\\src\\Illuminate\\Pipeline\\Pipeline.php(171): Illuminate\\Routing\\Middleware\\SubstituteBindings->handle()
#11 E:\\Work\\laravel-vuetify\\vendor\\laravel\\framework\\src\\Illuminate\\Routing\\Middleware\\ThrottleRequests.php(59): Illuminate\\Pipeline\\Pipeline->Illuminate\\Pipeline\\{closure}()
#12 E:\\Work\\laravel-vuetify\\vendor\\laravel\\framework\\src\\Illuminate\\Pipeline\\Pipeline.php(171): Illuminate\\Routing\\Middleware\\ThrottleRequests->handle()
#13 E:\\Work\\laravel-vuetify\\vendor\\laravel\\framework\\src\\Illuminate\\Pipeline\\Pipeline.php(105): Illuminate\\Pipeline\\Pipeline->Illuminate\\Pipeline\\{closure}()
#14 E:\\Work\\laravel-vuetify\\vendor\\laravel\\framework\\src\\Illuminate\\Routing\\Router.php(682): Illuminate\\Pipeline\\Pipeline->then()
#15 E:\\Work\\laravel-vuetify\\vendor\\laravel\\framework\\src\\Illuminate\\Routing\\Router.php(657): Illuminate\\Routing\\Router->runRouteWithinStack()
#16 E:\\Work\\laravel-vuetify\\vendor\\laravel\\framework\\src\\Illuminate\\Routing\\Router.php(623): Illuminate\\Routing\\Router->runRoute()
#17 E:\\Work\\laravel-vuetify\\vendor\\laravel\\framework\\src\\Illuminate\\Routing\\Router.php(612): Illuminate\\Routing\\Router->dispatchToRoute()
#18 E:\\Work\\laravel-vuetify\\vendor\\laravel\\framework\\src\\Illuminate\\Foundation\\Http\\Kernel.php(176): Illuminate\\Routing\\Router->dispatch()
#19 E:\\Work\\laravel-vuetify\\vendor\\laravel\\framework\\src\\Illuminate\\Pipeline\\Pipeline.php(130): Illuminate\\Foundation\\Http\\Kernel->Illuminate\\Foundation\\Http\\{closure}()
#20 E:\\Work\\laravel-vuetify\\vendor\\fideloper\\proxy\\src\\TrustProxies.php(57): Illuminate\\Pipeline\\Pipeline->Illuminate\\Pipeline\\{closure}()
#21 E:\\Work\\laravel-vuetify\\vendor\\laravel\\framework\\src\\Illuminate\\Pipeline\\Pipeline.php(171): Fideloper\\Proxy\\TrustProxies->handle()
#22 E:\\Work\\laravel-vuetify\\vendor\\laravel\\framework\\src\\Illuminate\\Foundation\\Http\\Middleware\\TransformsRequest.php(21): Illuminate\\Pipeline\\Pipeline->Illuminate\\Pipeline\\{closure}()
#23 E:\\Work\\laravel-vuetify\\vendor\\laravel\\framework\\src\\Illuminate\\Pipeline\\Pipeline.php(171): Illuminate\\Foundation\\Http\\Middleware\\TransformsRequest->handle()
#24 E:\\Work\\laravel-vuetify\\vendor\\laravel\\framework\\src\\Illuminate\\Foundation\\Http\\Middleware\\TransformsRequest.php(21): Illuminate\\Pipeline\\Pipeline->Illuminate\\Pipeline\\{closure}()
#25 E:\\Work\\laravel-vuetify\\vendor\\laravel\\framework\\src\\Illuminate\\Pipeline\\Pipeline.php(171): Illuminate\\Foundation\\Http\\Middleware\\TransformsRequest->handle()
#26 E:\\Work\\laravel-vuetify\\vendor\\laravel\\framework\\src\\Illuminate\\Foundation\\Http\\Middleware\\ValidatePostSize.php(27): Illuminate\\Pipeline\\Pipeline->Illuminate\\Pipeline\\{closure}()
#27 E:\\Work\\laravel-vuetify\\vendor\\laravel\\framework\\src\\Illuminate\\Pipeline\\Pipeline.php(171): Illuminate\\Foundation\\Http\\Middleware\\ValidatePostSize->handle()
#28 E:\\Work\\laravel-vuetify\\vendor\\laravel\\framework\\src\\Illuminate\\Foundation\\Http\\Middleware\\CheckForMaintenanceMode.php(62): Illuminate\\Pipeline\\Pipeline->Illuminate\\Pipeline\\{closure}()
#29 E:\\Work\\laravel-vuetify\\vendor\\laravel\\framework\\src\\Illuminate\\Pipeline\\Pipeline.php(171): Illuminate\\Foundation\\Http\\Middleware\\CheckForMaintenanceMode->handle()
#30 E:\\Work\\laravel-vuetify\\vendor\\laravel\\framework\\src\\Illuminate\\Pipeline\\Pipeline.php(105): Illuminate\\Pipeline\\Pipeline->Illuminate\\Pipeline\\{closure}()
#31 E:\\Work\\laravel-vuetify\\vendor\\laravel\\framework\\src\\Illuminate\\Foundation\\Http\\Kernel.php(151): Illuminate\\Pipeline\\Pipeline->then()
#32 E:\\Work\\laravel-vuetify\\vendor\\laravel\\framework\\src\\Illuminate\\Foundation\\Http\\Kernel.php(116): Illuminate\\Foundation\\Http\\Kernel->sendRequestThroughRouter()
#33 E:\\Work\\laravel-vuetify\\public\\index.php(55): Illuminate\\Foundation\\Http\\Kernel->handle()
#34 E:\\Work\\laravel-vuetify\\server.php(21): require_once('E:\\\\Work\\\\laravel...')
#35 {main}
"} 
[2020-10-12 02:01:42] local.ERROR: Class 'App\Http\Controllers\Address' not found {"userId":"7e16b2cc-ada8-43c7-8c79-123689246e1f","exception":"[object] (Symfony\\Component\\Debug\\Exception\\FatalThrowableError(code: 0): Class 'App\\Http\\Controllers\\Address' not found at E:\\Work\\laravel-vuetify\\app\\Http\\Controllers\\TeamController.php:47)
[stacktrace]
#0 [internal function]: App\\Http\\Controllers\\TeamController->getTeamProjects()
#1 E:\\Work\\laravel-vuetify\\vendor\\laravel\\framework\\src\\Illuminate\\Routing\\Controller.php(54): call_user_func_array()
#2 E:\\Work\\laravel-vuetify\\vendor\\laravel\\framework\\src\\Illuminate\\Routing\\ControllerDispatcher.php(45): Illuminate\\Routing\\Controller->callAction()
#3 E:\\Work\\laravel-vuetify\\vendor\\laravel\\framework\\src\\Illuminate\\Routing\\Route.php(219): Illuminate\\Routing\\ControllerDispatcher->dispatch()
#4 E:\\Work\\laravel-vuetify\\vendor\\laravel\\framework\\src\\Illuminate\\Routing\\Route.php(176): Illuminate\\Routing\\Route->runController()
#5 E:\\Work\\laravel-vuetify\\vendor\\laravel\\framework\\src\\Illuminate\\Routing\\Router.php(680): Illuminate\\Routing\\Route->run()
#6 E:\\Work\\laravel-vuetify\\vendor\\laravel\\framework\\src\\Illuminate\\Pipeline\\Pipeline.php(130): Illuminate\\Routing\\Router->Illuminate\\Routing\\{closure}()
#7 E:\\Work\\laravel-vuetify\\vendor\\tymon\\jwt-auth\\src\\Http\\Middleware\\Authenticate.php(32): Illuminate\\Pipeline\\Pipeline->Illuminate\\Pipeline\\{closure}()
#8 E:\\Work\\laravel-vuetify\\vendor\\laravel\\framework\\src\\Illuminate\\Pipeline\\Pipeline.php(171): Tymon\\JWTAuth\\Http\\Middleware\\Authenticate->handle()
#9 E:\\Work\\laravel-vuetify\\vendor\\laravel\\framework\\src\\Illuminate\\Routing\\Middleware\\SubstituteBindings.php(41): Illuminate\\Pipeline\\Pipeline->Illuminate\\Pipeline\\{closure}()
#10 E:\\Work\\laravel-vuetify\\vendor\\laravel\\framework\\src\\Illuminate\\Pipeline\\Pipeline.php(171): Illuminate\\Routing\\Middleware\\SubstituteBindings->handle()
#11 E:\\Work\\laravel-vuetify\\vendor\\laravel\\framework\\src\\Illuminate\\Routing\\Middleware\\ThrottleRequests.php(59): Illuminate\\Pipeline\\Pipeline->Illuminate\\Pipeline\\{closure}()
#12 E:\\Work\\laravel-vuetify\\vendor\\laravel\\framework\\src\\Illuminate\\Pipeline\\Pipeline.php(171): Illuminate\\Routing\\Middleware\\ThrottleRequests->handle()
#13 E:\\Work\\laravel-vuetify\\vendor\\laravel\\framework\\src\\Illuminate\\Pipeline\\Pipeline.php(105): Illuminate\\Pipeline\\Pipeline->Illuminate\\Pipeline\\{closure}()
#14 E:\\Work\\laravel-vuetify\\vendor\\laravel\\framework\\src\\Illuminate\\Routing\\Router.php(682): Illuminate\\Pipeline\\Pipeline->then()
#15 E:\\Work\\laravel-vuetify\\vendor\\laravel\\framework\\src\\Illuminate\\Routing\\Router.php(657): Illuminate\\Routing\\Router->runRouteWithinStack()
#16 E:\\Work\\laravel-vuetify\\vendor\\laravel\\framework\\src\\Illuminate\\Routing\\Router.php(623): Illuminate\\Routing\\Router->runRoute()
#17 E:\\Work\\laravel-vuetify\\vendor\\laravel\\framework\\src\\Illuminate\\Routing\\Router.php(612): Illuminate\\Routing\\Router->dispatchToRoute()
#18 E:\\Work\\laravel-vuetify\\vendor\\laravel\\framework\\src\\Illuminate\\Foundation\\Http\\Kernel.php(176): Illuminate\\Routing\\Router->dispatch()
#19 E:\\Work\\laravel-vuetify\\vendor\\laravel\\framework\\src\\Illuminate\\Pipeline\\Pipeline.php(130): Illuminate\\Foundation\\Http\\Kernel->Illuminate\\Foundation\\Http\\{closure}()
#20 E:\\Work\\laravel-vuetify\\vendor\\fideloper\\proxy\\src\\TrustProxies.php(57): Illuminate\\Pipeline\\Pipeline->Illuminate\\Pipeline\\{closure}()
#21 E:\\Work\\laravel-vuetify\\vendor\\laravel\\framework\\src\\Illuminate\\Pipeline\\Pipeline.php(171): Fideloper\\Proxy\\TrustProxies->handle()
#22 E:\\Work\\laravel-vuetify\\vendor\\laravel\\framework\\src\\Illuminate\\Foundation\\Http\\Middleware\\TransformsRequest.php(21): Illuminate\\Pipeline\\Pipeline->Illuminate\\Pipeline\\{closure}()
#23 E:\\Work\\laravel-vuetify\\vendor\\laravel\\framework\\src\\Illuminate\\Pipeline\\Pipeline.php(171): Illuminate\\Foundation\\Http\\Middleware\\TransformsRequest->handle()
#24 E:\\Work\\laravel-vuetify\\vendor\\laravel\\framework\\src\\Illuminate\\Foundation\\Http\\Middleware\\TransformsRequest.php(21): Illuminate\\Pipeline\\Pipeline->Illuminate\\Pipeline\\{closure}()
#25 E:\\Work\\laravel-vuetify\\vendor\\laravel\\framework\\src\\Illuminate\\Pipeline\\Pipeline.php(171): Illuminate\\Foundation\\Http\\Middleware\\TransformsRequest->handle()
#26 E:\\Work\\laravel-vuetify\\vendor\\laravel\\framework\\src\\Illuminate\\Foundation\\Http\\Middleware\\ValidatePostSize.php(27): Illuminate\\Pipeline\\Pipeline->Illuminate\\Pipeline\\{closure}()
#27 E:\\Work\\laravel-vuetify\\vendor\\laravel\\framework\\src\\Illuminate\\Pipeline\\Pipeline.php(171): Illuminate\\Foundation\\Http\\Middleware\\ValidatePostSize->handle()
#28 E:\\Work\\laravel-vuetify\\vendor\\laravel\\framework\\src\\Illuminate\\Foundation\\Http\\Middleware\\CheckForMaintenanceMode.php(62): Illuminate\\Pipeline\\Pipeline->Illuminate\\Pipeline\\{closure}()
#29 E:\\Work\\laravel-vuetify\\vendor\\laravel\\framework\\src\\Illuminate\\Pipeline\\Pipeline.php(171): Illuminate\\Foundation\\Http\\Middleware\\CheckForMaintenanceMode->handle()
#30 E:\\Work\\laravel-vuetify\\vendor\\laravel\\framework\\src\\Illuminate\\Pipeline\\Pipeline.php(105): Illuminate\\Pipeline\\Pipeline->Illuminate\\Pipeline\\{closure}()
#31 E:\\Work\\laravel-vuetify\\vendor\\laravel\\framework\\src\\Illuminate\\Foundation\\Http\\Kernel.php(151): Illuminate\\Pipeline\\Pipeline->then()
#32 E:\\Work\\laravel-vuetify\\vendor\\laravel\\framework\\src\\Illuminate\\Foundation\\Http\\Kernel.php(116): Illuminate\\Foundation\\Http\\Kernel->sendRequestThroughRouter()
#33 E:\\Work\\laravel-vuetify\\public\\index.php(55): Illuminate\\Foundation\\Http\\Kernel->handle()
#34 E:\\Work\\laravel-vuetify\\server.php(21): require_once('E:\\\\Work\\\\laravel...')
#35 {main}
"} 
[2020-10-12 18:32:17] local.ERROR: Undefined variable: user {"userId":"648b5f34-eb0f-4454-a4ab-eef34b92b304","exception":"[object] (ErrorException(code: 0): Undefined variable: user at E:\\Work\\laravel-vuetify\\app\\Http\\Controllers\\TeamController.php:31)
[stacktrace]
#0 E:\\Work\\laravel-vuetify\\app\\Http\\Controllers\\TeamController.php(31): Illuminate\\Foundation\\Bootstrap\\HandleExceptions->handleError()
#1 [internal function]: App\\Http\\Controllers\\TeamController->getTeamList()
#2 E:\\Work\\laravel-vuetify\\vendor\\laravel\\framework\\src\\Illuminate\\Routing\\Controller.php(54): call_user_func_array()
#3 E:\\Work\\laravel-vuetify\\vendor\\laravel\\framework\\src\\Illuminate\\Routing\\ControllerDispatcher.php(45): Illuminate\\Routing\\Controller->callAction()
#4 E:\\Work\\laravel-vuetify\\vendor\\laravel\\framework\\src\\Illuminate\\Routing\\Route.php(219): Illuminate\\Routing\\ControllerDispatcher->dispatch()
#5 E:\\Work\\laravel-vuetify\\vendor\\laravel\\framework\\src\\Illuminate\\Routing\\Route.php(176): Illuminate\\Routing\\Route->runController()
#6 E:\\Work\\laravel-vuetify\\vendor\\laravel\\framework\\src\\Illuminate\\Routing\\Router.php(680): Illuminate\\Routing\\Route->run()
#7 E:\\Work\\laravel-vuetify\\vendor\\laravel\\framework\\src\\Illuminate\\Pipeline\\Pipeline.php(130): Illuminate\\Routing\\Router->Illuminate\\Routing\\{closure}()
#8 E:\\Work\\laravel-vuetify\\vendor\\tymon\\jwt-auth\\src\\Http\\Middleware\\Authenticate.php(32): Illuminate\\Pipeline\\Pipeline->Illuminate\\Pipeline\\{closure}()
#9 E:\\Work\\laravel-vuetify\\vendor\\laravel\\framework\\src\\Illuminate\\Pipeline\\Pipeline.php(171): Tymon\\JWTAuth\\Http\\Middleware\\Authenticate->handle()
#10 E:\\Work\\laravel-vuetify\\vendor\\laravel\\framework\\src\\Illuminate\\Routing\\Middleware\\SubstituteBindings.php(41): Illuminate\\Pipeline\\Pipeline->Illuminate\\Pipeline\\{closure}()
#11 E:\\Work\\laravel-vuetify\\vendor\\laravel\\framework\\src\\Illuminate\\Pipeline\\Pipeline.php(171): Illuminate\\Routing\\Middleware\\SubstituteBindings->handle()
#12 E:\\Work\\laravel-vuetify\\vendor\\laravel\\framework\\src\\Illuminate\\Routing\\Middleware\\ThrottleRequests.php(59): Illuminate\\Pipeline\\Pipeline->Illuminate\\Pipeline\\{closure}()
#13 E:\\Work\\laravel-vuetify\\vendor\\laravel\\framework\\src\\Illuminate\\Pipeline\\Pipeline.php(171): Illuminate\\Routing\\Middleware\\ThrottleRequests->handle()
#14 E:\\Work\\laravel-vuetify\\vendor\\laravel\\framework\\src\\Illuminate\\Pipeline\\Pipeline.php(105): Illuminate\\Pipeline\\Pipeline->Illuminate\\Pipeline\\{closure}()
#15 E:\\Work\\laravel-vuetify\\vendor\\laravel\\framework\\src\\Illuminate\\Routing\\Router.php(682): Illuminate\\Pipeline\\Pipeline->then()
#16 E:\\Work\\laravel-vuetify\\vendor\\laravel\\framework\\src\\Illuminate\\Routing\\Router.php(657): Illuminate\\Routing\\Router->runRouteWithinStack()
#17 E:\\Work\\laravel-vuetify\\vendor\\laravel\\framework\\src\\Illuminate\\Routing\\Router.php(623): Illuminate\\Routing\\Router->runRoute()
#18 E:\\Work\\laravel-vuetify\\vendor\\laravel\\framework\\src\\Illuminate\\Routing\\Router.php(612): Illuminate\\Routing\\Router->dispatchToRoute()
#19 E:\\Work\\laravel-vuetify\\vendor\\laravel\\framework\\src\\Illuminate\\Foundation\\Http\\Kernel.php(176): Illuminate\\Routing\\Router->dispatch()
#20 E:\\Work\\laravel-vuetify\\vendor\\laravel\\framework\\src\\Illuminate\\Pipeline\\Pipeline.php(130): Illuminate\\Foundation\\Http\\Kernel->Illuminate\\Foundation\\Http\\{closure}()
#21 E:\\Work\\laravel-vuetify\\vendor\\fideloper\\proxy\\src\\TrustProxies.php(57): Illuminate\\Pipeline\\Pipeline->Illuminate\\Pipeline\\{closure}()
#22 E:\\Work\\laravel-vuetify\\vendor\\laravel\\framework\\src\\Illuminate\\Pipeline\\Pipeline.php(171): Fideloper\\Proxy\\TrustProxies->handle()
#23 E:\\Work\\laravel-vuetify\\vendor\\laravel\\framework\\src\\Illuminate\\Foundation\\Http\\Middleware\\TransformsRequest.php(21): Illuminate\\Pipeline\\Pipeline->Illuminate\\Pipeline\\{closure}()
#24 E:\\Work\\laravel-vuetify\\vendor\\laravel\\framework\\src\\Illuminate\\Pipeline\\Pipeline.php(171): Illuminate\\Foundation\\Http\\Middleware\\TransformsRequest->handle()
#25 E:\\Work\\laravel-vuetify\\vendor\\laravel\\framework\\src\\Illuminate\\Foundation\\Http\\Middleware\\TransformsRequest.php(21): Illuminate\\Pipeline\\Pipeline->Illuminate\\Pipeline\\{closure}()
#26 E:\\Work\\laravel-vuetify\\vendor\\laravel\\framework\\src\\Illuminate\\Pipeline\\Pipeline.php(171): Illuminate\\Foundation\\Http\\Middleware\\TransformsRequest->handle()
#27 E:\\Work\\laravel-vuetify\\vendor\\laravel\\framework\\src\\Illuminate\\Foundation\\Http\\Middleware\\ValidatePostSize.php(27): Illuminate\\Pipeline\\Pipeline->Illuminate\\Pipeline\\{closure}()
#28 E:\\Work\\laravel-vuetify\\vendor\\laravel\\framework\\src\\Illuminate\\Pipeline\\Pipeline.php(171): Illuminate\\Foundation\\Http\\Middleware\\ValidatePostSize->handle()
#29 E:\\Work\\laravel-vuetify\\vendor\\laravel\\framework\\src\\Illuminate\\Foundation\\Http\\Middleware\\CheckForMaintenanceMode.php(62): Illuminate\\Pipeline\\Pipeline->Illuminate\\Pipeline\\{closure}()
#30 E:\\Work\\laravel-vuetify\\vendor\\laravel\\framework\\src\\Illuminate\\Pipeline\\Pipeline.php(171): Illuminate\\Foundation\\Http\\Middleware\\CheckForMaintenanceMode->handle()
#31 E:\\Work\\laravel-vuetify\\vendor\\laravel\\framework\\src\\Illuminate\\Pipeline\\Pipeline.php(105): Illuminate\\Pipeline\\Pipeline->Illuminate\\Pipeline\\{closure}()
#32 E:\\Work\\laravel-vuetify\\vendor\\laravel\\framework\\src\\Illuminate\\Foundation\\Http\\Kernel.php(151): Illuminate\\Pipeline\\Pipeline->then()
#33 E:\\Work\\laravel-vuetify\\vendor\\laravel\\framework\\src\\Illuminate\\Foundation\\Http\\Kernel.php(116): Illuminate\\Foundation\\Http\\Kernel->sendRequestThroughRouter()
#34 E:\\Work\\laravel-vuetify\\public\\index.php(55): Illuminate\\Foundation\\Http\\Kernel->handle()
#35 E:\\Work\\laravel-vuetify\\server.php(21): require_once('E:\\\\Work\\\\laravel...')
#36 {main}
"} 
[2020-10-12 18:32:57] local.ERROR: Undefined variable: user_team {"userId":"648b5f34-eb0f-4454-a4ab-eef34b92b304","exception":"[object] (ErrorException(code: 0): Undefined variable: user_team at E:\\Work\\laravel-vuetify\\app\\Http\\Controllers\\TeamController.php:34)
[stacktrace]
#0 E:\\Work\\laravel-vuetify\\app\\Http\\Controllers\\TeamController.php(34): Illuminate\\Foundation\\Bootstrap\\HandleExceptions->handleError()
#1 [internal function]: App\\Http\\Controllers\\TeamController->getTeamList()
#2 E:\\Work\\laravel-vuetify\\vendor\\laravel\\framework\\src\\Illuminate\\Routing\\Controller.php(54): call_user_func_array()
#3 E:\\Work\\laravel-vuetify\\vendor\\laravel\\framework\\src\\Illuminate\\Routing\\ControllerDispatcher.php(45): Illuminate\\Routing\\Controller->callAction()
#4 E:\\Work\\laravel-vuetify\\vendor\\laravel\\framework\\src\\Illuminate\\Routing\\Route.php(219): Illuminate\\Routing\\ControllerDispatcher->dispatch()
#5 E:\\Work\\laravel-vuetify\\vendor\\laravel\\framework\\src\\Illuminate\\Routing\\Route.php(176): Illuminate\\Routing\\Route->runController()
#6 E:\\Work\\laravel-vuetify\\vendor\\laravel\\framework\\src\\Illuminate\\Routing\\Router.php(680): Illuminate\\Routing\\Route->run()
#7 E:\\Work\\laravel-vuetify\\vendor\\laravel\\framework\\src\\Illuminate\\Pipeline\\Pipeline.php(130): Illuminate\\Routing\\Router->Illuminate\\Routing\\{closure}()
#8 E:\\Work\\laravel-vuetify\\vendor\\tymon\\jwt-auth\\src\\Http\\Middleware\\Authenticate.php(32): Illuminate\\Pipeline\\Pipeline->Illuminate\\Pipeline\\{closure}()
#9 E:\\Work\\laravel-vuetify\\vendor\\laravel\\framework\\src\\Illuminate\\Pipeline\\Pipeline.php(171): Tymon\\JWTAuth\\Http\\Middleware\\Authenticate->handle()
#10 E:\\Work\\laravel-vuetify\\vendor\\laravel\\framework\\src\\Illuminate\\Routing\\Middleware\\SubstituteBindings.php(41): Illuminate\\Pipeline\\Pipeline->Illuminate\\Pipeline\\{closure}()
#11 E:\\Work\\laravel-vuetify\\vendor\\laravel\\framework\\src\\Illuminate\\Pipeline\\Pipeline.php(171): Illuminate\\Routing\\Middleware\\SubstituteBindings->handle()
#12 E:\\Work\\laravel-vuetify\\vendor\\laravel\\framework\\src\\Illuminate\\Routing\\Middleware\\ThrottleRequests.php(59): Illuminate\\Pipeline\\Pipeline->Illuminate\\Pipeline\\{closure}()
#13 E:\\Work\\laravel-vuetify\\vendor\\laravel\\framework\\src\\Illuminate\\Pipeline\\Pipeline.php(171): Illuminate\\Routing\\Middleware\\ThrottleRequests->handle()
#14 E:\\Work\\laravel-vuetify\\vendor\\laravel\\framework\\src\\Illuminate\\Pipeline\\Pipeline.php(105): Illuminate\\Pipeline\\Pipeline->Illuminate\\Pipeline\\{closure}()
#15 E:\\Work\\laravel-vuetify\\vendor\\laravel\\framework\\src\\Illuminate\\Routing\\Router.php(682): Illuminate\\Pipeline\\Pipeline->then()
#16 E:\\Work\\laravel-vuetify\\vendor\\laravel\\framework\\src\\Illuminate\\Routing\\Router.php(657): Illuminate\\Routing\\Router->runRouteWithinStack()
#17 E:\\Work\\laravel-vuetify\\vendor\\laravel\\framework\\src\\Illuminate\\Routing\\Router.php(623): Illuminate\\Routing\\Router->runRoute()
#18 E:\\Work\\laravel-vuetify\\vendor\\laravel\\framework\\src\\Illuminate\\Routing\\Router.php(612): Illuminate\\Routing\\Router->dispatchToRoute()
#19 E:\\Work\\laravel-vuetify\\vendor\\laravel\\framework\\src\\Illuminate\\Foundation\\Http\\Kernel.php(176): Illuminate\\Routing\\Router->dispatch()
#20 E:\\Work\\laravel-vuetify\\vendor\\laravel\\framework\\src\\Illuminate\\Pipeline\\Pipeline.php(130): Illuminate\\Foundation\\Http\\Kernel->Illuminate\\Foundation\\Http\\{closure}()
#21 E:\\Work\\laravel-vuetify\\vendor\\fideloper\\proxy\\src\\TrustProxies.php(57): Illuminate\\Pipeline\\Pipeline->Illuminate\\Pipeline\\{closure}()
#22 E:\\Work\\laravel-vuetify\\vendor\\laravel\\framework\\src\\Illuminate\\Pipeline\\Pipeline.php(171): Fideloper\\Proxy\\TrustProxies->handle()
#23 E:\\Work\\laravel-vuetify\\vendor\\laravel\\framework\\src\\Illuminate\\Foundation\\Http\\Middleware\\TransformsRequest.php(21): Illuminate\\Pipeline\\Pipeline->Illuminate\\Pipeline\\{closure}()
#24 E:\\Work\\laravel-vuetify\\vendor\\laravel\\framework\\src\\Illuminate\\Pipeline\\Pipeline.php(171): Illuminate\\Foundation\\Http\\Middleware\\TransformsRequest->handle()
#25 E:\\Work\\laravel-vuetify\\vendor\\laravel\\framework\\src\\Illuminate\\Foundation\\Http\\Middleware\\TransformsRequest.php(21): Illuminate\\Pipeline\\Pipeline->Illuminate\\Pipeline\\{closure}()
#26 E:\\Work\\laravel-vuetify\\vendor\\laravel\\framework\\src\\Illuminate\\Pipeline\\Pipeline.php(171): Illuminate\\Foundation\\Http\\Middleware\\TransformsRequest->handle()
#27 E:\\Work\\laravel-vuetify\\vendor\\laravel\\framework\\src\\Illuminate\\Foundation\\Http\\Middleware\\ValidatePostSize.php(27): Illuminate\\Pipeline\\Pipeline->Illuminate\\Pipeline\\{closure}()
#28 E:\\Work\\laravel-vuetify\\vendor\\laravel\\framework\\src\\Illuminate\\Pipeline\\Pipeline.php(171): Illuminate\\Foundation\\Http\\Middleware\\ValidatePostSize->handle()
#29 E:\\Work\\laravel-vuetify\\vendor\\laravel\\framework\\src\\Illuminate\\Foundation\\Http\\Middleware\\CheckForMaintenanceMode.php(62): Illuminate\\Pipeline\\Pipeline->Illuminate\\Pipeline\\{closure}()
#30 E:\\Work\\laravel-vuetify\\vendor\\laravel\\framework\\src\\Illuminate\\Pipeline\\Pipeline.php(171): Illuminate\\Foundation\\Http\\Middleware\\CheckForMaintenanceMode->handle()
#31 E:\\Work\\laravel-vuetify\\vendor\\laravel\\framework\\src\\Illuminate\\Pipeline\\Pipeline.php(105): Illuminate\\Pipeline\\Pipeline->Illuminate\\Pipeline\\{closure}()
#32 E:\\Work\\laravel-vuetify\\vendor\\laravel\\framework\\src\\Illuminate\\Foundation\\Http\\Kernel.php(151): Illuminate\\Pipeline\\Pipeline->then()
#33 E:\\Work\\laravel-vuetify\\vendor\\laravel\\framework\\src\\Illuminate\\Foundation\\Http\\Kernel.php(116): Illuminate\\Foundation\\Http\\Kernel->sendRequestThroughRouter()
#34 E:\\Work\\laravel-vuetify\\public\\index.php(55): Illuminate\\Foundation\\Http\\Kernel->handle()
#35 E:\\Work\\laravel-vuetify\\server.php(21): require_once('E:\\\\Work\\\\laravel...')
#36 {main}
"} 
[2020-10-12 18:42:09] local.ERROR: Class 'App\Models\User' not found {"userId":"7e16b2cc-ada8-43c7-8c79-123689246e1f","exception":"[object] (Symfony\\Component\\Debug\\Exception\\FatalThrowableError(code: 0): Class 'App\\Models\\User' not found at E:\\Work\\laravel-vuetify\\app\\Http\\Controllers\\TeamController.php:37)
[stacktrace]
#0 [internal function]: App\\Http\\Controllers\\TeamController->getTeamList()
#1 E:\\Work\\laravel-vuetify\\vendor\\laravel\\framework\\src\\Illuminate\\Routing\\Controller.php(54): call_user_func_array()
#2 E:\\Work\\laravel-vuetify\\vendor\\laravel\\framework\\src\\Illuminate\\Routing\\ControllerDispatcher.php(45): Illuminate\\Routing\\Controller->callAction()
#3 E:\\Work\\laravel-vuetify\\vendor\\laravel\\framework\\src\\Illuminate\\Routing\\Route.php(219): Illuminate\\Routing\\ControllerDispatcher->dispatch()
#4 E:\\Work\\laravel-vuetify\\vendor\\laravel\\framework\\src\\Illuminate\\Routing\\Route.php(176): Illuminate\\Routing\\Route->runController()
#5 E:\\Work\\laravel-vuetify\\vendor\\laravel\\framework\\src\\Illuminate\\Routing\\Router.php(680): Illuminate\\Routing\\Route->run()
#6 E:\\Work\\laravel-vuetify\\vendor\\laravel\\framework\\src\\Illuminate\\Pipeline\\Pipeline.php(130): Illuminate\\Routing\\Router->Illuminate\\Routing\\{closure}()
#7 E:\\Work\\laravel-vuetify\\vendor\\tymon\\jwt-auth\\src\\Http\\Middleware\\Authenticate.php(32): Illuminate\\Pipeline\\Pipeline->Illuminate\\Pipeline\\{closure}()
#8 E:\\Work\\laravel-vuetify\\vendor\\laravel\\framework\\src\\Illuminate\\Pipeline\\Pipeline.php(171): Tymon\\JWTAuth\\Http\\Middleware\\Authenticate->handle()
#9 E:\\Work\\laravel-vuetify\\vendor\\laravel\\framework\\src\\Illuminate\\Routing\\Middleware\\SubstituteBindings.php(41): Illuminate\\Pipeline\\Pipeline->Illuminate\\Pipeline\\{closure}()
#10 E:\\Work\\laravel-vuetify\\vendor\\laravel\\framework\\src\\Illuminate\\Pipeline\\Pipeline.php(171): Illuminate\\Routing\\Middleware\\SubstituteBindings->handle()
#11 E:\\Work\\laravel-vuetify\\vendor\\laravel\\framework\\src\\Illuminate\\Routing\\Middleware\\ThrottleRequests.php(59): Illuminate\\Pipeline\\Pipeline->Illuminate\\Pipeline\\{closure}()
#12 E:\\Work\\laravel-vuetify\\vendor\\laravel\\framework\\src\\Illuminate\\Pipeline\\Pipeline.php(171): Illuminate\\Routing\\Middleware\\ThrottleRequests->handle()
#13 E:\\Work\\laravel-vuetify\\vendor\\laravel\\framework\\src\\Illuminate\\Pipeline\\Pipeline.php(105): Illuminate\\Pipeline\\Pipeline->Illuminate\\Pipeline\\{closure}()
#14 E:\\Work\\laravel-vuetify\\vendor\\laravel\\framework\\src\\Illuminate\\Routing\\Router.php(682): Illuminate\\Pipeline\\Pipeline->then()
#15 E:\\Work\\laravel-vuetify\\vendor\\laravel\\framework\\src\\Illuminate\\Routing\\Router.php(657): Illuminate\\Routing\\Router->runRouteWithinStack()
#16 E:\\Work\\laravel-vuetify\\vendor\\laravel\\framework\\src\\Illuminate\\Routing\\Router.php(623): Illuminate\\Routing\\Router->runRoute()
#17 E:\\Work\\laravel-vuetify\\vendor\\laravel\\framework\\src\\Illuminate\\Routing\\Router.php(612): Illuminate\\Routing\\Router->dispatchToRoute()
#18 E:\\Work\\laravel-vuetify\\vendor\\laravel\\framework\\src\\Illuminate\\Foundation\\Http\\Kernel.php(176): Illuminate\\Routing\\Router->dispatch()
#19 E:\\Work\\laravel-vuetify\\vendor\\laravel\\framework\\src\\Illuminate\\Pipeline\\Pipeline.php(130): Illuminate\\Foundation\\Http\\Kernel->Illuminate\\Foundation\\Http\\{closure}()
#20 E:\\Work\\laravel-vuetify\\vendor\\fideloper\\proxy\\src\\TrustProxies.php(57): Illuminate\\Pipeline\\Pipeline->Illuminate\\Pipeline\\{closure}()
#21 E:\\Work\\laravel-vuetify\\vendor\\laravel\\framework\\src\\Illuminate\\Pipeline\\Pipeline.php(171): Fideloper\\Proxy\\TrustProxies->handle()
#22 E:\\Work\\laravel-vuetify\\vendor\\laravel\\framework\\src\\Illuminate\\Foundation\\Http\\Middleware\\TransformsRequest.php(21): Illuminate\\Pipeline\\Pipeline->Illuminate\\Pipeline\\{closure}()
#23 E:\\Work\\laravel-vuetify\\vendor\\laravel\\framework\\src\\Illuminate\\Pipeline\\Pipeline.php(171): Illuminate\\Foundation\\Http\\Middleware\\TransformsRequest->handle()
#24 E:\\Work\\laravel-vuetify\\vendor\\laravel\\framework\\src\\Illuminate\\Foundation\\Http\\Middleware\\TransformsRequest.php(21): Illuminate\\Pipeline\\Pipeline->Illuminate\\Pipeline\\{closure}()
#25 E:\\Work\\laravel-vuetify\\vendor\\laravel\\framework\\src\\Illuminate\\Pipeline\\Pipeline.php(171): Illuminate\\Foundation\\Http\\Middleware\\TransformsRequest->handle()
#26 E:\\Work\\laravel-vuetify\\vendor\\laravel\\framework\\src\\Illuminate\\Foundation\\Http\\Middleware\\ValidatePostSize.php(27): Illuminate\\Pipeline\\Pipeline->Illuminate\\Pipeline\\{closure}()
#27 E:\\Work\\laravel-vuetify\\vendor\\laravel\\framework\\src\\Illuminate\\Pipeline\\Pipeline.php(171): Illuminate\\Foundation\\Http\\Middleware\\ValidatePostSize->handle()
#28 E:\\Work\\laravel-vuetify\\vendor\\laravel\\framework\\src\\Illuminate\\Foundation\\Http\\Middleware\\CheckForMaintenanceMode.php(62): Illuminate\\Pipeline\\Pipeline->Illuminate\\Pipeline\\{closure}()
#29 E:\\Work\\laravel-vuetify\\vendor\\laravel\\framework\\src\\Illuminate\\Pipeline\\Pipeline.php(171): Illuminate\\Foundation\\Http\\Middleware\\CheckForMaintenanceMode->handle()
#30 E:\\Work\\laravel-vuetify\\vendor\\laravel\\framework\\src\\Illuminate\\Pipeline\\Pipeline.php(105): Illuminate\\Pipeline\\Pipeline->Illuminate\\Pipeline\\{closure}()
#31 E:\\Work\\laravel-vuetify\\vendor\\laravel\\framework\\src\\Illuminate\\Foundation\\Http\\Kernel.php(151): Illuminate\\Pipeline\\Pipeline->then()
#32 E:\\Work\\laravel-vuetify\\vendor\\laravel\\framework\\src\\Illuminate\\Foundation\\Http\\Kernel.php(116): Illuminate\\Foundation\\Http\\Kernel->sendRequestThroughRouter()
#33 E:\\Work\\laravel-vuetify\\public\\index.php(55): Illuminate\\Foundation\\Http\\Kernel->handle()
#34 E:\\Work\\laravel-vuetify\\server.php(21): require_once('E:\\\\Work\\\\laravel...')
#35 {main}
"} 
