[2020-11-06 00:58:56] local.ERROR: The token has been blacklisted {"exception":"[object] (Tymon\\JWTAuth\\Exceptions\\TokenBlacklistedException(code: 0): The token has been blacklisted at E:\\Work\\laravel-vuetify\\vendor\\tymon\\jwt-auth\\src\\Manager.php:109)
[stacktrace]
#0 E:\\Work\\laravel-vuetify\\vendor\\tymon\\jwt-auth\\src\\Manager.php(128): Tymon\\JWTAuth\\Manager->decode()
#1 E:\\Work\\laravel-vuetify\\vendor\\tymon\\jwt-auth\\src\\JWT.php(106): Tymon\\JWTAuth\\Manager->refresh()
#2 E:\\Work\\laravel-vuetify\\vendor\\tymon\\jwt-auth\\src\\JWTGuard.php(173): Tymon\\JWTAuth\\JWT->refresh()
#3 E:\\Work\\laravel-vuetify\\vendor\\laravel\\framework\\src\\Illuminate\\Auth\\AuthManager.php(297): Tymon\\JWTAuth\\JWTGuard->refresh()
#4 E:\\Work\\laravel-vuetify\\app\\Http\\Controllers\\Auth\\LoginController.php(60): Illuminate\\Auth\\AuthManager->__call()
#5 [internal function]: App\\Http\\Controllers\\Auth\\LoginController->refresh()
#6 E:\\Work\\laravel-vuetify\\vendor\\laravel\\framework\\src\\Illuminate\\Routing\\Controller.php(54): call_user_func_array()
#7 E:\\Work\\laravel-vuetify\\vendor\\laravel\\framework\\src\\Illuminate\\Routing\\ControllerDispatcher.php(45): Illuminate\\Routing\\Controller->callAction()
#8 E:\\Work\\laravel-vuetify\\vendor\\laravel\\framework\\src\\Illuminate\\Routing\\Route.php(219): Illuminate\\Routing\\ControllerDispatcher->dispatch()
#9 E:\\Work\\laravel-vuetify\\vendor\\laravel\\framework\\src\\Illuminate\\Routing\\Route.php(176): Illuminate\\Routing\\Route->runController()
#10 E:\\Work\\laravel-vuetify\\vendor\\laravel\\framework\\src\\Illuminate\\Routing\\Router.php(680): Illuminate\\Routing\\Route->run()
#11 E:\\Work\\laravel-vuetify\\vendor\\laravel\\framework\\src\\Illuminate\\Pipeline\\Pipeline.php(130): Illuminate\\Routing\\Router->Illuminate\\Routing\\{closure}()
#12 E:\\Work\\laravel-vuetify\\app\\Http\\Middleware\\RedirectIfAuthenticated.php(24): Illuminate\\Pipeline\\Pipeline->Illuminate\\Pipeline\\{closure}()
#13 E:\\Work\\laravel-vuetify\\vendor\\laravel\\framework\\src\\Illuminate\\Pipeline\\Pipeline.php(171): App\\Http\\Middleware\\RedirectIfAuthenticated->handle()
#14 E:\\Work\\laravel-vuetify\\vendor\\laravel\\framework\\src\\Illuminate\\Routing\\Middleware\\SubstituteBindings.php(41): Illuminate\\Pipeline\\Pipeline->Illuminate\\Pipeline\\{closure}()
#15 E:\\Work\\laravel-vuetify\\vendor\\laravel\\framework\\src\\Illuminate\\Pipeline\\Pipeline.php(171): Illuminate\\Routing\\Middleware\\SubstituteBindings->handle()
#16 E:\\Work\\laravel-vuetify\\vendor\\laravel\\framework\\src\\Illuminate\\Routing\\Middleware\\ThrottleRequests.php(59): Illuminate\\Pipeline\\Pipeline->Illuminate\\Pipeline\\{closure}()
#17 E:\\Work\\laravel-vuetify\\vendor\\laravel\\framework\\src\\Illuminate\\Pipeline\\Pipeline.php(171): Illuminate\\Routing\\Middleware\\ThrottleRequests->handle()
#18 E:\\Work\\laravel-vuetify\\vendor\\laravel\\framework\\src\\Illuminate\\Pipeline\\Pipeline.php(105): Illuminate\\Pipeline\\Pipeline->Illuminate\\Pipeline\\{closure}()
#19 E:\\Work\\laravel-vuetify\\vendor\\laravel\\framework\\src\\Illuminate\\Routing\\Router.php(682): Illuminate\\Pipeline\\Pipeline->then()
#20 E:\\Work\\laravel-vuetify\\vendor\\laravel\\framework\\src\\Illuminate\\Routing\\Router.php(657): Illuminate\\Routing\\Router->runRouteWithinStack()
#21 E:\\Work\\laravel-vuetify\\vendor\\laravel\\framework\\src\\Illuminate\\Routing\\Router.php(623): Illuminate\\Routing\\Router->runRoute()
#22 E:\\Work\\laravel-vuetify\\vendor\\laravel\\framework\\src\\Illuminate\\Routing\\Router.php(612): Illuminate\\Routing\\Router->dispatchToRoute()
#23 E:\\Work\\laravel-vuetify\\vendor\\laravel\\framework\\src\\Illuminate\\Foundation\\Http\\Kernel.php(176): Illuminate\\Routing\\Router->dispatch()
#24 E:\\Work\\laravel-vuetify\\vendor\\laravel\\framework\\src\\Illuminate\\Pipeline\\Pipeline.php(130): Illuminate\\Foundation\\Http\\Kernel->Illuminate\\Foundation\\Http\\{closure}()
#25 E:\\Work\\laravel-vuetify\\vendor\\fideloper\\proxy\\src\\TrustProxies.php(57): Illuminate\\Pipeline\\Pipeline->Illuminate\\Pipeline\\{closure}()
#26 E:\\Work\\laravel-vuetify\\vendor\\laravel\\framework\\src\\Illuminate\\Pipeline\\Pipeline.php(171): Fideloper\\Proxy\\TrustProxies->handle()
#27 E:\\Work\\laravel-vuetify\\vendor\\laravel\\framework\\src\\Illuminate\\Foundation\\Http\\Middleware\\TransformsRequest.php(21): Illuminate\\Pipeline\\Pipeline->Illuminate\\Pipeline\\{closure}()
#28 E:\\Work\\laravel-vuetify\\vendor\\laravel\\framework\\src\\Illuminate\\Pipeline\\Pipeline.php(171): Illuminate\\Foundation\\Http\\Middleware\\TransformsRequest->handle()
#29 E:\\Work\\laravel-vuetify\\vendor\\laravel\\framework\\src\\Illuminate\\Foundation\\Http\\Middleware\\TransformsRequest.php(21): Illuminate\\Pipeline\\Pipeline->Illuminate\\Pipeline\\{closure}()
#30 E:\\Work\\laravel-vuetify\\vendor\\laravel\\framework\\src\\Illuminate\\Pipeline\\Pipeline.php(171): Illuminate\\Foundation\\Http\\Middleware\\TransformsRequest->handle()
#31 E:\\Work\\laravel-vuetify\\vendor\\laravel\\framework\\src\\Illuminate\\Foundation\\Http\\Middleware\\ValidatePostSize.php(27): Illuminate\\Pipeline\\Pipeline->Illuminate\\Pipeline\\{closure}()
#32 E:\\Work\\laravel-vuetify\\vendor\\laravel\\framework\\src\\Illuminate\\Pipeline\\Pipeline.php(171): Illuminate\\Foundation\\Http\\Middleware\\ValidatePostSize->handle()
#33 E:\\Work\\laravel-vuetify\\vendor\\laravel\\framework\\src\\Illuminate\\Foundation\\Http\\Middleware\\CheckForMaintenanceMode.php(62): Illuminate\\Pipeline\\Pipeline->Illuminate\\Pipeline\\{closure}()
#34 E:\\Work\\laravel-vuetify\\vendor\\laravel\\framework\\src\\Illuminate\\Pipeline\\Pipeline.php(171): Illuminate\\Foundation\\Http\\Middleware\\CheckForMaintenanceMode->handle()
#35 E:\\Work\\laravel-vuetify\\vendor\\laravel\\framework\\src\\Illuminate\\Pipeline\\Pipeline.php(105): Illuminate\\Pipeline\\Pipeline->Illuminate\\Pipeline\\{closure}()
#36 E:\\Work\\laravel-vuetify\\vendor\\laravel\\framework\\src\\Illuminate\\Foundation\\Http\\Kernel.php(151): Illuminate\\Pipeline\\Pipeline->then()
#37 E:\\Work\\laravel-vuetify\\vendor\\laravel\\framework\\src\\Illuminate\\Foundation\\Http\\Kernel.php(116): Illuminate\\Foundation\\Http\\Kernel->sendRequestThroughRouter()
#38 E:\\Work\\laravel-vuetify\\public\\index.php(55): Illuminate\\Foundation\\Http\\Kernel->handle()
#39 E:\\Work\\laravel-vuetify\\server.php(21): require_once('E:\\\\Work\\\\laravel...')
#40 {main}
"} 
[2020-11-06 00:58:56] local.ERROR: The token has been blacklisted {"exception":"[object] (Tymon\\JWTAuth\\Exceptions\\TokenBlacklistedException(code: 0): The token has been blacklisted at E:\\Work\\laravel-vuetify\\vendor\\tymon\\jwt-auth\\src\\Manager.php:109)
[stacktrace]
#0 E:\\Work\\laravel-vuetify\\vendor\\tymon\\jwt-auth\\src\\Manager.php(128): Tymon\\JWTAuth\\Manager->decode()
#1 E:\\Work\\laravel-vuetify\\vendor\\tymon\\jwt-auth\\src\\JWT.php(106): Tymon\\JWTAuth\\Manager->refresh()
#2 E:\\Work\\laravel-vuetify\\vendor\\tymon\\jwt-auth\\src\\JWTGuard.php(173): Tymon\\JWTAuth\\JWT->refresh()
#3 E:\\Work\\laravel-vuetify\\vendor\\laravel\\framework\\src\\Illuminate\\Auth\\AuthManager.php(297): Tymon\\JWTAuth\\JWTGuard->refresh()
#4 E:\\Work\\laravel-vuetify\\app\\Http\\Controllers\\Auth\\LoginController.php(60): Illuminate\\Auth\\AuthManager->__call()
#5 [internal function]: App\\Http\\Controllers\\Auth\\LoginController->refresh()
#6 E:\\Work\\laravel-vuetify\\vendor\\laravel\\framework\\src\\Illuminate\\Routing\\Controller.php(54): call_user_func_array()
#7 E:\\Work\\laravel-vuetify\\vendor\\laravel\\framework\\src\\Illuminate\\Routing\\ControllerDispatcher.php(45): Illuminate\\Routing\\Controller->callAction()
#8 E:\\Work\\laravel-vuetify\\vendor\\laravel\\framework\\src\\Illuminate\\Routing\\Route.php(219): Illuminate\\Routing\\ControllerDispatcher->dispatch()
#9 E:\\Work\\laravel-vuetify\\vendor\\laravel\\framework\\src\\Illuminate\\Routing\\Route.php(176): Illuminate\\Routing\\Route->runController()
#10 E:\\Work\\laravel-vuetify\\vendor\\laravel\\framework\\src\\Illuminate\\Routing\\Router.php(680): Illuminate\\Routing\\Route->run()
#11 E:\\Work\\laravel-vuetify\\vendor\\laravel\\framework\\src\\Illuminate\\Pipeline\\Pipeline.php(130): Illuminate\\Routing\\Router->Illuminate\\Routing\\{closure}()
#12 E:\\Work\\laravel-vuetify\\app\\Http\\Middleware\\RedirectIfAuthenticated.php(24): Illuminate\\Pipeline\\Pipeline->Illuminate\\Pipeline\\{closure}()
#13 E:\\Work\\laravel-vuetify\\vendor\\laravel\\framework\\src\\Illuminate\\Pipeline\\Pipeline.php(171): App\\Http\\Middleware\\RedirectIfAuthenticated->handle()
#14 E:\\Work\\laravel-vuetify\\vendor\\laravel\\framework\\src\\Illuminate\\Routing\\Middleware\\SubstituteBindings.php(41): Illuminate\\Pipeline\\Pipeline->Illuminate\\Pipeline\\{closure}()
#15 E:\\Work\\laravel-vuetify\\vendor\\laravel\\framework\\src\\Illuminate\\Pipeline\\Pipeline.php(171): Illuminate\\Routing\\Middleware\\SubstituteBindings->handle()
#16 E:\\Work\\laravel-vuetify\\vendor\\laravel\\framework\\src\\Illuminate\\Routing\\Middleware\\ThrottleRequests.php(59): Illuminate\\Pipeline\\Pipeline->Illuminate\\Pipeline\\{closure}()
#17 E:\\Work\\laravel-vuetify\\vendor\\laravel\\framework\\src\\Illuminate\\Pipeline\\Pipeline.php(171): Illuminate\\Routing\\Middleware\\ThrottleRequests->handle()
#18 E:\\Work\\laravel-vuetify\\vendor\\laravel\\framework\\src\\Illuminate\\Pipeline\\Pipeline.php(105): Illuminate\\Pipeline\\Pipeline->Illuminate\\Pipeline\\{closure}()
#19 E:\\Work\\laravel-vuetify\\vendor\\laravel\\framework\\src\\Illuminate\\Routing\\Router.php(682): Illuminate\\Pipeline\\Pipeline->then()
#20 E:\\Work\\laravel-vuetify\\vendor\\laravel\\framework\\src\\Illuminate\\Routing\\Router.php(657): Illuminate\\Routing\\Router->runRouteWithinStack()
#21 E:\\Work\\laravel-vuetify\\vendor\\laravel\\framework\\src\\Illuminate\\Routing\\Router.php(623): Illuminate\\Routing\\Router->runRoute()
#22 E:\\Work\\laravel-vuetify\\vendor\\laravel\\framework\\src\\Illuminate\\Routing\\Router.php(612): Illuminate\\Routing\\Router->dispatchToRoute()
#23 E:\\Work\\laravel-vuetify\\vendor\\laravel\\framework\\src\\Illuminate\\Foundation\\Http\\Kernel.php(176): Illuminate\\Routing\\Router->dispatch()
#24 E:\\Work\\laravel-vuetify\\vendor\\laravel\\framework\\src\\Illuminate\\Pipeline\\Pipeline.php(130): Illuminate\\Foundation\\Http\\Kernel->Illuminate\\Foundation\\Http\\{closure}()
#25 E:\\Work\\laravel-vuetify\\vendor\\fideloper\\proxy\\src\\TrustProxies.php(57): Illuminate\\Pipeline\\Pipeline->Illuminate\\Pipeline\\{closure}()
#26 E:\\Work\\laravel-vuetify\\vendor\\laravel\\framework\\src\\Illuminate\\Pipeline\\Pipeline.php(171): Fideloper\\Proxy\\TrustProxies->handle()
#27 E:\\Work\\laravel-vuetify\\vendor\\laravel\\framework\\src\\Illuminate\\Foundation\\Http\\Middleware\\TransformsRequest.php(21): Illuminate\\Pipeline\\Pipeline->Illuminate\\Pipeline\\{closure}()
#28 E:\\Work\\laravel-vuetify\\vendor\\laravel\\framework\\src\\Illuminate\\Pipeline\\Pipeline.php(171): Illuminate\\Foundation\\Http\\Middleware\\TransformsRequest->handle()
#29 E:\\Work\\laravel-vuetify\\vendor\\laravel\\framework\\src\\Illuminate\\Foundation\\Http\\Middleware\\TransformsRequest.php(21): Illuminate\\Pipeline\\Pipeline->Illuminate\\Pipeline\\{closure}()
#30 E:\\Work\\laravel-vuetify\\vendor\\laravel\\framework\\src\\Illuminate\\Pipeline\\Pipeline.php(171): Illuminate\\Foundation\\Http\\Middleware\\TransformsRequest->handle()
#31 E:\\Work\\laravel-vuetify\\vendor\\laravel\\framework\\src\\Illuminate\\Foundation\\Http\\Middleware\\ValidatePostSize.php(27): Illuminate\\Pipeline\\Pipeline->Illuminate\\Pipeline\\{closure}()
#32 E:\\Work\\laravel-vuetify\\vendor\\laravel\\framework\\src\\Illuminate\\Pipeline\\Pipeline.php(171): Illuminate\\Foundation\\Http\\Middleware\\ValidatePostSize->handle()
#33 E:\\Work\\laravel-vuetify\\vendor\\laravel\\framework\\src\\Illuminate\\Foundation\\Http\\Middleware\\CheckForMaintenanceMode.php(62): Illuminate\\Pipeline\\Pipeline->Illuminate\\Pipeline\\{closure}()
#34 E:\\Work\\laravel-vuetify\\vendor\\laravel\\framework\\src\\Illuminate\\Pipeline\\Pipeline.php(171): Illuminate\\Foundation\\Http\\Middleware\\CheckForMaintenanceMode->handle()
#35 E:\\Work\\laravel-vuetify\\vendor\\laravel\\framework\\src\\Illuminate\\Pipeline\\Pipeline.php(105): Illuminate\\Pipeline\\Pipeline->Illuminate\\Pipeline\\{closure}()
#36 E:\\Work\\laravel-vuetify\\vendor\\laravel\\framework\\src\\Illuminate\\Foundation\\Http\\Kernel.php(151): Illuminate\\Pipeline\\Pipeline->then()
#37 E:\\Work\\laravel-vuetify\\vendor\\laravel\\framework\\src\\Illuminate\\Foundation\\Http\\Kernel.php(116): Illuminate\\Foundation\\Http\\Kernel->sendRequestThroughRouter()
#38 E:\\Work\\laravel-vuetify\\public\\index.php(55): Illuminate\\Foundation\\Http\\Kernel->handle()
#39 E:\\Work\\laravel-vuetify\\server.php(21): require_once('E:\\\\Work\\\\laravel...')
#40 {main}
"} 
[2020-11-06 00:58:56] local.ERROR: The token has been blacklisted {"exception":"[object] (Tymon\\JWTAuth\\Exceptions\\TokenBlacklistedException(code: 0): The token has been blacklisted at E:\\Work\\laravel-vuetify\\vendor\\tymon\\jwt-auth\\src\\Manager.php:109)
[stacktrace]
#0 E:\\Work\\laravel-vuetify\\vendor\\tymon\\jwt-auth\\src\\Manager.php(128): Tymon\\JWTAuth\\Manager->decode()
#1 E:\\Work\\laravel-vuetify\\vendor\\tymon\\jwt-auth\\src\\JWT.php(106): Tymon\\JWTAuth\\Manager->refresh()
#2 E:\\Work\\laravel-vuetify\\vendor\\tymon\\jwt-auth\\src\\JWTGuard.php(173): Tymon\\JWTAuth\\JWT->refresh()
#3 E:\\Work\\laravel-vuetify\\vendor\\laravel\\framework\\src\\Illuminate\\Auth\\AuthManager.php(297): Tymon\\JWTAuth\\JWTGuard->refresh()
#4 E:\\Work\\laravel-vuetify\\app\\Http\\Controllers\\Auth\\LoginController.php(60): Illuminate\\Auth\\AuthManager->__call()
#5 [internal function]: App\\Http\\Controllers\\Auth\\LoginController->refresh()
#6 E:\\Work\\laravel-vuetify\\vendor\\laravel\\framework\\src\\Illuminate\\Routing\\Controller.php(54): call_user_func_array()
#7 E:\\Work\\laravel-vuetify\\vendor\\laravel\\framework\\src\\Illuminate\\Routing\\ControllerDispatcher.php(45): Illuminate\\Routing\\Controller->callAction()
#8 E:\\Work\\laravel-vuetify\\vendor\\laravel\\framework\\src\\Illuminate\\Routing\\Route.php(219): Illuminate\\Routing\\ControllerDispatcher->dispatch()
#9 E:\\Work\\laravel-vuetify\\vendor\\laravel\\framework\\src\\Illuminate\\Routing\\Route.php(176): Illuminate\\Routing\\Route->runController()
#10 E:\\Work\\laravel-vuetify\\vendor\\laravel\\framework\\src\\Illuminate\\Routing\\Router.php(680): Illuminate\\Routing\\Route->run()
#11 E:\\Work\\laravel-vuetify\\vendor\\laravel\\framework\\src\\Illuminate\\Pipeline\\Pipeline.php(130): Illuminate\\Routing\\Router->Illuminate\\Routing\\{closure}()
#12 E:\\Work\\laravel-vuetify\\app\\Http\\Middleware\\RedirectIfAuthenticated.php(24): Illuminate\\Pipeline\\Pipeline->Illuminate\\Pipeline\\{closure}()
#13 E:\\Work\\laravel-vuetify\\vendor\\laravel\\framework\\src\\Illuminate\\Pipeline\\Pipeline.php(171): App\\Http\\Middleware\\RedirectIfAuthenticated->handle()
#14 E:\\Work\\laravel-vuetify\\vendor\\laravel\\framework\\src\\Illuminate\\Routing\\Middleware\\SubstituteBindings.php(41): Illuminate\\Pipeline\\Pipeline->Illuminate\\Pipeline\\{closure}()
#15 E:\\Work\\laravel-vuetify\\vendor\\laravel\\framework\\src\\Illuminate\\Pipeline\\Pipeline.php(171): Illuminate\\Routing\\Middleware\\SubstituteBindings->handle()
#16 E:\\Work\\laravel-vuetify\\vendor\\laravel\\framework\\src\\Illuminate\\Routing\\Middleware\\ThrottleRequests.php(59): Illuminate\\Pipeline\\Pipeline->Illuminate\\Pipeline\\{closure}()
#17 E:\\Work\\laravel-vuetify\\vendor\\laravel\\framework\\src\\Illuminate\\Pipeline\\Pipeline.php(171): Illuminate\\Routing\\Middleware\\ThrottleRequests->handle()
#18 E:\\Work\\laravel-vuetify\\vendor\\laravel\\framework\\src\\Illuminate\\Pipeline\\Pipeline.php(105): Illuminate\\Pipeline\\Pipeline->Illuminate\\Pipeline\\{closure}()
#19 E:\\Work\\laravel-vuetify\\vendor\\laravel\\framework\\src\\Illuminate\\Routing\\Router.php(682): Illuminate\\Pipeline\\Pipeline->then()
#20 E:\\Work\\laravel-vuetify\\vendor\\laravel\\framework\\src\\Illuminate\\Routing\\Router.php(657): Illuminate\\Routing\\Router->runRouteWithinStack()
#21 E:\\Work\\laravel-vuetify\\vendor\\laravel\\framework\\src\\Illuminate\\Routing\\Router.php(623): Illuminate\\Routing\\Router->runRoute()
#22 E:\\Work\\laravel-vuetify\\vendor\\laravel\\framework\\src\\Illuminate\\Routing\\Router.php(612): Illuminate\\Routing\\Router->dispatchToRoute()
#23 E:\\Work\\laravel-vuetify\\vendor\\laravel\\framework\\src\\Illuminate\\Foundation\\Http\\Kernel.php(176): Illuminate\\Routing\\Router->dispatch()
#24 E:\\Work\\laravel-vuetify\\vendor\\laravel\\framework\\src\\Illuminate\\Pipeline\\Pipeline.php(130): Illuminate\\Foundation\\Http\\Kernel->Illuminate\\Foundation\\Http\\{closure}()
#25 E:\\Work\\laravel-vuetify\\vendor\\fideloper\\proxy\\src\\TrustProxies.php(57): Illuminate\\Pipeline\\Pipeline->Illuminate\\Pipeline\\{closure}()
#26 E:\\Work\\laravel-vuetify\\vendor\\laravel\\framework\\src\\Illuminate\\Pipeline\\Pipeline.php(171): Fideloper\\Proxy\\TrustProxies->handle()
#27 E:\\Work\\laravel-vuetify\\vendor\\laravel\\framework\\src\\Illuminate\\Foundation\\Http\\Middleware\\TransformsRequest.php(21): Illuminate\\Pipeline\\Pipeline->Illuminate\\Pipeline\\{closure}()
#28 E:\\Work\\laravel-vuetify\\vendor\\laravel\\framework\\src\\Illuminate\\Pipeline\\Pipeline.php(171): Illuminate\\Foundation\\Http\\Middleware\\TransformsRequest->handle()
#29 E:\\Work\\laravel-vuetify\\vendor\\laravel\\framework\\src\\Illuminate\\Foundation\\Http\\Middleware\\TransformsRequest.php(21): Illuminate\\Pipeline\\Pipeline->Illuminate\\Pipeline\\{closure}()
#30 E:\\Work\\laravel-vuetify\\vendor\\laravel\\framework\\src\\Illuminate\\Pipeline\\Pipeline.php(171): Illuminate\\Foundation\\Http\\Middleware\\TransformsRequest->handle()
#31 E:\\Work\\laravel-vuetify\\vendor\\laravel\\framework\\src\\Illuminate\\Foundation\\Http\\Middleware\\ValidatePostSize.php(27): Illuminate\\Pipeline\\Pipeline->Illuminate\\Pipeline\\{closure}()
#32 E:\\Work\\laravel-vuetify\\vendor\\laravel\\framework\\src\\Illuminate\\Pipeline\\Pipeline.php(171): Illuminate\\Foundation\\Http\\Middleware\\ValidatePostSize->handle()
#33 E:\\Work\\laravel-vuetify\\vendor\\laravel\\framework\\src\\Illuminate\\Foundation\\Http\\Middleware\\CheckForMaintenanceMode.php(62): Illuminate\\Pipeline\\Pipeline->Illuminate\\Pipeline\\{closure}()
#34 E:\\Work\\laravel-vuetify\\vendor\\laravel\\framework\\src\\Illuminate\\Pipeline\\Pipeline.php(171): Illuminate\\Foundation\\Http\\Middleware\\CheckForMaintenanceMode->handle()
#35 E:\\Work\\laravel-vuetify\\vendor\\laravel\\framework\\src\\Illuminate\\Pipeline\\Pipeline.php(105): Illuminate\\Pipeline\\Pipeline->Illuminate\\Pipeline\\{closure}()
#36 E:\\Work\\laravel-vuetify\\vendor\\laravel\\framework\\src\\Illuminate\\Foundation\\Http\\Kernel.php(151): Illuminate\\Pipeline\\Pipeline->then()
#37 E:\\Work\\laravel-vuetify\\vendor\\laravel\\framework\\src\\Illuminate\\Foundation\\Http\\Kernel.php(116): Illuminate\\Foundation\\Http\\Kernel->sendRequestThroughRouter()
#38 E:\\Work\\laravel-vuetify\\public\\index.php(55): Illuminate\\Foundation\\Http\\Kernel->handle()
#39 E:\\Work\\laravel-vuetify\\server.php(21): require_once('E:\\\\Work\\\\laravel...')
#40 {main}
"} 
[2020-11-06 00:58:56] local.ERROR: The token has been blacklisted {"exception":"[object] (Tymon\\JWTAuth\\Exceptions\\TokenBlacklistedException(code: 0): The token has been blacklisted at E:\\Work\\laravel-vuetify\\vendor\\tymon\\jwt-auth\\src\\Manager.php:109)
[stacktrace]
#0 E:\\Work\\laravel-vuetify\\vendor\\tymon\\jwt-auth\\src\\Manager.php(128): Tymon\\JWTAuth\\Manager->decode()
#1 E:\\Work\\laravel-vuetify\\vendor\\tymon\\jwt-auth\\src\\JWT.php(106): Tymon\\JWTAuth\\Manager->refresh()
#2 E:\\Work\\laravel-vuetify\\vendor\\tymon\\jwt-auth\\src\\JWTGuard.php(173): Tymon\\JWTAuth\\JWT->refresh()
#3 E:\\Work\\laravel-vuetify\\vendor\\laravel\\framework\\src\\Illuminate\\Auth\\AuthManager.php(297): Tymon\\JWTAuth\\JWTGuard->refresh()
#4 E:\\Work\\laravel-vuetify\\app\\Http\\Controllers\\Auth\\LoginController.php(60): Illuminate\\Auth\\AuthManager->__call()
#5 [internal function]: App\\Http\\Controllers\\Auth\\LoginController->refresh()
#6 E:\\Work\\laravel-vuetify\\vendor\\laravel\\framework\\src\\Illuminate\\Routing\\Controller.php(54): call_user_func_array()
#7 E:\\Work\\laravel-vuetify\\vendor\\laravel\\framework\\src\\Illuminate\\Routing\\ControllerDispatcher.php(45): Illuminate\\Routing\\Controller->callAction()
#8 E:\\Work\\laravel-vuetify\\vendor\\laravel\\framework\\src\\Illuminate\\Routing\\Route.php(219): Illuminate\\Routing\\ControllerDispatcher->dispatch()
#9 E:\\Work\\laravel-vuetify\\vendor\\laravel\\framework\\src\\Illuminate\\Routing\\Route.php(176): Illuminate\\Routing\\Route->runController()
#10 E:\\Work\\laravel-vuetify\\vendor\\laravel\\framework\\src\\Illuminate\\Routing\\Router.php(680): Illuminate\\Routing\\Route->run()
#11 E:\\Work\\laravel-vuetify\\vendor\\laravel\\framework\\src\\Illuminate\\Pipeline\\Pipeline.php(130): Illuminate\\Routing\\Router->Illuminate\\Routing\\{closure}()
#12 E:\\Work\\laravel-vuetify\\app\\Http\\Middleware\\RedirectIfAuthenticated.php(24): Illuminate\\Pipeline\\Pipeline->Illuminate\\Pipeline\\{closure}()
#13 E:\\Work\\laravel-vuetify\\vendor\\laravel\\framework\\src\\Illuminate\\Pipeline\\Pipeline.php(171): App\\Http\\Middleware\\RedirectIfAuthenticated->handle()
#14 E:\\Work\\laravel-vuetify\\vendor\\laravel\\framework\\src\\Illuminate\\Routing\\Middleware\\SubstituteBindings.php(41): Illuminate\\Pipeline\\Pipeline->Illuminate\\Pipeline\\{closure}()
#15 E:\\Work\\laravel-vuetify\\vendor\\laravel\\framework\\src\\Illuminate\\Pipeline\\Pipeline.php(171): Illuminate\\Routing\\Middleware\\SubstituteBindings->handle()
#16 E:\\Work\\laravel-vuetify\\vendor\\laravel\\framework\\src\\Illuminate\\Routing\\Middleware\\ThrottleRequests.php(59): Illuminate\\Pipeline\\Pipeline->Illuminate\\Pipeline\\{closure}()
#17 E:\\Work\\laravel-vuetify\\vendor\\laravel\\framework\\src\\Illuminate\\Pipeline\\Pipeline.php(171): Illuminate\\Routing\\Middleware\\ThrottleRequests->handle()
#18 E:\\Work\\laravel-vuetify\\vendor\\laravel\\framework\\src\\Illuminate\\Pipeline\\Pipeline.php(105): Illuminate\\Pipeline\\Pipeline->Illuminate\\Pipeline\\{closure}()
#19 E:\\Work\\laravel-vuetify\\vendor\\laravel\\framework\\src\\Illuminate\\Routing\\Router.php(682): Illuminate\\Pipeline\\Pipeline->then()
#20 E:\\Work\\laravel-vuetify\\vendor\\laravel\\framework\\src\\Illuminate\\Routing\\Router.php(657): Illuminate\\Routing\\Router->runRouteWithinStack()
#21 E:\\Work\\laravel-vuetify\\vendor\\laravel\\framework\\src\\Illuminate\\Routing\\Router.php(623): Illuminate\\Routing\\Router->runRoute()
#22 E:\\Work\\laravel-vuetify\\vendor\\laravel\\framework\\src\\Illuminate\\Routing\\Router.php(612): Illuminate\\Routing\\Router->dispatchToRoute()
#23 E:\\Work\\laravel-vuetify\\vendor\\laravel\\framework\\src\\Illuminate\\Foundation\\Http\\Kernel.php(176): Illuminate\\Routing\\Router->dispatch()
#24 E:\\Work\\laravel-vuetify\\vendor\\laravel\\framework\\src\\Illuminate\\Pipeline\\Pipeline.php(130): Illuminate\\Foundation\\Http\\Kernel->Illuminate\\Foundation\\Http\\{closure}()
#25 E:\\Work\\laravel-vuetify\\vendor\\fideloper\\proxy\\src\\TrustProxies.php(57): Illuminate\\Pipeline\\Pipeline->Illuminate\\Pipeline\\{closure}()
#26 E:\\Work\\laravel-vuetify\\vendor\\laravel\\framework\\src\\Illuminate\\Pipeline\\Pipeline.php(171): Fideloper\\Proxy\\TrustProxies->handle()
#27 E:\\Work\\laravel-vuetify\\vendor\\laravel\\framework\\src\\Illuminate\\Foundation\\Http\\Middleware\\TransformsRequest.php(21): Illuminate\\Pipeline\\Pipeline->Illuminate\\Pipeline\\{closure}()
#28 E:\\Work\\laravel-vuetify\\vendor\\laravel\\framework\\src\\Illuminate\\Pipeline\\Pipeline.php(171): Illuminate\\Foundation\\Http\\Middleware\\TransformsRequest->handle()
#29 E:\\Work\\laravel-vuetify\\vendor\\laravel\\framework\\src\\Illuminate\\Foundation\\Http\\Middleware\\TransformsRequest.php(21): Illuminate\\Pipeline\\Pipeline->Illuminate\\Pipeline\\{closure}()
#30 E:\\Work\\laravel-vuetify\\vendor\\laravel\\framework\\src\\Illuminate\\Pipeline\\Pipeline.php(171): Illuminate\\Foundation\\Http\\Middleware\\TransformsRequest->handle()
#31 E:\\Work\\laravel-vuetify\\vendor\\laravel\\framework\\src\\Illuminate\\Foundation\\Http\\Middleware\\ValidatePostSize.php(27): Illuminate\\Pipeline\\Pipeline->Illuminate\\Pipeline\\{closure}()
#32 E:\\Work\\laravel-vuetify\\vendor\\laravel\\framework\\src\\Illuminate\\Pipeline\\Pipeline.php(171): Illuminate\\Foundation\\Http\\Middleware\\ValidatePostSize->handle()
#33 E:\\Work\\laravel-vuetify\\vendor\\laravel\\framework\\src\\Illuminate\\Foundation\\Http\\Middleware\\CheckForMaintenanceMode.php(62): Illuminate\\Pipeline\\Pipeline->Illuminate\\Pipeline\\{closure}()
#34 E:\\Work\\laravel-vuetify\\vendor\\laravel\\framework\\src\\Illuminate\\Pipeline\\Pipeline.php(171): Illuminate\\Foundation\\Http\\Middleware\\CheckForMaintenanceMode->handle()
#35 E:\\Work\\laravel-vuetify\\vendor\\laravel\\framework\\src\\Illuminate\\Pipeline\\Pipeline.php(105): Illuminate\\Pipeline\\Pipeline->Illuminate\\Pipeline\\{closure}()
#36 E:\\Work\\laravel-vuetify\\vendor\\laravel\\framework\\src\\Illuminate\\Foundation\\Http\\Kernel.php(151): Illuminate\\Pipeline\\Pipeline->then()
#37 E:\\Work\\laravel-vuetify\\vendor\\laravel\\framework\\src\\Illuminate\\Foundation\\Http\\Kernel.php(116): Illuminate\\Foundation\\Http\\Kernel->sendRequestThroughRouter()
#38 E:\\Work\\laravel-vuetify\\public\\index.php(55): Illuminate\\Foundation\\Http\\Kernel->handle()
#39 E:\\Work\\laravel-vuetify\\server.php(21): require_once('E:\\\\Work\\\\laravel...')
#40 {main}
"} 
[2020-11-06 00:58:56] local.ERROR: The token has been blacklisted {"exception":"[object] (Tymon\\JWTAuth\\Exceptions\\TokenBlacklistedException(code: 0): The token has been blacklisted at E:\\Work\\laravel-vuetify\\vendor\\tymon\\jwt-auth\\src\\Manager.php:109)
[stacktrace]
#0 E:\\Work\\laravel-vuetify\\vendor\\tymon\\jwt-auth\\src\\Manager.php(128): Tymon\\JWTAuth\\Manager->decode()
#1 E:\\Work\\laravel-vuetify\\vendor\\tymon\\jwt-auth\\src\\JWT.php(106): Tymon\\JWTAuth\\Manager->refresh()
#2 E:\\Work\\laravel-vuetify\\vendor\\tymon\\jwt-auth\\src\\JWTGuard.php(173): Tymon\\JWTAuth\\JWT->refresh()
#3 E:\\Work\\laravel-vuetify\\vendor\\laravel\\framework\\src\\Illuminate\\Auth\\AuthManager.php(297): Tymon\\JWTAuth\\JWTGuard->refresh()
#4 E:\\Work\\laravel-vuetify\\app\\Http\\Controllers\\Auth\\LoginController.php(60): Illuminate\\Auth\\AuthManager->__call()
#5 [internal function]: App\\Http\\Controllers\\Auth\\LoginController->refresh()
#6 E:\\Work\\laravel-vuetify\\vendor\\laravel\\framework\\src\\Illuminate\\Routing\\Controller.php(54): call_user_func_array()
#7 E:\\Work\\laravel-vuetify\\vendor\\laravel\\framework\\src\\Illuminate\\Routing\\ControllerDispatcher.php(45): Illuminate\\Routing\\Controller->callAction()
#8 E:\\Work\\laravel-vuetify\\vendor\\laravel\\framework\\src\\Illuminate\\Routing\\Route.php(219): Illuminate\\Routing\\ControllerDispatcher->dispatch()
#9 E:\\Work\\laravel-vuetify\\vendor\\laravel\\framework\\src\\Illuminate\\Routing\\Route.php(176): Illuminate\\Routing\\Route->runController()
#10 E:\\Work\\laravel-vuetify\\vendor\\laravel\\framework\\src\\Illuminate\\Routing\\Router.php(680): Illuminate\\Routing\\Route->run()
#11 E:\\Work\\laravel-vuetify\\vendor\\laravel\\framework\\src\\Illuminate\\Pipeline\\Pipeline.php(130): Illuminate\\Routing\\Router->Illuminate\\Routing\\{closure}()
#12 E:\\Work\\laravel-vuetify\\app\\Http\\Middleware\\RedirectIfAuthenticated.php(24): Illuminate\\Pipeline\\Pipeline->Illuminate\\Pipeline\\{closure}()
#13 E:\\Work\\laravel-vuetify\\vendor\\laravel\\framework\\src\\Illuminate\\Pipeline\\Pipeline.php(171): App\\Http\\Middleware\\RedirectIfAuthenticated->handle()
#14 E:\\Work\\laravel-vuetify\\vendor\\laravel\\framework\\src\\Illuminate\\Routing\\Middleware\\SubstituteBindings.php(41): Illuminate\\Pipeline\\Pipeline->Illuminate\\Pipeline\\{closure}()
#15 E:\\Work\\laravel-vuetify\\vendor\\laravel\\framework\\src\\Illuminate\\Pipeline\\Pipeline.php(171): Illuminate\\Routing\\Middleware\\SubstituteBindings->handle()
#16 E:\\Work\\laravel-vuetify\\vendor\\laravel\\framework\\src\\Illuminate\\Routing\\Middleware\\ThrottleRequests.php(59): Illuminate\\Pipeline\\Pipeline->Illuminate\\Pipeline\\{closure}()
#17 E:\\Work\\laravel-vuetify\\vendor\\laravel\\framework\\src\\Illuminate\\Pipeline\\Pipeline.php(171): Illuminate\\Routing\\Middleware\\ThrottleRequests->handle()
#18 E:\\Work\\laravel-vuetify\\vendor\\laravel\\framework\\src\\Illuminate\\Pipeline\\Pipeline.php(105): Illuminate\\Pipeline\\Pipeline->Illuminate\\Pipeline\\{closure}()
#19 E:\\Work\\laravel-vuetify\\vendor\\laravel\\framework\\src\\Illuminate\\Routing\\Router.php(682): Illuminate\\Pipeline\\Pipeline->then()
#20 E:\\Work\\laravel-vuetify\\vendor\\laravel\\framework\\src\\Illuminate\\Routing\\Router.php(657): Illuminate\\Routing\\Router->runRouteWithinStack()
#21 E:\\Work\\laravel-vuetify\\vendor\\laravel\\framework\\src\\Illuminate\\Routing\\Router.php(623): Illuminate\\Routing\\Router->runRoute()
#22 E:\\Work\\laravel-vuetify\\vendor\\laravel\\framework\\src\\Illuminate\\Routing\\Router.php(612): Illuminate\\Routing\\Router->dispatchToRoute()
#23 E:\\Work\\laravel-vuetify\\vendor\\laravel\\framework\\src\\Illuminate\\Foundation\\Http\\Kernel.php(176): Illuminate\\Routing\\Router->dispatch()
#24 E:\\Work\\laravel-vuetify\\vendor\\laravel\\framework\\src\\Illuminate\\Pipeline\\Pipeline.php(130): Illuminate\\Foundation\\Http\\Kernel->Illuminate\\Foundation\\Http\\{closure}()
#25 E:\\Work\\laravel-vuetify\\vendor\\fideloper\\proxy\\src\\TrustProxies.php(57): Illuminate\\Pipeline\\Pipeline->Illuminate\\Pipeline\\{closure}()
#26 E:\\Work\\laravel-vuetify\\vendor\\laravel\\framework\\src\\Illuminate\\Pipeline\\Pipeline.php(171): Fideloper\\Proxy\\TrustProxies->handle()
#27 E:\\Work\\laravel-vuetify\\vendor\\laravel\\framework\\src\\Illuminate\\Foundation\\Http\\Middleware\\TransformsRequest.php(21): Illuminate\\Pipeline\\Pipeline->Illuminate\\Pipeline\\{closure}()
#28 E:\\Work\\laravel-vuetify\\vendor\\laravel\\framework\\src\\Illuminate\\Pipeline\\Pipeline.php(171): Illuminate\\Foundation\\Http\\Middleware\\TransformsRequest->handle()
#29 E:\\Work\\laravel-vuetify\\vendor\\laravel\\framework\\src\\Illuminate\\Foundation\\Http\\Middleware\\TransformsRequest.php(21): Illuminate\\Pipeline\\Pipeline->Illuminate\\Pipeline\\{closure}()
#30 E:\\Work\\laravel-vuetify\\vendor\\laravel\\framework\\src\\Illuminate\\Pipeline\\Pipeline.php(171): Illuminate\\Foundation\\Http\\Middleware\\TransformsRequest->handle()
#31 E:\\Work\\laravel-vuetify\\vendor\\laravel\\framework\\src\\Illuminate\\Foundation\\Http\\Middleware\\ValidatePostSize.php(27): Illuminate\\Pipeline\\Pipeline->Illuminate\\Pipeline\\{closure}()
#32 E:\\Work\\laravel-vuetify\\vendor\\laravel\\framework\\src\\Illuminate\\Pipeline\\Pipeline.php(171): Illuminate\\Foundation\\Http\\Middleware\\ValidatePostSize->handle()
#33 E:\\Work\\laravel-vuetify\\vendor\\laravel\\framework\\src\\Illuminate\\Foundation\\Http\\Middleware\\CheckForMaintenanceMode.php(62): Illuminate\\Pipeline\\Pipeline->Illuminate\\Pipeline\\{closure}()
#34 E:\\Work\\laravel-vuetify\\vendor\\laravel\\framework\\src\\Illuminate\\Pipeline\\Pipeline.php(171): Illuminate\\Foundation\\Http\\Middleware\\CheckForMaintenanceMode->handle()
#35 E:\\Work\\laravel-vuetify\\vendor\\laravel\\framework\\src\\Illuminate\\Pipeline\\Pipeline.php(105): Illuminate\\Pipeline\\Pipeline->Illuminate\\Pipeline\\{closure}()
#36 E:\\Work\\laravel-vuetify\\vendor\\laravel\\framework\\src\\Illuminate\\Foundation\\Http\\Kernel.php(151): Illuminate\\Pipeline\\Pipeline->then()
#37 E:\\Work\\laravel-vuetify\\vendor\\laravel\\framework\\src\\Illuminate\\Foundation\\Http\\Kernel.php(116): Illuminate\\Foundation\\Http\\Kernel->sendRequestThroughRouter()
#38 E:\\Work\\laravel-vuetify\\public\\index.php(55): Illuminate\\Foundation\\Http\\Kernel->handle()
#39 E:\\Work\\laravel-vuetify\\server.php(21): require_once('E:\\\\Work\\\\laravel...')
#40 {main}
"} 
[2020-11-06 01:11:31] local.ERROR: Undefined variable: project {"userId":"648b5f34-eb0f-4454-a4ab-eef34b92b304","exception":"[object] (ErrorException(code: 0): Undefined variable: project at E:\\Work\\laravel-vuetify\\app\\Http\\Controllers\\MailController.php:66)
[stacktrace]
#0 E:\\Work\\laravel-vuetify\\app\\Http\\Controllers\\MailController.php(66): Illuminate\\Foundation\\Bootstrap\\HandleExceptions->handleError()
#1 E:\\Work\\laravel-vuetify\\vendor\\laravel\\framework\\src\\Illuminate\\Mail\\Mailer.php(242): App\\Http\\Controllers\\MailController->App\\Http\\Controllers\\{closure}()
#2 E:\\Work\\laravel-vuetify\\vendor\\laravel\\framework\\src\\Illuminate\\Support\\Facades\\Facade.php(239): Illuminate\\Mail\\Mailer->send()
#3 E:\\Work\\laravel-vuetify\\app\\Http\\Controllers\\MailController.php(69): Illuminate\\Support\\Facades\\Facade::__callStatic()
#4 [internal function]: App\\Http\\Controllers\\MailController->sendmail()
#5 E:\\Work\\laravel-vuetify\\vendor\\laravel\\framework\\src\\Illuminate\\Routing\\Controller.php(54): call_user_func_array()
#6 E:\\Work\\laravel-vuetify\\vendor\\laravel\\framework\\src\\Illuminate\\Routing\\ControllerDispatcher.php(45): Illuminate\\Routing\\Controller->callAction()
#7 E:\\Work\\laravel-vuetify\\vendor\\laravel\\framework\\src\\Illuminate\\Routing\\Route.php(219): Illuminate\\Routing\\ControllerDispatcher->dispatch()
#8 E:\\Work\\laravel-vuetify\\vendor\\laravel\\framework\\src\\Illuminate\\Routing\\Route.php(176): Illuminate\\Routing\\Route->runController()
#9 E:\\Work\\laravel-vuetify\\vendor\\laravel\\framework\\src\\Illuminate\\Routing\\Router.php(680): Illuminate\\Routing\\Route->run()
#10 E:\\Work\\laravel-vuetify\\vendor\\laravel\\framework\\src\\Illuminate\\Pipeline\\Pipeline.php(130): Illuminate\\Routing\\Router->Illuminate\\Routing\\{closure}()
#11 E:\\Work\\laravel-vuetify\\vendor\\tymon\\jwt-auth\\src\\Http\\Middleware\\Authenticate.php(32): Illuminate\\Pipeline\\Pipeline->Illuminate\\Pipeline\\{closure}()
#12 E:\\Work\\laravel-vuetify\\vendor\\laravel\\framework\\src\\Illuminate\\Pipeline\\Pipeline.php(171): Tymon\\JWTAuth\\Http\\Middleware\\Authenticate->handle()
#13 E:\\Work\\laravel-vuetify\\vendor\\laravel\\framework\\src\\Illuminate\\Routing\\Middleware\\SubstituteBindings.php(41): Illuminate\\Pipeline\\Pipeline->Illuminate\\Pipeline\\{closure}()
#14 E:\\Work\\laravel-vuetify\\vendor\\laravel\\framework\\src\\Illuminate\\Pipeline\\Pipeline.php(171): Illuminate\\Routing\\Middleware\\SubstituteBindings->handle()
#15 E:\\Work\\laravel-vuetify\\vendor\\laravel\\framework\\src\\Illuminate\\Routing\\Middleware\\ThrottleRequests.php(59): Illuminate\\Pipeline\\Pipeline->Illuminate\\Pipeline\\{closure}()
#16 E:\\Work\\laravel-vuetify\\vendor\\laravel\\framework\\src\\Illuminate\\Pipeline\\Pipeline.php(171): Illuminate\\Routing\\Middleware\\ThrottleRequests->handle()
#17 E:\\Work\\laravel-vuetify\\vendor\\laravel\\framework\\src\\Illuminate\\Pipeline\\Pipeline.php(105): Illuminate\\Pipeline\\Pipeline->Illuminate\\Pipeline\\{closure}()
#18 E:\\Work\\laravel-vuetify\\vendor\\laravel\\framework\\src\\Illuminate\\Routing\\Router.php(682): Illuminate\\Pipeline\\Pipeline->then()
#19 E:\\Work\\laravel-vuetify\\vendor\\laravel\\framework\\src\\Illuminate\\Routing\\Router.php(657): Illuminate\\Routing\\Router->runRouteWithinStack()
#20 E:\\Work\\laravel-vuetify\\vendor\\laravel\\framework\\src\\Illuminate\\Routing\\Router.php(623): Illuminate\\Routing\\Router->runRoute()
#21 E:\\Work\\laravel-vuetify\\vendor\\laravel\\framework\\src\\Illuminate\\Routing\\Router.php(612): Illuminate\\Routing\\Router->dispatchToRoute()
#22 E:\\Work\\laravel-vuetify\\vendor\\laravel\\framework\\src\\Illuminate\\Foundation\\Http\\Kernel.php(176): Illuminate\\Routing\\Router->dispatch()
#23 E:\\Work\\laravel-vuetify\\vendor\\laravel\\framework\\src\\Illuminate\\Pipeline\\Pipeline.php(130): Illuminate\\Foundation\\Http\\Kernel->Illuminate\\Foundation\\Http\\{closure}()
#24 E:\\Work\\laravel-vuetify\\vendor\\fideloper\\proxy\\src\\TrustProxies.php(57): Illuminate\\Pipeline\\Pipeline->Illuminate\\Pipeline\\{closure}()
#25 E:\\Work\\laravel-vuetify\\vendor\\laravel\\framework\\src\\Illuminate\\Pipeline\\Pipeline.php(171): Fideloper\\Proxy\\TrustProxies->handle()
#26 E:\\Work\\laravel-vuetify\\vendor\\laravel\\framework\\src\\Illuminate\\Foundation\\Http\\Middleware\\TransformsRequest.php(21): Illuminate\\Pipeline\\Pipeline->Illuminate\\Pipeline\\{closure}()
#27 E:\\Work\\laravel-vuetify\\vendor\\laravel\\framework\\src\\Illuminate\\Pipeline\\Pipeline.php(171): Illuminate\\Foundation\\Http\\Middleware\\TransformsRequest->handle()
#28 E:\\Work\\laravel-vuetify\\vendor\\laravel\\framework\\src\\Illuminate\\Foundation\\Http\\Middleware\\TransformsRequest.php(21): Illuminate\\Pipeline\\Pipeline->Illuminate\\Pipeline\\{closure}()
#29 E:\\Work\\laravel-vuetify\\vendor\\laravel\\framework\\src\\Illuminate\\Pipeline\\Pipeline.php(171): Illuminate\\Foundation\\Http\\Middleware\\TransformsRequest->handle()
#30 E:\\Work\\laravel-vuetify\\vendor\\laravel\\framework\\src\\Illuminate\\Foundation\\Http\\Middleware\\ValidatePostSize.php(27): Illuminate\\Pipeline\\Pipeline->Illuminate\\Pipeline\\{closure}()
#31 E:\\Work\\laravel-vuetify\\vendor\\laravel\\framework\\src\\Illuminate\\Pipeline\\Pipeline.php(171): Illuminate\\Foundation\\Http\\Middleware\\ValidatePostSize->handle()
#32 E:\\Work\\laravel-vuetify\\vendor\\laravel\\framework\\src\\Illuminate\\Foundation\\Http\\Middleware\\CheckForMaintenanceMode.php(62): Illuminate\\Pipeline\\Pipeline->Illuminate\\Pipeline\\{closure}()
#33 E:\\Work\\laravel-vuetify\\vendor\\laravel\\framework\\src\\Illuminate\\Pipeline\\Pipeline.php(171): Illuminate\\Foundation\\Http\\Middleware\\CheckForMaintenanceMode->handle()
#34 E:\\Work\\laravel-vuetify\\vendor\\laravel\\framework\\src\\Illuminate\\Pipeline\\Pipeline.php(105): Illuminate\\Pipeline\\Pipeline->Illuminate\\Pipeline\\{closure}()
#35 E:\\Work\\laravel-vuetify\\vendor\\laravel\\framework\\src\\Illuminate\\Foundation\\Http\\Kernel.php(151): Illuminate\\Pipeline\\Pipeline->then()
#36 E:\\Work\\laravel-vuetify\\vendor\\laravel\\framework\\src\\Illuminate\\Foundation\\Http\\Kernel.php(116): Illuminate\\Foundation\\Http\\Kernel->sendRequestThroughRouter()
#37 E:\\Work\\laravel-vuetify\\public\\index.php(55): Illuminate\\Foundation\\Http\\Kernel->handle()
#38 E:\\Work\\laravel-vuetify\\server.php(21): require_once('E:\\\\Work\\\\laravel...')
#39 {main}
"} 
[2020-11-06 01:12:50] local.ERROR: Undefined variable: project {"userId":"648b5f34-eb0f-4454-a4ab-eef34b92b304","exception":"[object] (ErrorException(code: 0): Undefined variable: project at E:\\Work\\laravel-vuetify\\app\\Http\\Controllers\\MailController.php:66)
[stacktrace]
#0 E:\\Work\\laravel-vuetify\\app\\Http\\Controllers\\MailController.php(66): Illuminate\\Foundation\\Bootstrap\\HandleExceptions->handleError()
#1 E:\\Work\\laravel-vuetify\\vendor\\laravel\\framework\\src\\Illuminate\\Mail\\Mailer.php(242): App\\Http\\Controllers\\MailController->App\\Http\\Controllers\\{closure}()
#2 E:\\Work\\laravel-vuetify\\vendor\\laravel\\framework\\src\\Illuminate\\Support\\Facades\\Facade.php(239): Illuminate\\Mail\\Mailer->send()
#3 E:\\Work\\laravel-vuetify\\app\\Http\\Controllers\\MailController.php(70): Illuminate\\Support\\Facades\\Facade::__callStatic()
#4 [internal function]: App\\Http\\Controllers\\MailController->sendmail()
#5 E:\\Work\\laravel-vuetify\\vendor\\laravel\\framework\\src\\Illuminate\\Routing\\Controller.php(54): call_user_func_array()
#6 E:\\Work\\laravel-vuetify\\vendor\\laravel\\framework\\src\\Illuminate\\Routing\\ControllerDispatcher.php(45): Illuminate\\Routing\\Controller->callAction()
#7 E:\\Work\\laravel-vuetify\\vendor\\laravel\\framework\\src\\Illuminate\\Routing\\Route.php(219): Illuminate\\Routing\\ControllerDispatcher->dispatch()
#8 E:\\Work\\laravel-vuetify\\vendor\\laravel\\framework\\src\\Illuminate\\Routing\\Route.php(176): Illuminate\\Routing\\Route->runController()
#9 E:\\Work\\laravel-vuetify\\vendor\\laravel\\framework\\src\\Illuminate\\Routing\\Router.php(680): Illuminate\\Routing\\Route->run()
#10 E:\\Work\\laravel-vuetify\\vendor\\laravel\\framework\\src\\Illuminate\\Pipeline\\Pipeline.php(130): Illuminate\\Routing\\Router->Illuminate\\Routing\\{closure}()
#11 E:\\Work\\laravel-vuetify\\vendor\\tymon\\jwt-auth\\src\\Http\\Middleware\\Authenticate.php(32): Illuminate\\Pipeline\\Pipeline->Illuminate\\Pipeline\\{closure}()
#12 E:\\Work\\laravel-vuetify\\vendor\\laravel\\framework\\src\\Illuminate\\Pipeline\\Pipeline.php(171): Tymon\\JWTAuth\\Http\\Middleware\\Authenticate->handle()
#13 E:\\Work\\laravel-vuetify\\vendor\\laravel\\framework\\src\\Illuminate\\Routing\\Middleware\\SubstituteBindings.php(41): Illuminate\\Pipeline\\Pipeline->Illuminate\\Pipeline\\{closure}()
#14 E:\\Work\\laravel-vuetify\\vendor\\laravel\\framework\\src\\Illuminate\\Pipeline\\Pipeline.php(171): Illuminate\\Routing\\Middleware\\SubstituteBindings->handle()
#15 E:\\Work\\laravel-vuetify\\vendor\\laravel\\framework\\src\\Illuminate\\Routing\\Middleware\\ThrottleRequests.php(59): Illuminate\\Pipeline\\Pipeline->Illuminate\\Pipeline\\{closure}()
#16 E:\\Work\\laravel-vuetify\\vendor\\laravel\\framework\\src\\Illuminate\\Pipeline\\Pipeline.php(171): Illuminate\\Routing\\Middleware\\ThrottleRequests->handle()
#17 E:\\Work\\laravel-vuetify\\vendor\\laravel\\framework\\src\\Illuminate\\Pipeline\\Pipeline.php(105): Illuminate\\Pipeline\\Pipeline->Illuminate\\Pipeline\\{closure}()
#18 E:\\Work\\laravel-vuetify\\vendor\\laravel\\framework\\src\\Illuminate\\Routing\\Router.php(682): Illuminate\\Pipeline\\Pipeline->then()
#19 E:\\Work\\laravel-vuetify\\vendor\\laravel\\framework\\src\\Illuminate\\Routing\\Router.php(657): Illuminate\\Routing\\Router->runRouteWithinStack()
#20 E:\\Work\\laravel-vuetify\\vendor\\laravel\\framework\\src\\Illuminate\\Routing\\Router.php(623): Illuminate\\Routing\\Router->runRoute()
#21 E:\\Work\\laravel-vuetify\\vendor\\laravel\\framework\\src\\Illuminate\\Routing\\Router.php(612): Illuminate\\Routing\\Router->dispatchToRoute()
#22 E:\\Work\\laravel-vuetify\\vendor\\laravel\\framework\\src\\Illuminate\\Foundation\\Http\\Kernel.php(176): Illuminate\\Routing\\Router->dispatch()
#23 E:\\Work\\laravel-vuetify\\vendor\\laravel\\framework\\src\\Illuminate\\Pipeline\\Pipeline.php(130): Illuminate\\Foundation\\Http\\Kernel->Illuminate\\Foundation\\Http\\{closure}()
#24 E:\\Work\\laravel-vuetify\\vendor\\fideloper\\proxy\\src\\TrustProxies.php(57): Illuminate\\Pipeline\\Pipeline->Illuminate\\Pipeline\\{closure}()
#25 E:\\Work\\laravel-vuetify\\vendor\\laravel\\framework\\src\\Illuminate\\Pipeline\\Pipeline.php(171): Fideloper\\Proxy\\TrustProxies->handle()
#26 E:\\Work\\laravel-vuetify\\vendor\\laravel\\framework\\src\\Illuminate\\Foundation\\Http\\Middleware\\TransformsRequest.php(21): Illuminate\\Pipeline\\Pipeline->Illuminate\\Pipeline\\{closure}()
#27 E:\\Work\\laravel-vuetify\\vendor\\laravel\\framework\\src\\Illuminate\\Pipeline\\Pipeline.php(171): Illuminate\\Foundation\\Http\\Middleware\\TransformsRequest->handle()
#28 E:\\Work\\laravel-vuetify\\vendor\\laravel\\framework\\src\\Illuminate\\Foundation\\Http\\Middleware\\TransformsRequest.php(21): Illuminate\\Pipeline\\Pipeline->Illuminate\\Pipeline\\{closure}()
#29 E:\\Work\\laravel-vuetify\\vendor\\laravel\\framework\\src\\Illuminate\\Pipeline\\Pipeline.php(171): Illuminate\\Foundation\\Http\\Middleware\\TransformsRequest->handle()
#30 E:\\Work\\laravel-vuetify\\vendor\\laravel\\framework\\src\\Illuminate\\Foundation\\Http\\Middleware\\ValidatePostSize.php(27): Illuminate\\Pipeline\\Pipeline->Illuminate\\Pipeline\\{closure}()
#31 E:\\Work\\laravel-vuetify\\vendor\\laravel\\framework\\src\\Illuminate\\Pipeline\\Pipeline.php(171): Illuminate\\Foundation\\Http\\Middleware\\ValidatePostSize->handle()
#32 E:\\Work\\laravel-vuetify\\vendor\\laravel\\framework\\src\\Illuminate\\Foundation\\Http\\Middleware\\CheckForMaintenanceMode.php(62): Illuminate\\Pipeline\\Pipeline->Illuminate\\Pipeline\\{closure}()
#33 E:\\Work\\laravel-vuetify\\vendor\\laravel\\framework\\src\\Illuminate\\Pipeline\\Pipeline.php(171): Illuminate\\Foundation\\Http\\Middleware\\CheckForMaintenanceMode->handle()
#34 E:\\Work\\laravel-vuetify\\vendor\\laravel\\framework\\src\\Illuminate\\Pipeline\\Pipeline.php(105): Illuminate\\Pipeline\\Pipeline->Illuminate\\Pipeline\\{closure}()
#35 E:\\Work\\laravel-vuetify\\vendor\\laravel\\framework\\src\\Illuminate\\Foundation\\Http\\Kernel.php(151): Illuminate\\Pipeline\\Pipeline->then()
#36 E:\\Work\\laravel-vuetify\\vendor\\laravel\\framework\\src\\Illuminate\\Foundation\\Http\\Kernel.php(116): Illuminate\\Foundation\\Http\\Kernel->sendRequestThroughRouter()
#37 E:\\Work\\laravel-vuetify\\public\\index.php(55): Illuminate\\Foundation\\Http\\Kernel->handle()
#38 E:\\Work\\laravel-vuetify\\server.php(21): require_once('E:\\\\Work\\\\laravel...')
#39 {main}
"} 
[2020-11-06 01:28:32] local.ERROR: View [email.pdf] not found. {"userId":"648b5f34-eb0f-4454-a4ab-eef34b92b304","exception":"[object] (InvalidArgumentException(code: 0): View [email.pdf] not found. at E:\\Work\\laravel-vuetify\\vendor\\laravel\\framework\\src\\Illuminate\\View\\FileViewFinder.php:137)
[stacktrace]
#0 E:\\Work\\laravel-vuetify\\vendor\\laravel\\framework\\src\\Illuminate\\View\\FileViewFinder.php(79): Illuminate\\View\\FileViewFinder->findInPaths()
#1 E:\\Work\\laravel-vuetify\\vendor\\laravel\\framework\\src\\Illuminate\\View\\Factory.php(131): Illuminate\\View\\FileViewFinder->find()
#2 E:\\Work\\laravel-vuetify\\vendor\\laravel\\framework\\src\\Illuminate\\Foundation\\helpers.php(971): Illuminate\\View\\Factory->make()
#3 E:\\Work\\laravel-vuetify\\app\\Http\\Controllers\\MailController.php(65): view()
#4 [internal function]: App\\Http\\Controllers\\MailController->sendmail()
#5 E:\\Work\\laravel-vuetify\\vendor\\laravel\\framework\\src\\Illuminate\\Routing\\Controller.php(54): call_user_func_array()
#6 E:\\Work\\laravel-vuetify\\vendor\\laravel\\framework\\src\\Illuminate\\Routing\\ControllerDispatcher.php(45): Illuminate\\Routing\\Controller->callAction()
#7 E:\\Work\\laravel-vuetify\\vendor\\laravel\\framework\\src\\Illuminate\\Routing\\Route.php(219): Illuminate\\Routing\\ControllerDispatcher->dispatch()
#8 E:\\Work\\laravel-vuetify\\vendor\\laravel\\framework\\src\\Illuminate\\Routing\\Route.php(176): Illuminate\\Routing\\Route->runController()
#9 E:\\Work\\laravel-vuetify\\vendor\\laravel\\framework\\src\\Illuminate\\Routing\\Router.php(680): Illuminate\\Routing\\Route->run()
#10 E:\\Work\\laravel-vuetify\\vendor\\laravel\\framework\\src\\Illuminate\\Pipeline\\Pipeline.php(130): Illuminate\\Routing\\Router->Illuminate\\Routing\\{closure}()
#11 E:\\Work\\laravel-vuetify\\vendor\\tymon\\jwt-auth\\src\\Http\\Middleware\\Authenticate.php(32): Illuminate\\Pipeline\\Pipeline->Illuminate\\Pipeline\\{closure}()
#12 E:\\Work\\laravel-vuetify\\vendor\\laravel\\framework\\src\\Illuminate\\Pipeline\\Pipeline.php(171): Tymon\\JWTAuth\\Http\\Middleware\\Authenticate->handle()
#13 E:\\Work\\laravel-vuetify\\vendor\\laravel\\framework\\src\\Illuminate\\Routing\\Middleware\\SubstituteBindings.php(41): Illuminate\\Pipeline\\Pipeline->Illuminate\\Pipeline\\{closure}()
#14 E:\\Work\\laravel-vuetify\\vendor\\laravel\\framework\\src\\Illuminate\\Pipeline\\Pipeline.php(171): Illuminate\\Routing\\Middleware\\SubstituteBindings->handle()
#15 E:\\Work\\laravel-vuetify\\vendor\\laravel\\framework\\src\\Illuminate\\Routing\\Middleware\\ThrottleRequests.php(59): Illuminate\\Pipeline\\Pipeline->Illuminate\\Pipeline\\{closure}()
#16 E:\\Work\\laravel-vuetify\\vendor\\laravel\\framework\\src\\Illuminate\\Pipeline\\Pipeline.php(171): Illuminate\\Routing\\Middleware\\ThrottleRequests->handle()
#17 E:\\Work\\laravel-vuetify\\vendor\\laravel\\framework\\src\\Illuminate\\Pipeline\\Pipeline.php(105): Illuminate\\Pipeline\\Pipeline->Illuminate\\Pipeline\\{closure}()
#18 E:\\Work\\laravel-vuetify\\vendor\\laravel\\framework\\src\\Illuminate\\Routing\\Router.php(682): Illuminate\\Pipeline\\Pipeline->then()
#19 E:\\Work\\laravel-vuetify\\vendor\\laravel\\framework\\src\\Illuminate\\Routing\\Router.php(657): Illuminate\\Routing\\Router->runRouteWithinStack()
#20 E:\\Work\\laravel-vuetify\\vendor\\laravel\\framework\\src\\Illuminate\\Routing\\Router.php(623): Illuminate\\Routing\\Router->runRoute()
#21 E:\\Work\\laravel-vuetify\\vendor\\laravel\\framework\\src\\Illuminate\\Routing\\Router.php(612): Illuminate\\Routing\\Router->dispatchToRoute()
#22 E:\\Work\\laravel-vuetify\\vendor\\laravel\\framework\\src\\Illuminate\\Foundation\\Http\\Kernel.php(176): Illuminate\\Routing\\Router->dispatch()
#23 E:\\Work\\laravel-vuetify\\vendor\\laravel\\framework\\src\\Illuminate\\Pipeline\\Pipeline.php(130): Illuminate\\Foundation\\Http\\Kernel->Illuminate\\Foundation\\Http\\{closure}()
#24 E:\\Work\\laravel-vuetify\\vendor\\fideloper\\proxy\\src\\TrustProxies.php(57): Illuminate\\Pipeline\\Pipeline->Illuminate\\Pipeline\\{closure}()
#25 E:\\Work\\laravel-vuetify\\vendor\\laravel\\framework\\src\\Illuminate\\Pipeline\\Pipeline.php(171): Fideloper\\Proxy\\TrustProxies->handle()
#26 E:\\Work\\laravel-vuetify\\vendor\\laravel\\framework\\src\\Illuminate\\Foundation\\Http\\Middleware\\TransformsRequest.php(21): Illuminate\\Pipeline\\Pipeline->Illuminate\\Pipeline\\{closure}()
#27 E:\\Work\\laravel-vuetify\\vendor\\laravel\\framework\\src\\Illuminate\\Pipeline\\Pipeline.php(171): Illuminate\\Foundation\\Http\\Middleware\\TransformsRequest->handle()
#28 E:\\Work\\laravel-vuetify\\vendor\\laravel\\framework\\src\\Illuminate\\Foundation\\Http\\Middleware\\TransformsRequest.php(21): Illuminate\\Pipeline\\Pipeline->Illuminate\\Pipeline\\{closure}()
#29 E:\\Work\\laravel-vuetify\\vendor\\laravel\\framework\\src\\Illuminate\\Pipeline\\Pipeline.php(171): Illuminate\\Foundation\\Http\\Middleware\\TransformsRequest->handle()
#30 E:\\Work\\laravel-vuetify\\vendor\\laravel\\framework\\src\\Illuminate\\Foundation\\Http\\Middleware\\ValidatePostSize.php(27): Illuminate\\Pipeline\\Pipeline->Illuminate\\Pipeline\\{closure}()
#31 E:\\Work\\laravel-vuetify\\vendor\\laravel\\framework\\src\\Illuminate\\Pipeline\\Pipeline.php(171): Illuminate\\Foundation\\Http\\Middleware\\ValidatePostSize->handle()
#32 E:\\Work\\laravel-vuetify\\vendor\\laravel\\framework\\src\\Illuminate\\Foundation\\Http\\Middleware\\CheckForMaintenanceMode.php(62): Illuminate\\Pipeline\\Pipeline->Illuminate\\Pipeline\\{closure}()
#33 E:\\Work\\laravel-vuetify\\vendor\\laravel\\framework\\src\\Illuminate\\Pipeline\\Pipeline.php(171): Illuminate\\Foundation\\Http\\Middleware\\CheckForMaintenanceMode->handle()
#34 E:\\Work\\laravel-vuetify\\vendor\\laravel\\framework\\src\\Illuminate\\Pipeline\\Pipeline.php(105): Illuminate\\Pipeline\\Pipeline->Illuminate\\Pipeline\\{closure}()
#35 E:\\Work\\laravel-vuetify\\vendor\\laravel\\framework\\src\\Illuminate\\Foundation\\Http\\Kernel.php(151): Illuminate\\Pipeline\\Pipeline->then()
#36 E:\\Work\\laravel-vuetify\\vendor\\laravel\\framework\\src\\Illuminate\\Foundation\\Http\\Kernel.php(116): Illuminate\\Foundation\\Http\\Kernel->sendRequestThroughRouter()
#37 E:\\Work\\laravel-vuetify\\public\\index.php(55): Illuminate\\Foundation\\Http\\Kernel->handle()
#38 E:\\Work\\laravel-vuetify\\server.php(21): require_once('E:\\\\Work\\\\laravel...')
#39 {main}
"} 
[2020-11-06 02:01:53] local.ERROR: The token has been blacklisted {"exception":"[object] (Tymon\\JWTAuth\\Exceptions\\TokenBlacklistedException(code: 0): The token has been blacklisted at E:\\Work\\laravel-vuetify\\vendor\\tymon\\jwt-auth\\src\\Manager.php:109)
[stacktrace]
#0 E:\\Work\\laravel-vuetify\\vendor\\tymon\\jwt-auth\\src\\Manager.php(128): Tymon\\JWTAuth\\Manager->decode()
#1 E:\\Work\\laravel-vuetify\\vendor\\tymon\\jwt-auth\\src\\JWT.php(106): Tymon\\JWTAuth\\Manager->refresh()
#2 E:\\Work\\laravel-vuetify\\vendor\\tymon\\jwt-auth\\src\\JWTGuard.php(173): Tymon\\JWTAuth\\JWT->refresh()
#3 E:\\Work\\laravel-vuetify\\vendor\\laravel\\framework\\src\\Illuminate\\Auth\\AuthManager.php(297): Tymon\\JWTAuth\\JWTGuard->refresh()
#4 E:\\Work\\laravel-vuetify\\app\\Http\\Controllers\\Auth\\LoginController.php(60): Illuminate\\Auth\\AuthManager->__call()
#5 [internal function]: App\\Http\\Controllers\\Auth\\LoginController->refresh()
#6 E:\\Work\\laravel-vuetify\\vendor\\laravel\\framework\\src\\Illuminate\\Routing\\Controller.php(54): call_user_func_array()
#7 E:\\Work\\laravel-vuetify\\vendor\\laravel\\framework\\src\\Illuminate\\Routing\\ControllerDispatcher.php(45): Illuminate\\Routing\\Controller->callAction()
#8 E:\\Work\\laravel-vuetify\\vendor\\laravel\\framework\\src\\Illuminate\\Routing\\Route.php(219): Illuminate\\Routing\\ControllerDispatcher->dispatch()
#9 E:\\Work\\laravel-vuetify\\vendor\\laravel\\framework\\src\\Illuminate\\Routing\\Route.php(176): Illuminate\\Routing\\Route->runController()
#10 E:\\Work\\laravel-vuetify\\vendor\\laravel\\framework\\src\\Illuminate\\Routing\\Router.php(680): Illuminate\\Routing\\Route->run()
#11 E:\\Work\\laravel-vuetify\\vendor\\laravel\\framework\\src\\Illuminate\\Pipeline\\Pipeline.php(130): Illuminate\\Routing\\Router->Illuminate\\Routing\\{closure}()
#12 E:\\Work\\laravel-vuetify\\app\\Http\\Middleware\\RedirectIfAuthenticated.php(24): Illuminate\\Pipeline\\Pipeline->Illuminate\\Pipeline\\{closure}()
#13 E:\\Work\\laravel-vuetify\\vendor\\laravel\\framework\\src\\Illuminate\\Pipeline\\Pipeline.php(171): App\\Http\\Middleware\\RedirectIfAuthenticated->handle()
#14 E:\\Work\\laravel-vuetify\\vendor\\laravel\\framework\\src\\Illuminate\\Routing\\Middleware\\SubstituteBindings.php(41): Illuminate\\Pipeline\\Pipeline->Illuminate\\Pipeline\\{closure}()
#15 E:\\Work\\laravel-vuetify\\vendor\\laravel\\framework\\src\\Illuminate\\Pipeline\\Pipeline.php(171): Illuminate\\Routing\\Middleware\\SubstituteBindings->handle()
#16 E:\\Work\\laravel-vuetify\\vendor\\laravel\\framework\\src\\Illuminate\\Routing\\Middleware\\ThrottleRequests.php(59): Illuminate\\Pipeline\\Pipeline->Illuminate\\Pipeline\\{closure}()
#17 E:\\Work\\laravel-vuetify\\vendor\\laravel\\framework\\src\\Illuminate\\Pipeline\\Pipeline.php(171): Illuminate\\Routing\\Middleware\\ThrottleRequests->handle()
#18 E:\\Work\\laravel-vuetify\\vendor\\laravel\\framework\\src\\Illuminate\\Pipeline\\Pipeline.php(105): Illuminate\\Pipeline\\Pipeline->Illuminate\\Pipeline\\{closure}()
#19 E:\\Work\\laravel-vuetify\\vendor\\laravel\\framework\\src\\Illuminate\\Routing\\Router.php(682): Illuminate\\Pipeline\\Pipeline->then()
#20 E:\\Work\\laravel-vuetify\\vendor\\laravel\\framework\\src\\Illuminate\\Routing\\Router.php(657): Illuminate\\Routing\\Router->runRouteWithinStack()
#21 E:\\Work\\laravel-vuetify\\vendor\\laravel\\framework\\src\\Illuminate\\Routing\\Router.php(623): Illuminate\\Routing\\Router->runRoute()
#22 E:\\Work\\laravel-vuetify\\vendor\\laravel\\framework\\src\\Illuminate\\Routing\\Router.php(612): Illuminate\\Routing\\Router->dispatchToRoute()
#23 E:\\Work\\laravel-vuetify\\vendor\\laravel\\framework\\src\\Illuminate\\Foundation\\Http\\Kernel.php(176): Illuminate\\Routing\\Router->dispatch()
#24 E:\\Work\\laravel-vuetify\\vendor\\laravel\\framework\\src\\Illuminate\\Pipeline\\Pipeline.php(130): Illuminate\\Foundation\\Http\\Kernel->Illuminate\\Foundation\\Http\\{closure}()
#25 E:\\Work\\laravel-vuetify\\vendor\\fideloper\\proxy\\src\\TrustProxies.php(57): Illuminate\\Pipeline\\Pipeline->Illuminate\\Pipeline\\{closure}()
#26 E:\\Work\\laravel-vuetify\\vendor\\laravel\\framework\\src\\Illuminate\\Pipeline\\Pipeline.php(171): Fideloper\\Proxy\\TrustProxies->handle()
#27 E:\\Work\\laravel-vuetify\\vendor\\laravel\\framework\\src\\Illuminate\\Foundation\\Http\\Middleware\\TransformsRequest.php(21): Illuminate\\Pipeline\\Pipeline->Illuminate\\Pipeline\\{closure}()
#28 E:\\Work\\laravel-vuetify\\vendor\\laravel\\framework\\src\\Illuminate\\Pipeline\\Pipeline.php(171): Illuminate\\Foundation\\Http\\Middleware\\TransformsRequest->handle()
#29 E:\\Work\\laravel-vuetify\\vendor\\laravel\\framework\\src\\Illuminate\\Foundation\\Http\\Middleware\\TransformsRequest.php(21): Illuminate\\Pipeline\\Pipeline->Illuminate\\Pipeline\\{closure}()
#30 E:\\Work\\laravel-vuetify\\vendor\\laravel\\framework\\src\\Illuminate\\Pipeline\\Pipeline.php(171): Illuminate\\Foundation\\Http\\Middleware\\TransformsRequest->handle()
#31 E:\\Work\\laravel-vuetify\\vendor\\laravel\\framework\\src\\Illuminate\\Foundation\\Http\\Middleware\\ValidatePostSize.php(27): Illuminate\\Pipeline\\Pipeline->Illuminate\\Pipeline\\{closure}()
#32 E:\\Work\\laravel-vuetify\\vendor\\laravel\\framework\\src\\Illuminate\\Pipeline\\Pipeline.php(171): Illuminate\\Foundation\\Http\\Middleware\\ValidatePostSize->handle()
#33 E:\\Work\\laravel-vuetify\\vendor\\laravel\\framework\\src\\Illuminate\\Foundation\\Http\\Middleware\\CheckForMaintenanceMode.php(62): Illuminate\\Pipeline\\Pipeline->Illuminate\\Pipeline\\{closure}()
#34 E:\\Work\\laravel-vuetify\\vendor\\laravel\\framework\\src\\Illuminate\\Pipeline\\Pipeline.php(171): Illuminate\\Foundation\\Http\\Middleware\\CheckForMaintenanceMode->handle()
#35 E:\\Work\\laravel-vuetify\\vendor\\laravel\\framework\\src\\Illuminate\\Pipeline\\Pipeline.php(105): Illuminate\\Pipeline\\Pipeline->Illuminate\\Pipeline\\{closure}()
#36 E:\\Work\\laravel-vuetify\\vendor\\laravel\\framework\\src\\Illuminate\\Foundation\\Http\\Kernel.php(151): Illuminate\\Pipeline\\Pipeline->then()
#37 E:\\Work\\laravel-vuetify\\vendor\\laravel\\framework\\src\\Illuminate\\Foundation\\Http\\Kernel.php(116): Illuminate\\Foundation\\Http\\Kernel->sendRequestThroughRouter()
#38 E:\\Work\\laravel-vuetify\\public\\index.php(55): Illuminate\\Foundation\\Http\\Kernel->handle()
#39 E:\\Work\\laravel-vuetify\\server.php(21): require_once('E:\\\\Work\\\\laravel...')
#40 {main}
"} 
[2020-11-06 02:01:53] local.ERROR: The token has been blacklisted {"exception":"[object] (Tymon\\JWTAuth\\Exceptions\\TokenBlacklistedException(code: 0): The token has been blacklisted at E:\\Work\\laravel-vuetify\\vendor\\tymon\\jwt-auth\\src\\Manager.php:109)
[stacktrace]
#0 E:\\Work\\laravel-vuetify\\vendor\\tymon\\jwt-auth\\src\\Manager.php(128): Tymon\\JWTAuth\\Manager->decode()
#1 E:\\Work\\laravel-vuetify\\vendor\\tymon\\jwt-auth\\src\\JWT.php(106): Tymon\\JWTAuth\\Manager->refresh()
#2 E:\\Work\\laravel-vuetify\\vendor\\tymon\\jwt-auth\\src\\JWTGuard.php(173): Tymon\\JWTAuth\\JWT->refresh()
#3 E:\\Work\\laravel-vuetify\\vendor\\laravel\\framework\\src\\Illuminate\\Auth\\AuthManager.php(297): Tymon\\JWTAuth\\JWTGuard->refresh()
#4 E:\\Work\\laravel-vuetify\\app\\Http\\Controllers\\Auth\\LoginController.php(60): Illuminate\\Auth\\AuthManager->__call()
#5 [internal function]: App\\Http\\Controllers\\Auth\\LoginController->refresh()
#6 E:\\Work\\laravel-vuetify\\vendor\\laravel\\framework\\src\\Illuminate\\Routing\\Controller.php(54): call_user_func_array()
#7 E:\\Work\\laravel-vuetify\\vendor\\laravel\\framework\\src\\Illuminate\\Routing\\ControllerDispatcher.php(45): Illuminate\\Routing\\Controller->callAction()
#8 E:\\Work\\laravel-vuetify\\vendor\\laravel\\framework\\src\\Illuminate\\Routing\\Route.php(219): Illuminate\\Routing\\ControllerDispatcher->dispatch()
#9 E:\\Work\\laravel-vuetify\\vendor\\laravel\\framework\\src\\Illuminate\\Routing\\Route.php(176): Illuminate\\Routing\\Route->runController()
#10 E:\\Work\\laravel-vuetify\\vendor\\laravel\\framework\\src\\Illuminate\\Routing\\Router.php(680): Illuminate\\Routing\\Route->run()
#11 E:\\Work\\laravel-vuetify\\vendor\\laravel\\framework\\src\\Illuminate\\Pipeline\\Pipeline.php(130): Illuminate\\Routing\\Router->Illuminate\\Routing\\{closure}()
#12 E:\\Work\\laravel-vuetify\\app\\Http\\Middleware\\RedirectIfAuthenticated.php(24): Illuminate\\Pipeline\\Pipeline->Illuminate\\Pipeline\\{closure}()
#13 E:\\Work\\laravel-vuetify\\vendor\\laravel\\framework\\src\\Illuminate\\Pipeline\\Pipeline.php(171): App\\Http\\Middleware\\RedirectIfAuthenticated->handle()
#14 E:\\Work\\laravel-vuetify\\vendor\\laravel\\framework\\src\\Illuminate\\Routing\\Middleware\\SubstituteBindings.php(41): Illuminate\\Pipeline\\Pipeline->Illuminate\\Pipeline\\{closure}()
#15 E:\\Work\\laravel-vuetify\\vendor\\laravel\\framework\\src\\Illuminate\\Pipeline\\Pipeline.php(171): Illuminate\\Routing\\Middleware\\SubstituteBindings->handle()
#16 E:\\Work\\laravel-vuetify\\vendor\\laravel\\framework\\src\\Illuminate\\Routing\\Middleware\\ThrottleRequests.php(59): Illuminate\\Pipeline\\Pipeline->Illuminate\\Pipeline\\{closure}()
#17 E:\\Work\\laravel-vuetify\\vendor\\laravel\\framework\\src\\Illuminate\\Pipeline\\Pipeline.php(171): Illuminate\\Routing\\Middleware\\ThrottleRequests->handle()
#18 E:\\Work\\laravel-vuetify\\vendor\\laravel\\framework\\src\\Illuminate\\Pipeline\\Pipeline.php(105): Illuminate\\Pipeline\\Pipeline->Illuminate\\Pipeline\\{closure}()
#19 E:\\Work\\laravel-vuetify\\vendor\\laravel\\framework\\src\\Illuminate\\Routing\\Router.php(682): Illuminate\\Pipeline\\Pipeline->then()
#20 E:\\Work\\laravel-vuetify\\vendor\\laravel\\framework\\src\\Illuminate\\Routing\\Router.php(657): Illuminate\\Routing\\Router->runRouteWithinStack()
#21 E:\\Work\\laravel-vuetify\\vendor\\laravel\\framework\\src\\Illuminate\\Routing\\Router.php(623): Illuminate\\Routing\\Router->runRoute()
#22 E:\\Work\\laravel-vuetify\\vendor\\laravel\\framework\\src\\Illuminate\\Routing\\Router.php(612): Illuminate\\Routing\\Router->dispatchToRoute()
#23 E:\\Work\\laravel-vuetify\\vendor\\laravel\\framework\\src\\Illuminate\\Foundation\\Http\\Kernel.php(176): Illuminate\\Routing\\Router->dispatch()
#24 E:\\Work\\laravel-vuetify\\vendor\\laravel\\framework\\src\\Illuminate\\Pipeline\\Pipeline.php(130): Illuminate\\Foundation\\Http\\Kernel->Illuminate\\Foundation\\Http\\{closure}()
#25 E:\\Work\\laravel-vuetify\\vendor\\fideloper\\proxy\\src\\TrustProxies.php(57): Illuminate\\Pipeline\\Pipeline->Illuminate\\Pipeline\\{closure}()
#26 E:\\Work\\laravel-vuetify\\vendor\\laravel\\framework\\src\\Illuminate\\Pipeline\\Pipeline.php(171): Fideloper\\Proxy\\TrustProxies->handle()
#27 E:\\Work\\laravel-vuetify\\vendor\\laravel\\framework\\src\\Illuminate\\Foundation\\Http\\Middleware\\TransformsRequest.php(21): Illuminate\\Pipeline\\Pipeline->Illuminate\\Pipeline\\{closure}()
#28 E:\\Work\\laravel-vuetify\\vendor\\laravel\\framework\\src\\Illuminate\\Pipeline\\Pipeline.php(171): Illuminate\\Foundation\\Http\\Middleware\\TransformsRequest->handle()
#29 E:\\Work\\laravel-vuetify\\vendor\\laravel\\framework\\src\\Illuminate\\Foundation\\Http\\Middleware\\TransformsRequest.php(21): Illuminate\\Pipeline\\Pipeline->Illuminate\\Pipeline\\{closure}()
#30 E:\\Work\\laravel-vuetify\\vendor\\laravel\\framework\\src\\Illuminate\\Pipeline\\Pipeline.php(171): Illuminate\\Foundation\\Http\\Middleware\\TransformsRequest->handle()
#31 E:\\Work\\laravel-vuetify\\vendor\\laravel\\framework\\src\\Illuminate\\Foundation\\Http\\Middleware\\ValidatePostSize.php(27): Illuminate\\Pipeline\\Pipeline->Illuminate\\Pipeline\\{closure}()
#32 E:\\Work\\laravel-vuetify\\vendor\\laravel\\framework\\src\\Illuminate\\Pipeline\\Pipeline.php(171): Illuminate\\Foundation\\Http\\Middleware\\ValidatePostSize->handle()
#33 E:\\Work\\laravel-vuetify\\vendor\\laravel\\framework\\src\\Illuminate\\Foundation\\Http\\Middleware\\CheckForMaintenanceMode.php(62): Illuminate\\Pipeline\\Pipeline->Illuminate\\Pipeline\\{closure}()
#34 E:\\Work\\laravel-vuetify\\vendor\\laravel\\framework\\src\\Illuminate\\Pipeline\\Pipeline.php(171): Illuminate\\Foundation\\Http\\Middleware\\CheckForMaintenanceMode->handle()
#35 E:\\Work\\laravel-vuetify\\vendor\\laravel\\framework\\src\\Illuminate\\Pipeline\\Pipeline.php(105): Illuminate\\Pipeline\\Pipeline->Illuminate\\Pipeline\\{closure}()
#36 E:\\Work\\laravel-vuetify\\vendor\\laravel\\framework\\src\\Illuminate\\Foundation\\Http\\Kernel.php(151): Illuminate\\Pipeline\\Pipeline->then()
#37 E:\\Work\\laravel-vuetify\\vendor\\laravel\\framework\\src\\Illuminate\\Foundation\\Http\\Kernel.php(116): Illuminate\\Foundation\\Http\\Kernel->sendRequestThroughRouter()
#38 E:\\Work\\laravel-vuetify\\public\\index.php(55): Illuminate\\Foundation\\Http\\Kernel->handle()
#39 E:\\Work\\laravel-vuetify\\server.php(21): require_once('E:\\\\Work\\\\laravel...')
#40 {main}
"} 
[2020-11-06 02:01:53] local.ERROR: The token has been blacklisted {"exception":"[object] (Tymon\\JWTAuth\\Exceptions\\TokenBlacklistedException(code: 0): The token has been blacklisted at E:\\Work\\laravel-vuetify\\vendor\\tymon\\jwt-auth\\src\\Manager.php:109)
[stacktrace]
#0 E:\\Work\\laravel-vuetify\\vendor\\tymon\\jwt-auth\\src\\Manager.php(128): Tymon\\JWTAuth\\Manager->decode()
#1 E:\\Work\\laravel-vuetify\\vendor\\tymon\\jwt-auth\\src\\JWT.php(106): Tymon\\JWTAuth\\Manager->refresh()
#2 E:\\Work\\laravel-vuetify\\vendor\\tymon\\jwt-auth\\src\\JWTGuard.php(173): Tymon\\JWTAuth\\JWT->refresh()
#3 E:\\Work\\laravel-vuetify\\vendor\\laravel\\framework\\src\\Illuminate\\Auth\\AuthManager.php(297): Tymon\\JWTAuth\\JWTGuard->refresh()
#4 E:\\Work\\laravel-vuetify\\app\\Http\\Controllers\\Auth\\LoginController.php(60): Illuminate\\Auth\\AuthManager->__call()
#5 [internal function]: App\\Http\\Controllers\\Auth\\LoginController->refresh()
#6 E:\\Work\\laravel-vuetify\\vendor\\laravel\\framework\\src\\Illuminate\\Routing\\Controller.php(54): call_user_func_array()
#7 E:\\Work\\laravel-vuetify\\vendor\\laravel\\framework\\src\\Illuminate\\Routing\\ControllerDispatcher.php(45): Illuminate\\Routing\\Controller->callAction()
#8 E:\\Work\\laravel-vuetify\\vendor\\laravel\\framework\\src\\Illuminate\\Routing\\Route.php(219): Illuminate\\Routing\\ControllerDispatcher->dispatch()
#9 E:\\Work\\laravel-vuetify\\vendor\\laravel\\framework\\src\\Illuminate\\Routing\\Route.php(176): Illuminate\\Routing\\Route->runController()
#10 E:\\Work\\laravel-vuetify\\vendor\\laravel\\framework\\src\\Illuminate\\Routing\\Router.php(680): Illuminate\\Routing\\Route->run()
#11 E:\\Work\\laravel-vuetify\\vendor\\laravel\\framework\\src\\Illuminate\\Pipeline\\Pipeline.php(130): Illuminate\\Routing\\Router->Illuminate\\Routing\\{closure}()
#12 E:\\Work\\laravel-vuetify\\app\\Http\\Middleware\\RedirectIfAuthenticated.php(24): Illuminate\\Pipeline\\Pipeline->Illuminate\\Pipeline\\{closure}()
#13 E:\\Work\\laravel-vuetify\\vendor\\laravel\\framework\\src\\Illuminate\\Pipeline\\Pipeline.php(171): App\\Http\\Middleware\\RedirectIfAuthenticated->handle()
#14 E:\\Work\\laravel-vuetify\\vendor\\laravel\\framework\\src\\Illuminate\\Routing\\Middleware\\SubstituteBindings.php(41): Illuminate\\Pipeline\\Pipeline->Illuminate\\Pipeline\\{closure}()
#15 E:\\Work\\laravel-vuetify\\vendor\\laravel\\framework\\src\\Illuminate\\Pipeline\\Pipeline.php(171): Illuminate\\Routing\\Middleware\\SubstituteBindings->handle()
#16 E:\\Work\\laravel-vuetify\\vendor\\laravel\\framework\\src\\Illuminate\\Routing\\Middleware\\ThrottleRequests.php(59): Illuminate\\Pipeline\\Pipeline->Illuminate\\Pipeline\\{closure}()
#17 E:\\Work\\laravel-vuetify\\vendor\\laravel\\framework\\src\\Illuminate\\Pipeline\\Pipeline.php(171): Illuminate\\Routing\\Middleware\\ThrottleRequests->handle()
#18 E:\\Work\\laravel-vuetify\\vendor\\laravel\\framework\\src\\Illuminate\\Pipeline\\Pipeline.php(105): Illuminate\\Pipeline\\Pipeline->Illuminate\\Pipeline\\{closure}()
#19 E:\\Work\\laravel-vuetify\\vendor\\laravel\\framework\\src\\Illuminate\\Routing\\Router.php(682): Illuminate\\Pipeline\\Pipeline->then()
#20 E:\\Work\\laravel-vuetify\\vendor\\laravel\\framework\\src\\Illuminate\\Routing\\Router.php(657): Illuminate\\Routing\\Router->runRouteWithinStack()
#21 E:\\Work\\laravel-vuetify\\vendor\\laravel\\framework\\src\\Illuminate\\Routing\\Router.php(623): Illuminate\\Routing\\Router->runRoute()
#22 E:\\Work\\laravel-vuetify\\vendor\\laravel\\framework\\src\\Illuminate\\Routing\\Router.php(612): Illuminate\\Routing\\Router->dispatchToRoute()
#23 E:\\Work\\laravel-vuetify\\vendor\\laravel\\framework\\src\\Illuminate\\Foundation\\Http\\Kernel.php(176): Illuminate\\Routing\\Router->dispatch()
#24 E:\\Work\\laravel-vuetify\\vendor\\laravel\\framework\\src\\Illuminate\\Pipeline\\Pipeline.php(130): Illuminate\\Foundation\\Http\\Kernel->Illuminate\\Foundation\\Http\\{closure}()
#25 E:\\Work\\laravel-vuetify\\vendor\\fideloper\\proxy\\src\\TrustProxies.php(57): Illuminate\\Pipeline\\Pipeline->Illuminate\\Pipeline\\{closure}()
#26 E:\\Work\\laravel-vuetify\\vendor\\laravel\\framework\\src\\Illuminate\\Pipeline\\Pipeline.php(171): Fideloper\\Proxy\\TrustProxies->handle()
#27 E:\\Work\\laravel-vuetify\\vendor\\laravel\\framework\\src\\Illuminate\\Foundation\\Http\\Middleware\\TransformsRequest.php(21): Illuminate\\Pipeline\\Pipeline->Illuminate\\Pipeline\\{closure}()
#28 E:\\Work\\laravel-vuetify\\vendor\\laravel\\framework\\src\\Illuminate\\Pipeline\\Pipeline.php(171): Illuminate\\Foundation\\Http\\Middleware\\TransformsRequest->handle()
#29 E:\\Work\\laravel-vuetify\\vendor\\laravel\\framework\\src\\Illuminate\\Foundation\\Http\\Middleware\\TransformsRequest.php(21): Illuminate\\Pipeline\\Pipeline->Illuminate\\Pipeline\\{closure}()
#30 E:\\Work\\laravel-vuetify\\vendor\\laravel\\framework\\src\\Illuminate\\Pipeline\\Pipeline.php(171): Illuminate\\Foundation\\Http\\Middleware\\TransformsRequest->handle()
#31 E:\\Work\\laravel-vuetify\\vendor\\laravel\\framework\\src\\Illuminate\\Foundation\\Http\\Middleware\\ValidatePostSize.php(27): Illuminate\\Pipeline\\Pipeline->Illuminate\\Pipeline\\{closure}()
#32 E:\\Work\\laravel-vuetify\\vendor\\laravel\\framework\\src\\Illuminate\\Pipeline\\Pipeline.php(171): Illuminate\\Foundation\\Http\\Middleware\\ValidatePostSize->handle()
#33 E:\\Work\\laravel-vuetify\\vendor\\laravel\\framework\\src\\Illuminate\\Foundation\\Http\\Middleware\\CheckForMaintenanceMode.php(62): Illuminate\\Pipeline\\Pipeline->Illuminate\\Pipeline\\{closure}()
#34 E:\\Work\\laravel-vuetify\\vendor\\laravel\\framework\\src\\Illuminate\\Pipeline\\Pipeline.php(171): Illuminate\\Foundation\\Http\\Middleware\\CheckForMaintenanceMode->handle()
#35 E:\\Work\\laravel-vuetify\\vendor\\laravel\\framework\\src\\Illuminate\\Pipeline\\Pipeline.php(105): Illuminate\\Pipeline\\Pipeline->Illuminate\\Pipeline\\{closure}()
#36 E:\\Work\\laravel-vuetify\\vendor\\laravel\\framework\\src\\Illuminate\\Foundation\\Http\\Kernel.php(151): Illuminate\\Pipeline\\Pipeline->then()
#37 E:\\Work\\laravel-vuetify\\vendor\\laravel\\framework\\src\\Illuminate\\Foundation\\Http\\Kernel.php(116): Illuminate\\Foundation\\Http\\Kernel->sendRequestThroughRouter()
#38 E:\\Work\\laravel-vuetify\\public\\index.php(55): Illuminate\\Foundation\\Http\\Kernel->handle()
#39 E:\\Work\\laravel-vuetify\\server.php(21): require_once('E:\\\\Work\\\\laravel...')
#40 {main}
"} 
[2020-11-06 02:01:53] local.ERROR: The token has been blacklisted {"exception":"[object] (Tymon\\JWTAuth\\Exceptions\\TokenBlacklistedException(code: 0): The token has been blacklisted at E:\\Work\\laravel-vuetify\\vendor\\tymon\\jwt-auth\\src\\Manager.php:109)
[stacktrace]
#0 E:\\Work\\laravel-vuetify\\vendor\\tymon\\jwt-auth\\src\\Manager.php(128): Tymon\\JWTAuth\\Manager->decode()
#1 E:\\Work\\laravel-vuetify\\vendor\\tymon\\jwt-auth\\src\\JWT.php(106): Tymon\\JWTAuth\\Manager->refresh()
#2 E:\\Work\\laravel-vuetify\\vendor\\tymon\\jwt-auth\\src\\JWTGuard.php(173): Tymon\\JWTAuth\\JWT->refresh()
#3 E:\\Work\\laravel-vuetify\\vendor\\laravel\\framework\\src\\Illuminate\\Auth\\AuthManager.php(297): Tymon\\JWTAuth\\JWTGuard->refresh()
#4 E:\\Work\\laravel-vuetify\\app\\Http\\Controllers\\Auth\\LoginController.php(60): Illuminate\\Auth\\AuthManager->__call()
#5 [internal function]: App\\Http\\Controllers\\Auth\\LoginController->refresh()
#6 E:\\Work\\laravel-vuetify\\vendor\\laravel\\framework\\src\\Illuminate\\Routing\\Controller.php(54): call_user_func_array()
#7 E:\\Work\\laravel-vuetify\\vendor\\laravel\\framework\\src\\Illuminate\\Routing\\ControllerDispatcher.php(45): Illuminate\\Routing\\Controller->callAction()
#8 E:\\Work\\laravel-vuetify\\vendor\\laravel\\framework\\src\\Illuminate\\Routing\\Route.php(219): Illuminate\\Routing\\ControllerDispatcher->dispatch()
#9 E:\\Work\\laravel-vuetify\\vendor\\laravel\\framework\\src\\Illuminate\\Routing\\Route.php(176): Illuminate\\Routing\\Route->runController()
#10 E:\\Work\\laravel-vuetify\\vendor\\laravel\\framework\\src\\Illuminate\\Routing\\Router.php(680): Illuminate\\Routing\\Route->run()
#11 E:\\Work\\laravel-vuetify\\vendor\\laravel\\framework\\src\\Illuminate\\Pipeline\\Pipeline.php(130): Illuminate\\Routing\\Router->Illuminate\\Routing\\{closure}()
#12 E:\\Work\\laravel-vuetify\\app\\Http\\Middleware\\RedirectIfAuthenticated.php(24): Illuminate\\Pipeline\\Pipeline->Illuminate\\Pipeline\\{closure}()
#13 E:\\Work\\laravel-vuetify\\vendor\\laravel\\framework\\src\\Illuminate\\Pipeline\\Pipeline.php(171): App\\Http\\Middleware\\RedirectIfAuthenticated->handle()
#14 E:\\Work\\laravel-vuetify\\vendor\\laravel\\framework\\src\\Illuminate\\Routing\\Middleware\\SubstituteBindings.php(41): Illuminate\\Pipeline\\Pipeline->Illuminate\\Pipeline\\{closure}()
#15 E:\\Work\\laravel-vuetify\\vendor\\laravel\\framework\\src\\Illuminate\\Pipeline\\Pipeline.php(171): Illuminate\\Routing\\Middleware\\SubstituteBindings->handle()
#16 E:\\Work\\laravel-vuetify\\vendor\\laravel\\framework\\src\\Illuminate\\Routing\\Middleware\\ThrottleRequests.php(59): Illuminate\\Pipeline\\Pipeline->Illuminate\\Pipeline\\{closure}()
#17 E:\\Work\\laravel-vuetify\\vendor\\laravel\\framework\\src\\Illuminate\\Pipeline\\Pipeline.php(171): Illuminate\\Routing\\Middleware\\ThrottleRequests->handle()
#18 E:\\Work\\laravel-vuetify\\vendor\\laravel\\framework\\src\\Illuminate\\Pipeline\\Pipeline.php(105): Illuminate\\Pipeline\\Pipeline->Illuminate\\Pipeline\\{closure}()
#19 E:\\Work\\laravel-vuetify\\vendor\\laravel\\framework\\src\\Illuminate\\Routing\\Router.php(682): Illuminate\\Pipeline\\Pipeline->then()
#20 E:\\Work\\laravel-vuetify\\vendor\\laravel\\framework\\src\\Illuminate\\Routing\\Router.php(657): Illuminate\\Routing\\Router->runRouteWithinStack()
#21 E:\\Work\\laravel-vuetify\\vendor\\laravel\\framework\\src\\Illuminate\\Routing\\Router.php(623): Illuminate\\Routing\\Router->runRoute()
#22 E:\\Work\\laravel-vuetify\\vendor\\laravel\\framework\\src\\Illuminate\\Routing\\Router.php(612): Illuminate\\Routing\\Router->dispatchToRoute()
#23 E:\\Work\\laravel-vuetify\\vendor\\laravel\\framework\\src\\Illuminate\\Foundation\\Http\\Kernel.php(176): Illuminate\\Routing\\Router->dispatch()
#24 E:\\Work\\laravel-vuetify\\vendor\\laravel\\framework\\src\\Illuminate\\Pipeline\\Pipeline.php(130): Illuminate\\Foundation\\Http\\Kernel->Illuminate\\Foundation\\Http\\{closure}()
#25 E:\\Work\\laravel-vuetify\\vendor\\fideloper\\proxy\\src\\TrustProxies.php(57): Illuminate\\Pipeline\\Pipeline->Illuminate\\Pipeline\\{closure}()
#26 E:\\Work\\laravel-vuetify\\vendor\\laravel\\framework\\src\\Illuminate\\Pipeline\\Pipeline.php(171): Fideloper\\Proxy\\TrustProxies->handle()
#27 E:\\Work\\laravel-vuetify\\vendor\\laravel\\framework\\src\\Illuminate\\Foundation\\Http\\Middleware\\TransformsRequest.php(21): Illuminate\\Pipeline\\Pipeline->Illuminate\\Pipeline\\{closure}()
#28 E:\\Work\\laravel-vuetify\\vendor\\laravel\\framework\\src\\Illuminate\\Pipeline\\Pipeline.php(171): Illuminate\\Foundation\\Http\\Middleware\\TransformsRequest->handle()
#29 E:\\Work\\laravel-vuetify\\vendor\\laravel\\framework\\src\\Illuminate\\Foundation\\Http\\Middleware\\TransformsRequest.php(21): Illuminate\\Pipeline\\Pipeline->Illuminate\\Pipeline\\{closure}()
#30 E:\\Work\\laravel-vuetify\\vendor\\laravel\\framework\\src\\Illuminate\\Pipeline\\Pipeline.php(171): Illuminate\\Foundation\\Http\\Middleware\\TransformsRequest->handle()
#31 E:\\Work\\laravel-vuetify\\vendor\\laravel\\framework\\src\\Illuminate\\Foundation\\Http\\Middleware\\ValidatePostSize.php(27): Illuminate\\Pipeline\\Pipeline->Illuminate\\Pipeline\\{closure}()
#32 E:\\Work\\laravel-vuetify\\vendor\\laravel\\framework\\src\\Illuminate\\Pipeline\\Pipeline.php(171): Illuminate\\Foundation\\Http\\Middleware\\ValidatePostSize->handle()
#33 E:\\Work\\laravel-vuetify\\vendor\\laravel\\framework\\src\\Illuminate\\Foundation\\Http\\Middleware\\CheckForMaintenanceMode.php(62): Illuminate\\Pipeline\\Pipeline->Illuminate\\Pipeline\\{closure}()
#34 E:\\Work\\laravel-vuetify\\vendor\\laravel\\framework\\src\\Illuminate\\Pipeline\\Pipeline.php(171): Illuminate\\Foundation\\Http\\Middleware\\CheckForMaintenanceMode->handle()
#35 E:\\Work\\laravel-vuetify\\vendor\\laravel\\framework\\src\\Illuminate\\Pipeline\\Pipeline.php(105): Illuminate\\Pipeline\\Pipeline->Illuminate\\Pipeline\\{closure}()
#36 E:\\Work\\laravel-vuetify\\vendor\\laravel\\framework\\src\\Illuminate\\Foundation\\Http\\Kernel.php(151): Illuminate\\Pipeline\\Pipeline->then()
#37 E:\\Work\\laravel-vuetify\\vendor\\laravel\\framework\\src\\Illuminate\\Foundation\\Http\\Kernel.php(116): Illuminate\\Foundation\\Http\\Kernel->sendRequestThroughRouter()
#38 E:\\Work\\laravel-vuetify\\public\\index.php(55): Illuminate\\Foundation\\Http\\Kernel->handle()
#39 E:\\Work\\laravel-vuetify\\server.php(21): require_once('E:\\\\Work\\\\laravel...')
#40 {main}
"} 
